{
  "C:/work/task2022Q3/react2023/graphiql-app/graphiql-app/src/components/loading.tsx": {
    "path": "C:/work/task2022Q3/react2023/graphiql-app/graphiql-app/src/components/loading.tsx",
    "statementMap": {
      "0": {
        "start": {
          "line": 5,
          "column": 0
        },
        "end": {
          "line": 15,
          "column": 1
        }
      },
      "1": {
        "start": {
          "line": 6,
          "column": 2
        },
        "end": {
          "line": 8,
          "column": 3
        }
      },
      "2": {
        "start": {
          "line": 7,
          "column": 4
        },
        "end": {
          "line": 7,
          "column": 165
        }
      },
      "3": {
        "start": {
          "line": 9,
          "column": 2
        },
        "end": {
          "line": 9,
          "column": 39
        }
      },
      "4": {
        "start": {
          "line": 10,
          "column": 2
        },
        "end": {
          "line": 10,
          "column": 39
        }
      },
      "5": {
        "start": {
          "line": 11,
          "column": 2
        },
        "end": {
          "line": 13,
          "column": 4
        }
      },
      "6": {
        "start": {
          "line": 12,
          "column": 4
        },
        "end": {
          "line": 12,
          "column": 125
        }
      },
      "7": {
        "start": {
          "line": 14,
          "column": 2
        },
        "end": {
          "line": 14,
          "column": 75
        }
      },
      "8": {
        "start": {
          "line": 18,
          "column": 2
        },
        "end": {
          "line": 26,
          "column": 11
        }
      },
      "9": {
        "start": {
          "line": 28,
          "column": 0
        },
        "end": {
          "line": 28,
          "column": 13
        }
      },
      "10": {
        "start": {
          "line": 31,
          "column": 0
        },
        "end": {
          "line": 31,
          "column": 28
        }
      },
      "11": {
        "start": {
          "line": 32,
          "column": 0
        },
        "end": {
          "line": 45,
          "column": 1
        }
      },
      "12": {
        "start": {
          "line": 33,
          "column": 2
        },
        "end": {
          "line": 33,
          "column": 39
        }
      },
      "13": {
        "start": {
          "line": 34,
          "column": 2
        },
        "end": {
          "line": 34,
          "column": 39
        }
      },
      "14": {
        "start": {
          "line": 35,
          "column": 2
        },
        "end": {
          "line": 44,
          "column": 5
        }
      },
      "15": {
        "start": {
          "line": 36,
          "column": 4
        },
        "end": {
          "line": 36,
          "column": 151
        }
      },
      "16": {
        "start": {
          "line": 37,
          "column": 4
        },
        "end": {
          "line": 43,
          "column": 7
        }
      },
      "17": {
        "start": {
          "line": 38,
          "column": 6
        },
        "end": {
          "line": 39,
          "column": 15
        }
      },
      "18": {
        "start": {
          "line": 39,
          "column": 8
        },
        "end": {
          "line": 39,
          "column": 15
        }
      },
      "19": {
        "start": {
          "line": 40,
          "column": 32
        },
        "end": {
          "line": 40,
          "column": 115
        }
      },
      "20": {
        "start": {
          "line": 41,
          "column": 6
        },
        "end": {
          "line": 42,
          "column": 54
        }
      },
      "21": {
        "start": {
          "line": 42,
          "column": 8
        },
        "end": {
          "line": 42,
          "column": 54
        }
      }
    },
    "fnMap": {
      "0": {
        "name": "(anonymous_0)",
        "decl": {
          "start": {
            "line": 11,
            "column": 24
          },
          "end": {
            "line": 11,
            "column": 25
          }
        },
        "loc": {
          "start": {
            "line": 11,
            "column": 38
          },
          "end": {
            "line": 13,
            "column": 3
          }
        },
        "line": 11
      },
      "1": {
        "name": "Loading",
        "decl": {
          "start": {
            "line": 17,
            "column": 9
          },
          "end": {
            "line": 17,
            "column": 16
          }
        },
        "loc": {
          "start": {
            "line": 17,
            "column": 19
          },
          "end": {
            "line": 27,
            "column": 1
          }
        },
        "line": 17
      },
      "2": {
        "name": "(anonymous_2)",
        "decl": {
          "start": {
            "line": 35,
            "column": 52
          },
          "end": {
            "line": 35,
            "column": 53
          }
        },
        "loc": {
          "start": {
            "line": 35,
            "column": 72
          },
          "end": {
            "line": 44,
            "column": 3
          }
        },
        "line": 35
      },
      "3": {
        "name": "(anonymous_3)",
        "decl": {
          "start": {
            "line": 37,
            "column": 27
          },
          "end": {
            "line": 37,
            "column": 28
          }
        },
        "loc": {
          "start": {
            "line": 37,
            "column": 44
          },
          "end": {
            "line": 43,
            "column": 5
          }
        },
        "line": 37
      }
    },
    "branchMap": {
      "0": {
        "loc": {
          "start": {
            "line": 5,
            "column": 0
          },
          "end": {
            "line": 15,
            "column": 1
          }
        },
        "type": "if",
        "locations": [
          {
            "start": {
              "line": 5,
              "column": 0
            },
            "end": {
              "line": 15,
              "column": 1
            }
          },
          {
            "start": {},
            "end": {}
          }
        ],
        "line": 5
      },
      "1": {
        "loc": {
          "start": {
            "line": 6,
            "column": 2
          },
          "end": {
            "line": 8,
            "column": 3
          }
        },
        "type": "if",
        "locations": [
          {
            "start": {
              "line": 6,
              "column": 2
            },
            "end": {
              "line": 8,
              "column": 3
            }
          },
          {
            "start": {},
            "end": {}
          }
        ],
        "line": 6
      },
      "2": {
        "loc": {
          "start": {
            "line": 32,
            "column": 0
          },
          "end": {
            "line": 45,
            "column": 1
          }
        },
        "type": "if",
        "locations": [
          {
            "start": {
              "line": 32,
              "column": 0
            },
            "end": {
              "line": 45,
              "column": 1
            }
          },
          {
            "start": {},
            "end": {}
          }
        ],
        "line": 32
      },
      "3": {
        "loc": {
          "start": {
            "line": 38,
            "column": 6
          },
          "end": {
            "line": 39,
            "column": 15
          }
        },
        "type": "if",
        "locations": [
          {
            "start": {
              "line": 38,
              "column": 6
            },
            "end": {
              "line": 39,
              "column": 15
            }
          },
          {
            "start": {},
            "end": {}
          }
        ],
        "line": 38
      },
      "4": {
        "loc": {
          "start": {
            "line": 41,
            "column": 6
          },
          "end": {
            "line": 42,
            "column": 54
          }
        },
        "type": "if",
        "locations": [
          {
            "start": {
              "line": 41,
              "column": 6
            },
            "end": {
              "line": 42,
              "column": 54
            }
          },
          {
            "start": {},
            "end": {}
          }
        ],
        "line": 41
      }
    },
    "s": {
      "0": 5,
      "1": 5,
      "2": 0,
      "3": 5,
      "4": 5,
      "5": 5,
      "6": 5,
      "7": 5,
      "8": 36,
      "9": 5,
      "10": 5,
      "11": 5,
      "12": 5,
      "13": 5,
      "14": 5,
      "15": 5,
      "16": 5,
      "17": 0,
      "18": 0,
      "19": 0,
      "20": 0,
      "21": 0
    },
    "f": {
      "0": 5,
      "1": 36,
      "2": 5,
      "3": 0
    },
    "b": {
      "0": [
        5,
        0
      ],
      "1": [
        0,
        5
      ],
      "2": [
        5,
        0
      ],
      "3": [
        0,
        0
      ],
      "4": [
        0,
        0
      ]
    },
    "inputSourceMap": {
      "version": 3,
      "mappings": "AAKM;AALN,2BAA2BA;AAAc;AAAkB;AAAA;AAAA;AAAA;AAAA;AAAA;AAAA;AAAA;AAAA;AAAA;AAAA;AAAA;AAAA;AAE3D,SAASC,UAAU;AACjB,SACE,uBAAC,UAAO,GAAE,SACR,iCAAC,oBAAiB,iBAAe,MAAC,OAAM,aAAxC;AAAA;AAAA;AAAA;AAAA,SAAiD,KADnD;AAAA;AAAA;AAAA;AAAA,SAEA;AAEJ;AAACC,KANQD;AAOT,eAAeA;AAAQ,IAAAC;AAAAC,aAAAD,IAAA",
      "names": [
        "Center",
        "Loading",
        "_c",
        "$RefreshReg$"
      ],
      "sources": [
        "C:/work/task2022Q3/react2023/graphiql-app/graphiql-app/src/components/loading.tsx"
      ],
      "file": "C:/work/task2022Q3/react2023/graphiql-app/graphiql-app/src/components/loading.tsx"
    },
    "_coverageSchema": "1a1c01bbd47fc00a2c39e90264f33305004495a9",
    "hash": "f622f151fa0801a4ad13b8ce3f673b55a1b19cc4"
  },
  "C:/work/task2022Q3/react2023/graphiql-app/graphiql-app/src/style/CustomTheme.tsx": {
    "path": "C:/work/task2022Q3/react2023/graphiql-app/graphiql-app/src/style/CustomTheme.tsx",
    "statementMap": {
      "0": {
        "start": {
          "line": 2,
          "column": 14
        },
        "end": {
          "line": 58,
          "column": 2
        }
      }
    },
    "fnMap": {},
    "branchMap": {},
    "s": {
      "0": 5
    },
    "f": {},
    "b": {},
    "inputSourceMap": {
      "version": 3,
      "mappings": "AAAA,SAASA,mBAAmB;AAE5B,MAAMC,QAAQD,YAAY;AAAA,EACxBE,OAAO;AAAA,IACLC,MAAO;AAAA,EACT;AAAA,EACAC,YAAY;AAAA,IACVC,GAAG;AAAA,MACDC,UAAU,CAAC,QAAQ,MAAM;AAAA,MACzBC,YAAY;AAAA,IACd;AAAA,IACAC,GAAG;AAAA,MACDF,UAAU,CAAC,QAAQ,MAAM;AAAA,MACzBC,YAAY;AAAA,IACd;AAAA,IACAE,IAAI;AAAA,MACFC,YAAa;AAAA,IACf;AAAA,EACF;AAAA,EACAC,YAAY;AAAA,IACVC,QAAQ;AAAA,MACNC,WAAW;AAAA,QACTC,yBAAyB;AAAA,QACzBC,wBAAwB;AAAA,QACxBC,qBAAqB;AAAA,QACrBC,sBAAsB;AAAA,QACtBC,MAAM;AAAA,QACNC,SAAS;AAAA,QACTC,SAAS;AAAA,QACTC,QAAQ;AAAA,UAAEF,SAAS;AAAA,UAAKG,aAAa;AAAA,QAAU;AAAA,MACjD;AAAA,MACAC,MAAM;AAAA,QACJV,WAAW;AAAA,UACTP,UAAU,CAAC,QAAQ,MAAM;AAAA,UACzBC,YAAY;AAAA,QACd;AAAA,MACF;AAAA,MACAiB,SAAS;AAAA,QACPX,WAAW;AAAA,UACTH,YAAa;AAAA,UACbe,MAAM;AAAA,QACR;AAAA,MACF;AAAA,MACAC,MAAM;AAAA,QACJb,WAAW;AAAA,UACTP,UAAU,CAAC,QAAQ,MAAM;AAAA,UACzBC,YAAY;AAAA,UACZY,SAAS;AAAA,UACTE,QAAQ;AAAA,YAAEF,SAAS;AAAA,UAAI;AAAA,QACzB;AAAA,MACF;AAAA,IACF;AAAA,EACF;AACF,CAAC;AAED,eAAelB",
      "names": [
        "extendTheme",
        "theme",
        "fonts",
        "body",
        "textStyles",
        "p",
        "fontSize",
        "fontWeight",
        "a",
        "h2",
        "fontFamily",
        "components",
        "Button",
        "baseStyle",
        "borderBottomRightRadius",
        "borderBottomLeftRadius",
        "borderTopLeftRadius",
        "borderTopRightRadius",
        "minW",
        "opacity",
        "padding",
        "_hover",
        "borderColor",
        "Text",
        "Heading",
        "size",
        "Link"
      ],
      "sources": [
        "C:/work/task2022Q3/react2023/graphiql-app/graphiql-app/src/style/CustomTheme.tsx"
      ],
      "file": "C:/work/task2022Q3/react2023/graphiql-app/graphiql-app/src/style/CustomTheme.tsx"
    },
    "_coverageSchema": "1a1c01bbd47fc00a2c39e90264f33305004495a9",
    "hash": "8cf7e9ae3fe878d20c2733486a480e3c3aa32030"
  },
  "C:/work/task2022Q3/react2023/graphiql-app/graphiql-app/src/App.tsx": {
    "path": "C:/work/task2022Q3/react2023/graphiql-app/graphiql-app/src/App.tsx",
    "statementMap": {
      "0": {
        "start": {
          "line": 5,
          "column": 0
        },
        "end": {
          "line": 15,
          "column": 1
        }
      },
      "1": {
        "start": {
          "line": 6,
          "column": 2
        },
        "end": {
          "line": 8,
          "column": 3
        }
      },
      "2": {
        "start": {
          "line": 7,
          "column": 4
        },
        "end": {
          "line": 7,
          "column": 165
        }
      },
      "3": {
        "start": {
          "line": 9,
          "column": 2
        },
        "end": {
          "line": 9,
          "column": 39
        }
      },
      "4": {
        "start": {
          "line": 10,
          "column": 2
        },
        "end": {
          "line": 10,
          "column": 39
        }
      },
      "5": {
        "start": {
          "line": 11,
          "column": 2
        },
        "end": {
          "line": 13,
          "column": 4
        }
      },
      "6": {
        "start": {
          "line": 12,
          "column": 4
        },
        "end": {
          "line": 12,
          "column": 110
        }
      },
      "7": {
        "start": {
          "line": 14,
          "column": 2
        },
        "end": {
          "line": 14,
          "column": 75
        }
      },
      "8": {
        "start": {
          "line": 23,
          "column": 15
        },
        "end": {
          "line": 23,
          "column": 56
        }
      },
      "9": {
        "start": {
          "line": 23,
          "column": 31
        },
        "end": {
          "line": 23,
          "column": 55
        }
      },
      "10": {
        "start": {
          "line": 24,
          "column": 0
        },
        "end": {
          "line": 24,
          "column": 13
        }
      },
      "11": {
        "start": {
          "line": 26,
          "column": 2
        },
        "end": {
          "line": 62,
          "column": 11
        }
      },
      "12": {
        "start": {
          "line": 64,
          "column": 0
        },
        "end": {
          "line": 64,
          "column": 10
        }
      },
      "13": {
        "start": {
          "line": 67,
          "column": 0
        },
        "end": {
          "line": 67,
          "column": 32
        }
      },
      "14": {
        "start": {
          "line": 68,
          "column": 0
        },
        "end": {
          "line": 68,
          "column": 28
        }
      },
      "15": {
        "start": {
          "line": 69,
          "column": 0
        },
        "end": {
          "line": 69,
          "column": 25
        }
      },
      "16": {
        "start": {
          "line": 70,
          "column": 0
        },
        "end": {
          "line": 83,
          "column": 1
        }
      },
      "17": {
        "start": {
          "line": 71,
          "column": 2
        },
        "end": {
          "line": 71,
          "column": 39
        }
      },
      "18": {
        "start": {
          "line": 72,
          "column": 2
        },
        "end": {
          "line": 72,
          "column": 39
        }
      },
      "19": {
        "start": {
          "line": 73,
          "column": 2
        },
        "end": {
          "line": 82,
          "column": 5
        }
      },
      "20": {
        "start": {
          "line": 74,
          "column": 4
        },
        "end": {
          "line": 74,
          "column": 136
        }
      },
      "21": {
        "start": {
          "line": 75,
          "column": 4
        },
        "end": {
          "line": 81,
          "column": 7
        }
      },
      "22": {
        "start": {
          "line": 76,
          "column": 6
        },
        "end": {
          "line": 77,
          "column": 15
        }
      },
      "23": {
        "start": {
          "line": 77,
          "column": 8
        },
        "end": {
          "line": 77,
          "column": 15
        }
      },
      "24": {
        "start": {
          "line": 78,
          "column": 32
        },
        "end": {
          "line": 78,
          "column": 115
        }
      },
      "25": {
        "start": {
          "line": 79,
          "column": 6
        },
        "end": {
          "line": 80,
          "column": 54
        }
      },
      "26": {
        "start": {
          "line": 80,
          "column": 8
        },
        "end": {
          "line": 80,
          "column": 54
        }
      }
    },
    "fnMap": {
      "0": {
        "name": "(anonymous_0)",
        "decl": {
          "start": {
            "line": 11,
            "column": 24
          },
          "end": {
            "line": 11,
            "column": 25
          }
        },
        "loc": {
          "start": {
            "line": 11,
            "column": 38
          },
          "end": {
            "line": 13,
            "column": 3
          }
        },
        "line": 11
      },
      "1": {
        "name": "(anonymous_1)",
        "decl": {
          "start": {
            "line": 23,
            "column": 25
          },
          "end": {
            "line": 23,
            "column": 26
          }
        },
        "loc": {
          "start": {
            "line": 23,
            "column": 31
          },
          "end": {
            "line": 23,
            "column": 55
          }
        },
        "line": 23
      },
      "2": {
        "name": "App",
        "decl": {
          "start": {
            "line": 25,
            "column": 9
          },
          "end": {
            "line": 25,
            "column": 12
          }
        },
        "loc": {
          "start": {
            "line": 25,
            "column": 15
          },
          "end": {
            "line": 63,
            "column": 1
          }
        },
        "line": 25
      },
      "3": {
        "name": "(anonymous_3)",
        "decl": {
          "start": {
            "line": 73,
            "column": 52
          },
          "end": {
            "line": 73,
            "column": 53
          }
        },
        "loc": {
          "start": {
            "line": 73,
            "column": 72
          },
          "end": {
            "line": 82,
            "column": 3
          }
        },
        "line": 73
      },
      "4": {
        "name": "(anonymous_4)",
        "decl": {
          "start": {
            "line": 75,
            "column": 27
          },
          "end": {
            "line": 75,
            "column": 28
          }
        },
        "loc": {
          "start": {
            "line": 75,
            "column": 44
          },
          "end": {
            "line": 81,
            "column": 5
          }
        },
        "line": 75
      }
    },
    "branchMap": {
      "0": {
        "loc": {
          "start": {
            "line": 5,
            "column": 0
          },
          "end": {
            "line": 15,
            "column": 1
          }
        },
        "type": "if",
        "locations": [
          {
            "start": {
              "line": 5,
              "column": 0
            },
            "end": {
              "line": 15,
              "column": 1
            }
          },
          {
            "start": {},
            "end": {}
          }
        ],
        "line": 5
      },
      "1": {
        "loc": {
          "start": {
            "line": 6,
            "column": 2
          },
          "end": {
            "line": 8,
            "column": 3
          }
        },
        "type": "if",
        "locations": [
          {
            "start": {
              "line": 6,
              "column": 2
            },
            "end": {
              "line": 8,
              "column": 3
            }
          },
          {
            "start": {},
            "end": {}
          }
        ],
        "line": 6
      },
      "2": {
        "loc": {
          "start": {
            "line": 70,
            "column": 0
          },
          "end": {
            "line": 83,
            "column": 1
          }
        },
        "type": "if",
        "locations": [
          {
            "start": {
              "line": 70,
              "column": 0
            },
            "end": {
              "line": 83,
              "column": 1
            }
          },
          {
            "start": {},
            "end": {}
          }
        ],
        "line": 70
      },
      "3": {
        "loc": {
          "start": {
            "line": 76,
            "column": 6
          },
          "end": {
            "line": 77,
            "column": 15
          }
        },
        "type": "if",
        "locations": [
          {
            "start": {
              "line": 76,
              "column": 6
            },
            "end": {
              "line": 77,
              "column": 15
            }
          },
          {
            "start": {},
            "end": {}
          }
        ],
        "line": 76
      },
      "4": {
        "loc": {
          "start": {
            "line": 79,
            "column": 6
          },
          "end": {
            "line": 80,
            "column": 54
          }
        },
        "type": "if",
        "locations": [
          {
            "start": {
              "line": 79,
              "column": 6
            },
            "end": {
              "line": 80,
              "column": 54
            }
          },
          {
            "start": {},
            "end": {}
          }
        ],
        "line": 79
      }
    },
    "s": {
      "0": 5,
      "1": 5,
      "2": 0,
      "3": 5,
      "4": 5,
      "5": 5,
      "6": 15,
      "7": 5,
      "8": 5,
      "9": 5,
      "10": 5,
      "11": 10,
      "12": 5,
      "13": 5,
      "14": 5,
      "15": 5,
      "16": 5,
      "17": 5,
      "18": 5,
      "19": 5,
      "20": 5,
      "21": 5,
      "22": 0,
      "23": 0,
      "24": 0,
      "25": 0,
      "26": 0
    },
    "f": {
      "0": 15,
      "1": 5,
      "2": 10,
      "3": 5,
      "4": 0
    },
    "b": {
      "0": [
        5,
        0
      ],
      "1": [
        0,
        5
      ],
      "2": [
        5,
        0
      ],
      "3": [
        0,
        0
      ],
      "4": [
        0,
        0
      ]
    },
    "inputSourceMap": {
      "version": 3,
      "mappings": "AAYI,mBAEwB,cAFxB;AAZJ,2BAAsB;AAAQ,IAAkB;AAAA;AAAA;AAAA;AAAA;AAAA;AAAA;AAAA;AAAA;AAAA;AAAA;AAAA;AAAA;AAAA;AAChD,OAAO;AACP,SAASA,sBAAsB;AAC/B,SAASC,UAAUC,YAAY;AAC/B,OAAOC,aAAa;AACpB,OAAOC,WAAW;AAClB,SAASC,qBAAqB;AAE9B,MAAMC,SAASJ,KAAIK,KAACA,MAAM,OAAO,gBAAgB,CAAC;AAAEC,MAA9CF;AAEN,SAASG,MAAM;AACb,SACE,mCACE,iCAAC,kBAAe,OACd,iCAAC,YAAS,UAAU,uBAAC,aAAD;AAAA;AAAA;AAAA;AAAA,SAAQ,GAC1B,iCAAC,iBACC,iCAAC,iBACC,UACE,uBAAC,SACC,iCAAC,QAAG,0CAAJ;AAAA;AAAA;AAAA;AAAA,SAA8B,KADhC;AAAA;AAAA;AAAA;AAAA,SAEA,GAGF,iCAAC,YAAD;AAAA;AAAA;AAAA;AAAA,SAAO,KAPT;AAAA;AAAA;AAAA;AAAA,SAQA,KATF;AAAA;AAAA;AAAA;AAAA,SAUA,KAXF;AAAA;AAAA;AAAA;AAAA,SAYA,KAbF;AAAA;AAAA;AAAA;AAAA,SAcA,KAfF;AAAA;AAAA;AAAA;AAAA,SAgBA;AAEJ;AAACC,MApBQD;AAsBT,eAAeA;AAAI,IAAAF,IAAAC,KAAAE;AAAAC,aAAAJ,IAAA;AAAAI,aAAAH,KAAA;AAAAG,aAAAD,KAAA",
      "names": [
        "ChakraProvider",
        "Suspense",
        "lazy",
        "Loading",
        "theme",
        "ErrorBoundary",
        "Router",
        "_c",
        "_c2",
        "App",
        "_c3",
        "$RefreshReg$"
      ],
      "sources": [
        "C:/work/task2022Q3/react2023/graphiql-app/graphiql-app/src/App.tsx"
      ],
      "file": "C:/work/task2022Q3/react2023/graphiql-app/graphiql-app/src/App.tsx"
    },
    "_coverageSchema": "1a1c01bbd47fc00a2c39e90264f33305004495a9",
    "hash": "0ed37053a727c5dfdeb491a42b70868e343d3add"
  },
  "C:/work/task2022Q3/react2023/graphiql-app/graphiql-app/src/i18n.ts": {
    "path": "C:/work/task2022Q3/react2023/graphiql-app/graphiql-app/src/i18n.ts",
    "statementMap": {
      "0": {
        "start": {
          "line": 4,
          "column": 18
        },
        "end": {
          "line": 87,
          "column": 1
        }
      },
      "1": {
        "start": {
          "line": 88,
          "column": 0
        },
        "end": {
          "line": 95,
          "column": 3
        }
      }
    },
    "fnMap": {},
    "branchMap": {},
    "s": {
      "0": 5,
      "1": 5
    },
    "f": {},
    "b": {},
    "inputSourceMap": {
      "version": 3,
      "sources": [
        "C:/work/task2022Q3/react2023/graphiql-app/graphiql-app/src/i18n.ts"
      ],
      "mappings": "AAAA,OAAO,UAAU;AACjB,OAAO,cAAc;AACrB,SAAS,wBAAwB;AAEjC,MAAM,YAAY;AAAA,EAChB,IAAI;AAAA,IACF,aAAa;AAAA,MACX,MAAM;AAAA,MACN,cAAc;AAAA,MACd,YAAY;AAAA,MACZ,SAAS;AAAA,MACT,QAAQ;AAAA,MACR,QAAQ;AAAA,MACR,UAAU;AAAA,MACV,SAAS;AAAA,MACT,IAAI;AAAA,MACJ,OAAO;AAAA,MACP,UAAU;AAAA,MACV,UAAU;AAAA,MACV,YAAY;AAAA,MACZ,WAAW;AAAA,MACX,SAAS;AAAA,MACT,MAAM;AAAA,MACN,YAAY;AAAA,MACZ,YAAY;AAAA,MACZ,WAAW;AAAA,MACX,OAAO;AAAA,MACP,SAAS;AAAA,MACT,WAAW;AAAA,MACX,SAAS;AAAA,MACT,iBAAiB;AAAA,MACjB,gBAAgB;AAAA,MAChB,oBAAoB;AAAA,MACpB,aAAa;AAAA,MACb,kBAAkB;AAAA,MAClB,UACE;AAAA,MACF,WACE;AAAA,MACF,UACE;AAAA,MACF,kBAAkB;AAAA,MAClB,aACE;AAAA,MACF,iBAAiB;AAAA,MACjB,YACE;AAAA,MACF,YAAY;AAAA,MACZ,kBACE;AAAA,IACJ;AAAA,EACF;AAAA,EACA,IAAI;AAAA,IACF,aAAa;AAAA,MACX,MAAM;AAAA,MACN,cAAc;AAAA,MACd,YAAY;AAAA,MACZ,SAAS;AAAA,MACT,QAAQ;AAAA,MACR,QAAQ;AAAA,MACR,UAAU;AAAA,MACV,SAAS;AAAA,MACT,IAAI;AAAA,MACJ,OAAO;AAAA,MACP,UAAU;AAAA,MACV,UAAU;AAAA,MACV,YAAY;AAAA,MACZ,WAAW;AAAA,MACX,SAAS;AAAA,MACT,MAAM;AAAA,MACN,YAAY;AAAA,MACZ,YAAY;AAAA,MACZ,WAAW;AAAA,MACX,OAAO;AAAA,MACP,SAAS;AAAA,MACT,WAAW;AAAA,MACX,SAAS;AAAA,MACT,iBAAiB;AAAA,MACjB,gBAAgB;AAAA,MAChB,oBAAoB;AAAA,MACpB,aAAa;AAAA,MACb,kBACE;AAAA,MACF,UACE;AAAA,MACF,WACE;AAAA,MACF,UACE;AAAA,MACF,kBAAkB;AAAA,MAClB,aACE;AAAA,MACF,iBAAiB;AAAA,MACjB,YACE;AAAA,MACF,YAAY;AAAA,MACZ,kBAAkB;AAAA,IACpB;AAAA,EACF;AACF;AAEA,KACG,IAAI,QAAQ,EACZ,IAAI,gBAAgB,EACpB,KAAK;AAAA,EACJ;AAAA,EACA,aAAa;AAAA,EACb,cAAc;AAAA,EACd,eAAe;AAAA,IACb,aAAa;AAAA,EACf;AACF,CAAC;AAEH,eAAe;",
      "names": []
    },
    "_coverageSchema": "1a1c01bbd47fc00a2c39e90264f33305004495a9",
    "hash": "136b5d8698b135a75e8cf684b954888c6d3f321f"
  },
  "C:/work/task2022Q3/react2023/graphiql-app/graphiql-app/src/main.tsx": {
    "path": "C:/work/task2022Q3/react2023/graphiql-app/graphiql-app/src/main.tsx",
    "statementMap": {
      "0": {
        "start": {
          "line": 7,
          "column": 0
        },
        "end": {
          "line": 15,
          "column": 10
        }
      }
    },
    "fnMap": {},
    "branchMap": {},
    "s": {
      "0": 5
    },
    "f": {},
    "b": {},
    "inputSourceMap": {
      "version": 3,
      "mappings": "AAQI;AARJ,OAAOA,WAAW;AAClB,OAAOC,cAAc;AACrB,OAAOC,SAAS;AAChB,OAAO;AACP,OAAO;AAEPD,SAASE,WAAWC,SAASC,eAAe,MAAM,CAAgB,EAAEC,OAClE,uBAAC,MAAM,YAAN,EACC,iCAAC,SAAD;AAAA;AAAA;AAAA;AAAA,OAAI,KADN;AAAA;AAAA;AAAA;AAAA,OAEA,CACF",
      "names": [
        "React",
        "ReactDOM",
        "App",
        "createRoot",
        "document",
        "getElementById",
        "render"
      ],
      "sources": [
        "C:/work/task2022Q3/react2023/graphiql-app/graphiql-app/src/main.tsx"
      ],
      "file": "C:/work/task2022Q3/react2023/graphiql-app/graphiql-app/src/main.tsx"
    },
    "_coverageSchema": "1a1c01bbd47fc00a2c39e90264f33305004495a9",
    "hash": "f833a61986861d97f4663b8d8e8b957e0f64d3d6"
  },
  "C:/work/task2022Q3/react2023/graphiql-app/graphiql-app/src/pages/NotFound.tsx": {
    "path": "C:/work/task2022Q3/react2023/graphiql-app/graphiql-app/src/pages/NotFound.tsx",
    "statementMap": {
      "0": {
        "start": {
          "line": 5,
          "column": 0
        },
        "end": {
          "line": 15,
          "column": 1
        }
      },
      "1": {
        "start": {
          "line": 6,
          "column": 2
        },
        "end": {
          "line": 8,
          "column": 3
        }
      },
      "2": {
        "start": {
          "line": 7,
          "column": 4
        },
        "end": {
          "line": 7,
          "column": 165
        }
      },
      "3": {
        "start": {
          "line": 9,
          "column": 2
        },
        "end": {
          "line": 9,
          "column": 39
        }
      },
      "4": {
        "start": {
          "line": 10,
          "column": 2
        },
        "end": {
          "line": 10,
          "column": 39
        }
      },
      "5": {
        "start": {
          "line": 11,
          "column": 2
        },
        "end": {
          "line": 13,
          "column": 4
        }
      },
      "6": {
        "start": {
          "line": 12,
          "column": 4
        },
        "end": {
          "line": 12,
          "column": 121
        }
      },
      "7": {
        "start": {
          "line": 14,
          "column": 2
        },
        "end": {
          "line": 14,
          "column": 75
        }
      },
      "8": {
        "start": {
          "line": 16,
          "column": 9
        },
        "end": {
          "line": 16,
          "column": 23
        }
      },
      "9": {
        "start": {
          "line": 20,
          "column": 2
        },
        "end": {
          "line": 20,
          "column": 7
        }
      },
      "10": {
        "start": {
          "line": 23,
          "column": 6
        },
        "end": {
          "line": 23,
          "column": 22
        }
      },
      "11": {
        "start": {
          "line": 24,
          "column": 2
        },
        "end": {
          "line": 39,
          "column": 11
        }
      },
      "12": {
        "start": {
          "line": 41,
          "column": 0
        },
        "end": {
          "line": 43,
          "column": 3
        }
      },
      "13": {
        "start": {
          "line": 42,
          "column": 2
        },
        "end": {
          "line": 42,
          "column": 26
        }
      },
      "14": {
        "start": {
          "line": 44,
          "column": 0
        },
        "end": {
          "line": 44,
          "column": 14
        }
      },
      "15": {
        "start": {
          "line": 47,
          "column": 0
        },
        "end": {
          "line": 47,
          "column": 29
        }
      },
      "16": {
        "start": {
          "line": 48,
          "column": 0
        },
        "end": {
          "line": 61,
          "column": 1
        }
      },
      "17": {
        "start": {
          "line": 49,
          "column": 2
        },
        "end": {
          "line": 49,
          "column": 39
        }
      },
      "18": {
        "start": {
          "line": 50,
          "column": 2
        },
        "end": {
          "line": 50,
          "column": 39
        }
      },
      "19": {
        "start": {
          "line": 51,
          "column": 2
        },
        "end": {
          "line": 60,
          "column": 5
        }
      },
      "20": {
        "start": {
          "line": 52,
          "column": 4
        },
        "end": {
          "line": 52,
          "column": 147
        }
      },
      "21": {
        "start": {
          "line": 53,
          "column": 4
        },
        "end": {
          "line": 59,
          "column": 7
        }
      },
      "22": {
        "start": {
          "line": 54,
          "column": 6
        },
        "end": {
          "line": 55,
          "column": 15
        }
      },
      "23": {
        "start": {
          "line": 55,
          "column": 8
        },
        "end": {
          "line": 55,
          "column": 15
        }
      },
      "24": {
        "start": {
          "line": 56,
          "column": 32
        },
        "end": {
          "line": 56,
          "column": 115
        }
      },
      "25": {
        "start": {
          "line": 57,
          "column": 6
        },
        "end": {
          "line": 58,
          "column": 54
        }
      },
      "26": {
        "start": {
          "line": 58,
          "column": 8
        },
        "end": {
          "line": 58,
          "column": 54
        }
      }
    },
    "fnMap": {
      "0": {
        "name": "(anonymous_0)",
        "decl": {
          "start": {
            "line": 11,
            "column": 24
          },
          "end": {
            "line": 11,
            "column": 25
          }
        },
        "loc": {
          "start": {
            "line": 11,
            "column": 38
          },
          "end": {
            "line": 13,
            "column": 3
          }
        },
        "line": 11
      },
      "1": {
        "name": "NotFound",
        "decl": {
          "start": {
            "line": 19,
            "column": 9
          },
          "end": {
            "line": 19,
            "column": 17
          }
        },
        "loc": {
          "start": {
            "line": 19,
            "column": 20
          },
          "end": {
            "line": 40,
            "column": 1
          }
        },
        "line": 19
      },
      "2": {
        "name": "(anonymous_2)",
        "decl": {
          "start": {
            "line": 41,
            "column": 52
          },
          "end": {
            "line": 41,
            "column": 53
          }
        },
        "loc": {
          "start": {
            "line": 41,
            "column": 63
          },
          "end": {
            "line": 43,
            "column": 1
          }
        },
        "line": 41
      },
      "3": {
        "name": "(anonymous_3)",
        "decl": {
          "start": {
            "line": 51,
            "column": 52
          },
          "end": {
            "line": 51,
            "column": 53
          }
        },
        "loc": {
          "start": {
            "line": 51,
            "column": 72
          },
          "end": {
            "line": 60,
            "column": 3
          }
        },
        "line": 51
      },
      "4": {
        "name": "(anonymous_4)",
        "decl": {
          "start": {
            "line": 53,
            "column": 27
          },
          "end": {
            "line": 53,
            "column": 28
          }
        },
        "loc": {
          "start": {
            "line": 53,
            "column": 44
          },
          "end": {
            "line": 59,
            "column": 5
          }
        },
        "line": 53
      }
    },
    "branchMap": {
      "0": {
        "loc": {
          "start": {
            "line": 5,
            "column": 0
          },
          "end": {
            "line": 15,
            "column": 1
          }
        },
        "type": "if",
        "locations": [
          {
            "start": {
              "line": 5,
              "column": 0
            },
            "end": {
              "line": 15,
              "column": 1
            }
          },
          {
            "start": {},
            "end": {}
          }
        ],
        "line": 5
      },
      "1": {
        "loc": {
          "start": {
            "line": 6,
            "column": 2
          },
          "end": {
            "line": 8,
            "column": 3
          }
        },
        "type": "if",
        "locations": [
          {
            "start": {
              "line": 6,
              "column": 2
            },
            "end": {
              "line": 8,
              "column": 3
            }
          },
          {
            "start": {},
            "end": {}
          }
        ],
        "line": 6
      },
      "2": {
        "loc": {
          "start": {
            "line": 48,
            "column": 0
          },
          "end": {
            "line": 61,
            "column": 1
          }
        },
        "type": "if",
        "locations": [
          {
            "start": {
              "line": 48,
              "column": 0
            },
            "end": {
              "line": 61,
              "column": 1
            }
          },
          {
            "start": {},
            "end": {}
          }
        ],
        "line": 48
      },
      "3": {
        "loc": {
          "start": {
            "line": 54,
            "column": 6
          },
          "end": {
            "line": 55,
            "column": 15
          }
        },
        "type": "if",
        "locations": [
          {
            "start": {
              "line": 54,
              "column": 6
            },
            "end": {
              "line": 55,
              "column": 15
            }
          },
          {
            "start": {},
            "end": {}
          }
        ],
        "line": 54
      },
      "4": {
        "loc": {
          "start": {
            "line": 57,
            "column": 6
          },
          "end": {
            "line": 58,
            "column": 54
          }
        },
        "type": "if",
        "locations": [
          {
            "start": {
              "line": 57,
              "column": 6
            },
            "end": {
              "line": 58,
              "column": 54
            }
          },
          {
            "start": {},
            "end": {}
          }
        ],
        "line": 57
      }
    },
    "s": {
      "0": 5,
      "1": 5,
      "2": 0,
      "3": 5,
      "4": 5,
      "5": 5,
      "6": 5,
      "7": 5,
      "8": 5,
      "9": 0,
      "10": 0,
      "11": 0,
      "12": 5,
      "13": 0,
      "14": 5,
      "15": 5,
      "16": 5,
      "17": 5,
      "18": 5,
      "19": 5,
      "20": 5,
      "21": 5,
      "22": 0,
      "23": 0,
      "24": 0,
      "25": 0,
      "26": 0
    },
    "f": {
      "0": 5,
      "1": 0,
      "2": 0,
      "3": 5,
      "4": 0
    },
    "b": {
      "0": [
        5,
        0
      ],
      "1": [
        0,
        5
      ],
      "2": [
        5,
        0
      ],
      "3": [
        0,
        0
      ],
      "4": [
        0,
        0
      ]
    },
    "inputSourceMap": {
      "version": 3,
      "mappings": "AAcM;;;;;;;;;;;;;;;;AAdN,SAASA,MAAMC,YAAY;AAC3B,SAASC,sBAAsB;AAE/B,SAASC,WAAW;AAAAC,KAAA;AAClB,QAAM;AAAA,IAAEC;AAAAA,EAAE,IAAIH,eAAe;AAC7B,SACE,uBAAC,QACC,YAAY,UACZ,SAAS,UACT,SAAQ,UACR,OAAM,UACN,UAAS,KACT,KAAK,QAEL;AAAA,2BAAC,QAAK,UAAS,OAAM,mBAArB;AAAA;AAAA;AAAA;AAAA,WAAwB;AAAA,IACxB,uBAAC,QAAK,UAAS,OAAOG,YAAE,UAAU,KAAlC;AAAA;AAAA;AAAA;AAAA,WAAoC;AAAA,OATtC;AAAA;AAAA;AAAA;AAAA,SAUA;AAEJ;AAACD,GAfQD,UAAQ;AAAA,UACDD,cAAc;AAAA;AAAAI,KADrBH;AAgBT,eAAeA;AAAS,IAAAG;AAAAC,aAAAD,IAAA",
      "names": [
        "Text",
        "Flex",
        "useTranslation",
        "NotFound",
        "_s",
        "t",
        "_c",
        "$RefreshReg$"
      ],
      "sources": [
        "C:/work/task2022Q3/react2023/graphiql-app/graphiql-app/src/pages/NotFound.tsx"
      ],
      "file": "C:/work/task2022Q3/react2023/graphiql-app/graphiql-app/src/pages/NotFound.tsx"
    },
    "_coverageSchema": "1a1c01bbd47fc00a2c39e90264f33305004495a9",
    "hash": "8a26e8a2372db4a3cf0b592546219564fb730344"
  },
  "C:/work/task2022Q3/react2023/graphiql-app/graphiql-app/src/utils/request.ts": {
    "path": "C:/work/task2022Q3/react2023/graphiql-app/graphiql-app/src/utils/request.ts",
    "statementMap": {
      "0": {
        "start": {
          "line": 1,
          "column": 12
        },
        "end": {
          "line": 1,
          "column": 49
        }
      },
      "1": {
        "start": {
          "line": 3,
          "column": 2
        },
        "end": {
          "line": 15,
          "column": 3
        }
      },
      "2": {
        "start": {
          "line": 4,
          "column": 16
        },
        "end": {
          "line": 11,
          "column": 6
        }
      },
      "3": {
        "start": {
          "line": 12,
          "column": 4
        },
        "end": {
          "line": 12,
          "column": 22
        }
      },
      "4": {
        "start": {
          "line": 14,
          "column": 4
        },
        "end": {
          "line": 14,
          "column": 17
        }
      }
    },
    "fnMap": {
      "0": {
        "name": "makeRequest",
        "decl": {
          "start": {
            "line": 2,
            "column": 22
          },
          "end": {
            "line": 2,
            "column": 33
          }
        },
        "loc": {
          "start": {
            "line": 2,
            "column": 69
          },
          "end": {
            "line": 16,
            "column": 1
          }
        },
        "line": 2
      }
    },
    "branchMap": {
      "0": {
        "loc": {
          "start": {
            "line": 8,
            "column": 22
          },
          "end": {
            "line": 8,
            "column": 62
          }
        },
        "type": "cond-expr",
        "locations": [
          {
            "start": {
              "line": 8,
              "column": 40
            },
            "end": {
              "line": 8,
              "column": 55
            }
          },
          {
            "start": {
              "line": 8,
              "column": 58
            },
            "end": {
              "line": 8,
              "column": 62
            }
          }
        ],
        "line": 8
      },
      "1": {
        "loc": {
          "start": {
            "line": 10,
            "column": 58
          },
          "end": {
            "line": 10,
            "column": 86
          }
        },
        "type": "cond-expr",
        "locations": [
          {
            "start": {
              "line": 10,
              "column": 70
            },
            "end": {
              "line": 10,
              "column": 79
            }
          },
          {
            "start": {
              "line": 10,
              "column": 82
            },
            "end": {
              "line": 10,
              "column": 86
            }
          }
        ],
        "line": 10
      }
    },
    "s": {
      "0": 5,
      "1": 0,
      "2": 0,
      "3": 0,
      "4": 0
    },
    "f": {
      "0": 0
    },
    "b": {
      "0": [
        0,
        0
      ],
      "1": [
        0,
        0
      ]
    },
    "inputSourceMap": {
      "version": 3,
      "sources": [
        "C:/work/task2022Q3/react2023/graphiql-app/graphiql-app/src/utils/request.ts"
      ],
      "mappings": "AAAA,MAAM,MAAM;AAEZ,sBAAsB,YAAY,OAAe,WAAmB,iBAA0B;AAC5F,MAAI;AACF,UAAM,MAAM,MAAM,MAAM,KAAK;AAAA,MAC3B,QAAQ;AAAA,MACR,SAAS;AAAA,QACP,gBAAgB;AAAA,QAChB,GAAG,KAAK,MAAM,kBAAkB,kBAAkB,IAAI;AAAA,MACxD;AAAA,MACA,MAAM,KAAK,UAAU,EAAE,OAAc,WAAW,KAAK,MAAM,YAAY,YAAY,IAAI,EAAE,CAAC;AAAA,IAC5F,CAAC;AACD,WAAO,IAAI,KAAK;AAAA,EAClB,SAAS,OAAP;AACA,WAAO;AAAA,EACT;AACF;",
      "names": []
    },
    "_coverageSchema": "1a1c01bbd47fc00a2c39e90264f33305004495a9",
    "hash": "29a9e815ddb231c89d0c7ebb2f15410b1a4b498d"
  },
  "C:/work/task2022Q3/react2023/graphiql-app/graphiql-app/src/utils/validationJson.ts": {
    "path": "C:/work/task2022Q3/react2023/graphiql-app/graphiql-app/src/utils/validationJson.ts",
    "statementMap": {
      "0": {
        "start": {
          "line": 2,
          "column": 15
        },
        "end": {
          "line": 2,
          "column": 19
        }
      },
      "1": {
        "start": {
          "line": 3,
          "column": 16
        },
        "end": {
          "line": 3,
          "column": 18
        }
      },
      "2": {
        "start": {
          "line": 4,
          "column": 2
        },
        "end": {
          "line": 10,
          "column": 3
        }
      },
      "3": {
        "start": {
          "line": 5,
          "column": 4
        },
        "end": {
          "line": 5,
          "column": 52
        }
      },
      "4": {
        "start": {
          "line": 7,
          "column": 4
        },
        "end": {
          "line": 9,
          "column": 5
        }
      },
      "5": {
        "start": {
          "line": 8,
          "column": 6
        },
        "end": {
          "line": 8,
          "column": 30
        }
      },
      "6": {
        "start": {
          "line": 11,
          "column": 2
        },
        "end": {
          "line": 11,
          "column": 40
        }
      }
    },
    "fnMap": {
      "0": {
        "name": "validationJSON",
        "decl": {
          "start": {
            "line": 1,
            "column": 16
          },
          "end": {
            "line": 1,
            "column": 30
          }
        },
        "loc": {
          "start": {
            "line": 1,
            "column": 41
          },
          "end": {
            "line": 12,
            "column": 1
          }
        },
        "line": 1
      }
    },
    "branchMap": {
      "0": {
        "loc": {
          "start": {
            "line": 5,
            "column": 24
          },
          "end": {
            "line": 5,
            "column": 50
          }
        },
        "type": "cond-expr",
        "locations": [
          {
            "start": {
              "line": 5,
              "column": 35
            },
            "end": {
              "line": 5,
              "column": 43
            }
          },
          {
            "start": {
              "line": 5,
              "column": 46
            },
            "end": {
              "line": 5,
              "column": 50
            }
          }
        ],
        "line": 5
      },
      "1": {
        "loc": {
          "start": {
            "line": 7,
            "column": 4
          },
          "end": {
            "line": 9,
            "column": 5
          }
        },
        "type": "if",
        "locations": [
          {
            "start": {
              "line": 7,
              "column": 4
            },
            "end": {
              "line": 9,
              "column": 5
            }
          },
          {
            "start": {},
            "end": {}
          }
        ],
        "line": 7
      }
    },
    "s": {
      "0": 0,
      "1": 0,
      "2": 0,
      "3": 0,
      "4": 0,
      "5": 0,
      "6": 0
    },
    "f": {
      "0": 0
    },
    "b": {
      "0": [
        0,
        0
      ],
      "1": [
        0,
        0
      ]
    },
    "inputSourceMap": {
      "version": 3,
      "sources": [
        "C:/work/task2022Q3/react2023/graphiql-app/graphiql-app/src/utils/validationJson.ts"
      ],
      "mappings": "AAAO,gBAAS,eAAe,UAAkB;AAC/C,MAAI,SAAwB;AAC5B,MAAI,UAAU;AACd,MAAI;AACF,aAAS,KAAK,MAAM,WAAW,WAAW,IAAI;AAAA,EAChD,SAAS,OAAP;AACA,QAAI,iBAAiB,OAAO;AAC1B,gBAAU,MAAM;AAAA,IAClB;AAAA,EACF;AACA,SAAO,EAAE,SAAS,CAAC,CAAC,QAAQ,QAAQ;AACtC;",
      "names": []
    },
    "_coverageSchema": "1a1c01bbd47fc00a2c39e90264f33305004495a9",
    "hash": "a37afda5d91890c4d3ae0b44f200bd6f0c60c3ed"
  },
  "C:/work/task2022Q3/react2023/graphiql-app/graphiql-app/src/components/editorArea.tsx": {
    "path": "C:/work/task2022Q3/react2023/graphiql-app/graphiql-app/src/components/editorArea.tsx",
    "statementMap": {
      "0": {
        "start": {
          "line": 5,
          "column": 0
        },
        "end": {
          "line": 15,
          "column": 1
        }
      },
      "1": {
        "start": {
          "line": 6,
          "column": 2
        },
        "end": {
          "line": 8,
          "column": 3
        }
      },
      "2": {
        "start": {
          "line": 7,
          "column": 4
        },
        "end": {
          "line": 7,
          "column": 165
        }
      },
      "3": {
        "start": {
          "line": 9,
          "column": 2
        },
        "end": {
          "line": 9,
          "column": 39
        }
      },
      "4": {
        "start": {
          "line": 10,
          "column": 2
        },
        "end": {
          "line": 10,
          "column": 39
        }
      },
      "5": {
        "start": {
          "line": 11,
          "column": 2
        },
        "end": {
          "line": 13,
          "column": 4
        }
      },
      "6": {
        "start": {
          "line": 12,
          "column": 4
        },
        "end": {
          "line": 12,
          "column": 128
        }
      },
      "7": {
        "start": {
          "line": 14,
          "column": 2
        },
        "end": {
          "line": 14,
          "column": 75
        }
      },
      "8": {
        "start": {
          "line": 16,
          "column": 9
        },
        "end": {
          "line": 16,
          "column": 23
        }
      },
      "9": {
        "start": {
          "line": 23,
          "column": 15
        },
        "end": {
          "line": 23,
          "column": 56
        }
      },
      "10": {
        "start": {
          "line": 23,
          "column": 37
        },
        "end": {
          "line": 23,
          "column": 55
        }
      },
      "11": {
        "start": {
          "line": 24,
          "column": 0
        },
        "end": {
          "line": 24,
          "column": 13
        }
      },
      "12": {
        "start": {
          "line": 26,
          "column": 2
        },
        "end": {
          "line": 26,
          "column": 7
        }
      },
      "13": {
        "start": {
          "line": 27,
          "column": 32
        },
        "end": {
          "line": 27,
          "column": 44
        }
      },
      "14": {
        "start": {
          "line": 28,
          "column": 34
        },
        "end": {
          "line": 28,
          "column": 46
        }
      },
      "15": {
        "start": {
          "line": 29,
          "column": 36
        },
        "end": {
          "line": 29,
          "column": 48
        }
      },
      "16": {
        "start": {
          "line": 30,
          "column": 32
        },
        "end": {
          "line": 30,
          "column": 44
        }
      },
      "17": {
        "start": {
          "line": 31,
          "column": 46
        },
        "end": {
          "line": 31,
          "column": 58
        }
      },
      "18": {
        "start": {
          "line": 32,
          "column": 42
        },
        "end": {
          "line": 32,
          "column": 54
        }
      },
      "19": {
        "start": {
          "line": 33,
          "column": 50
        },
        "end": {
          "line": 33,
          "column": 65
        }
      },
      "20": {
        "start": {
          "line": 38,
          "column": 6
        },
        "end": {
          "line": 38,
          "column": 21
        }
      },
      "21": {
        "start": {
          "line": 43,
          "column": 6
        },
        "end": {
          "line": 43,
          "column": 21
        }
      },
      "22": {
        "start": {
          "line": 48,
          "column": 6
        },
        "end": {
          "line": 48,
          "column": 21
        }
      },
      "23": {
        "start": {
          "line": 53,
          "column": 6
        },
        "end": {
          "line": 53,
          "column": 21
        }
      },
      "24": {
        "start": {
          "line": 54,
          "column": 16
        },
        "end": {
          "line": 54,
          "column": 26
        }
      },
      "25": {
        "start": {
          "line": 55,
          "column": 29
        },
        "end": {
          "line": 55,
          "column": 64
        }
      },
      "26": {
        "start": {
          "line": 56,
          "column": 19
        },
        "end": {
          "line": 82,
          "column": 3
        }
      },
      "27": {
        "start": {
          "line": 57,
          "column": 29
        },
        "end": {
          "line": 57,
          "column": 62
        }
      },
      "28": {
        "start": {
          "line": 58,
          "column": 27
        },
        "end": {
          "line": 58,
          "column": 58
        }
      },
      "29": {
        "start": {
          "line": 59,
          "column": 4
        },
        "end": {
          "line": 81,
          "column": 5
        }
      },
      "30": {
        "start": {
          "line": 60,
          "column": 6
        },
        "end": {
          "line": 60,
          "column": 27
        }
      },
      "31": {
        "start": {
          "line": 61,
          "column": 11
        },
        "end": {
          "line": 81,
          "column": 5
        }
      },
      "32": {
        "start": {
          "line": 62,
          "column": 19
        },
        "end": {
          "line": 62,
          "column": 65
        }
      },
      "33": {
        "start": {
          "line": 63,
          "column": 6
        },
        "end": {
          "line": 74,
          "column": 7
        }
      },
      "34": {
        "start": {
          "line": 64,
          "column": 8
        },
        "end": {
          "line": 71,
          "column": 11
        }
      },
      "35": {
        "start": {
          "line": 73,
          "column": 8
        },
        "end": {
          "line": 73,
          "column": 51
        }
      },
      "36": {
        "start": {
          "line": 75,
          "column": 11
        },
        "end": {
          "line": 81,
          "column": 5
        }
      },
      "37": {
        "start": {
          "line": 76,
          "column": 6
        },
        "end": {
          "line": 76,
          "column": 59
        }
      },
      "38": {
        "start": {
          "line": 77,
          "column": 6
        },
        "end": {
          "line": 77,
          "column": 31
        }
      },
      "39": {
        "start": {
          "line": 78,
          "column": 11
        },
        "end": {
          "line": 81,
          "column": 5
        }
      },
      "40": {
        "start": {
          "line": 79,
          "column": 6
        },
        "end": {
          "line": 79,
          "column": 55
        }
      },
      "41": {
        "start": {
          "line": 80,
          "column": 6
        },
        "end": {
          "line": 80,
          "column": 29
        }
      },
      "42": {
        "start": {
          "line": 83,
          "column": 23
        },
        "end": {
          "line": 83,
          "column": 67
        }
      },
      "43": {
        "start": {
          "line": 83,
          "column": 29
        },
        "end": {
          "line": 83,
          "column": 67
        }
      },
      "44": {
        "start": {
          "line": 86,
          "column": 6
        },
        "end": {
          "line": 86,
          "column": 22
        }
      },
      "45": {
        "start": {
          "line": 87,
          "column": 2
        },
        "end": {
          "line": 373,
          "column": 11
        }
      },
      "46": {
        "start": {
          "line": 90,
          "column": 143
        },
        "end": {
          "line": 90,
          "column": 169
        }
      },
      "47": {
        "start": {
          "line": 237,
          "column": 148
        },
        "end": {
          "line": 237,
          "column": 176
        }
      },
      "48": {
        "start": {
          "line": 246,
          "column": 148
        },
        "end": {
          "line": 246,
          "column": 174
        }
      },
      "49": {
        "start": {
          "line": 375,
          "column": 0
        },
        "end": {
          "line": 377,
          "column": 3
        }
      },
      "50": {
        "start": {
          "line": 376,
          "column": 2
        },
        "end": {
          "line": 376,
          "column": 111
        }
      },
      "51": {
        "start": {
          "line": 378,
          "column": 0
        },
        "end": {
          "line": 378,
          "column": 17
        }
      },
      "52": {
        "start": {
          "line": 380,
          "column": 0
        },
        "end": {
          "line": 380,
          "column": 38
        }
      },
      "53": {
        "start": {
          "line": 381,
          "column": 0
        },
        "end": {
          "line": 381,
          "column": 28
        }
      },
      "54": {
        "start": {
          "line": 382,
          "column": 0
        },
        "end": {
          "line": 382,
          "column": 32
        }
      },
      "55": {
        "start": {
          "line": 383,
          "column": 0
        },
        "end": {
          "line": 396,
          "column": 1
        }
      },
      "56": {
        "start": {
          "line": 384,
          "column": 2
        },
        "end": {
          "line": 384,
          "column": 39
        }
      },
      "57": {
        "start": {
          "line": 385,
          "column": 2
        },
        "end": {
          "line": 385,
          "column": 39
        }
      },
      "58": {
        "start": {
          "line": 386,
          "column": 2
        },
        "end": {
          "line": 395,
          "column": 5
        }
      },
      "59": {
        "start": {
          "line": 387,
          "column": 4
        },
        "end": {
          "line": 387,
          "column": 154
        }
      },
      "60": {
        "start": {
          "line": 388,
          "column": 4
        },
        "end": {
          "line": 394,
          "column": 7
        }
      },
      "61": {
        "start": {
          "line": 389,
          "column": 6
        },
        "end": {
          "line": 390,
          "column": 15
        }
      },
      "62": {
        "start": {
          "line": 390,
          "column": 8
        },
        "end": {
          "line": 390,
          "column": 15
        }
      },
      "63": {
        "start": {
          "line": 391,
          "column": 32
        },
        "end": {
          "line": 391,
          "column": 115
        }
      },
      "64": {
        "start": {
          "line": 392,
          "column": 6
        },
        "end": {
          "line": 393,
          "column": 54
        }
      },
      "65": {
        "start": {
          "line": 393,
          "column": 8
        },
        "end": {
          "line": 393,
          "column": 54
        }
      }
    },
    "fnMap": {
      "0": {
        "name": "(anonymous_0)",
        "decl": {
          "start": {
            "line": 11,
            "column": 24
          },
          "end": {
            "line": 11,
            "column": 25
          }
        },
        "loc": {
          "start": {
            "line": 11,
            "column": 38
          },
          "end": {
            "line": 13,
            "column": 3
          }
        },
        "line": 11
      },
      "1": {
        "name": "(anonymous_1)",
        "decl": {
          "start": {
            "line": 23,
            "column": 31
          },
          "end": {
            "line": 23,
            "column": 32
          }
        },
        "loc": {
          "start": {
            "line": 23,
            "column": 37
          },
          "end": {
            "line": 23,
            "column": 55
          }
        },
        "line": 23
      },
      "2": {
        "name": "EditorArea",
        "decl": {
          "start": {
            "line": 25,
            "column": 16
          },
          "end": {
            "line": 25,
            "column": 26
          }
        },
        "loc": {
          "start": {
            "line": 25,
            "column": 29
          },
          "end": {
            "line": 374,
            "column": 1
          }
        },
        "line": 25
      },
      "3": {
        "name": "(anonymous_3)",
        "decl": {
          "start": {
            "line": 56,
            "column": 19
          },
          "end": {
            "line": 56,
            "column": 20
          }
        },
        "loc": {
          "start": {
            "line": 56,
            "column": 31
          },
          "end": {
            "line": 82,
            "column": 3
          }
        },
        "line": 56
      },
      "4": {
        "name": "(anonymous_4)",
        "decl": {
          "start": {
            "line": 83,
            "column": 23
          },
          "end": {
            "line": 83,
            "column": 24
          }
        },
        "loc": {
          "start": {
            "line": 83,
            "column": 29
          },
          "end": {
            "line": 83,
            "column": 67
          }
        },
        "line": 83
      },
      "5": {
        "name": "(anonymous_5)",
        "decl": {
          "start": {
            "line": 90,
            "column": 136
          },
          "end": {
            "line": 90,
            "column": 137
          }
        },
        "loc": {
          "start": {
            "line": 90,
            "column": 143
          },
          "end": {
            "line": 90,
            "column": 169
          }
        },
        "line": 90
      },
      "6": {
        "name": "(anonymous_6)",
        "decl": {
          "start": {
            "line": 237,
            "column": 141
          },
          "end": {
            "line": 237,
            "column": 142
          }
        },
        "loc": {
          "start": {
            "line": 237,
            "column": 148
          },
          "end": {
            "line": 237,
            "column": 176
          }
        },
        "line": 237
      },
      "7": {
        "name": "(anonymous_7)",
        "decl": {
          "start": {
            "line": 246,
            "column": 141
          },
          "end": {
            "line": 246,
            "column": 142
          }
        },
        "loc": {
          "start": {
            "line": 246,
            "column": 148
          },
          "end": {
            "line": 246,
            "column": 174
          }
        },
        "line": 246
      },
      "8": {
        "name": "(anonymous_8)",
        "decl": {
          "start": {
            "line": 375,
            "column": 54
          },
          "end": {
            "line": 375,
            "column": 55
          }
        },
        "loc": {
          "start": {
            "line": 375,
            "column": 65
          },
          "end": {
            "line": 377,
            "column": 1
          }
        },
        "line": 375
      },
      "9": {
        "name": "(anonymous_9)",
        "decl": {
          "start": {
            "line": 386,
            "column": 52
          },
          "end": {
            "line": 386,
            "column": 53
          }
        },
        "loc": {
          "start": {
            "line": 386,
            "column": 72
          },
          "end": {
            "line": 395,
            "column": 3
          }
        },
        "line": 386
      },
      "10": {
        "name": "(anonymous_10)",
        "decl": {
          "start": {
            "line": 388,
            "column": 27
          },
          "end": {
            "line": 388,
            "column": 28
          }
        },
        "loc": {
          "start": {
            "line": 388,
            "column": 44
          },
          "end": {
            "line": 394,
            "column": 5
          }
        },
        "line": 388
      }
    },
    "branchMap": {
      "0": {
        "loc": {
          "start": {
            "line": 5,
            "column": 0
          },
          "end": {
            "line": 15,
            "column": 1
          }
        },
        "type": "if",
        "locations": [
          {
            "start": {
              "line": 5,
              "column": 0
            },
            "end": {
              "line": 15,
              "column": 1
            }
          },
          {
            "start": {},
            "end": {}
          }
        ],
        "line": 5
      },
      "1": {
        "loc": {
          "start": {
            "line": 6,
            "column": 2
          },
          "end": {
            "line": 8,
            "column": 3
          }
        },
        "type": "if",
        "locations": [
          {
            "start": {
              "line": 6,
              "column": 2
            },
            "end": {
              "line": 8,
              "column": 3
            }
          },
          {
            "start": {},
            "end": {}
          }
        ],
        "line": 6
      },
      "2": {
        "loc": {
          "start": {
            "line": 59,
            "column": 4
          },
          "end": {
            "line": 81,
            "column": 5
          }
        },
        "type": "if",
        "locations": [
          {
            "start": {
              "line": 59,
              "column": 4
            },
            "end": {
              "line": 81,
              "column": 5
            }
          },
          {
            "start": {
              "line": 61,
              "column": 11
            },
            "end": {
              "line": 81,
              "column": 5
            }
          }
        ],
        "line": 59
      },
      "3": {
        "loc": {
          "start": {
            "line": 61,
            "column": 11
          },
          "end": {
            "line": 81,
            "column": 5
          }
        },
        "type": "if",
        "locations": [
          {
            "start": {
              "line": 61,
              "column": 11
            },
            "end": {
              "line": 81,
              "column": 5
            }
          },
          {
            "start": {
              "line": 75,
              "column": 11
            },
            "end": {
              "line": 81,
              "column": 5
            }
          }
        ],
        "line": 61
      },
      "4": {
        "loc": {
          "start": {
            "line": 61,
            "column": 15
          },
          "end": {
            "line": 61,
            "column": 49
          }
        },
        "type": "binary-expr",
        "locations": [
          {
            "start": {
              "line": 61,
              "column": 15
            },
            "end": {
              "line": 61,
              "column": 31
            }
          },
          {
            "start": {
              "line": 61,
              "column": 35
            },
            "end": {
              "line": 61,
              "column": 49
            }
          }
        ],
        "line": 61
      },
      "5": {
        "loc": {
          "start": {
            "line": 63,
            "column": 6
          },
          "end": {
            "line": 74,
            "column": 7
          }
        },
        "type": "if",
        "locations": [
          {
            "start": {
              "line": 63,
              "column": 6
            },
            "end": {
              "line": 74,
              "column": 7
            }
          },
          {
            "start": {
              "line": 72,
              "column": 13
            },
            "end": {
              "line": 74,
              "column": 7
            }
          }
        ],
        "line": 63
      },
      "6": {
        "loc": {
          "start": {
            "line": 63,
            "column": 10
          },
          "end": {
            "line": 63,
            "column": 36
          }
        },
        "type": "binary-expr",
        "locations": [
          {
            "start": {
              "line": 63,
              "column": 10
            },
            "end": {
              "line": 63,
              "column": 20
            }
          },
          {
            "start": {
              "line": 63,
              "column": 24
            },
            "end": {
              "line": 63,
              "column": 36
            }
          }
        ],
        "line": 63
      },
      "7": {
        "loc": {
          "start": {
            "line": 75,
            "column": 11
          },
          "end": {
            "line": 81,
            "column": 5
          }
        },
        "type": "if",
        "locations": [
          {
            "start": {
              "line": 75,
              "column": 11
            },
            "end": {
              "line": 81,
              "column": 5
            }
          },
          {
            "start": {
              "line": 78,
              "column": 11
            },
            "end": {
              "line": 81,
              "column": 5
            }
          }
        ],
        "line": 75
      },
      "8": {
        "loc": {
          "start": {
            "line": 78,
            "column": 11
          },
          "end": {
            "line": 81,
            "column": 5
          }
        },
        "type": "if",
        "locations": [
          {
            "start": {
              "line": 78,
              "column": 11
            },
            "end": {
              "line": 81,
              "column": 5
            }
          },
          {
            "start": {},
            "end": {}
          }
        ],
        "line": 78
      },
      "9": {
        "loc": {
          "start": {
            "line": 78,
            "column": 15
          },
          "end": {
            "line": 78,
            "column": 50
          }
        },
        "type": "binary-expr",
        "locations": [
          {
            "start": {
              "line": 78,
              "column": 15
            },
            "end": {
              "line": 78,
              "column": 31
            }
          },
          {
            "start": {
              "line": 78,
              "column": 35
            },
            "end": {
              "line": 78,
              "column": 50
            }
          }
        ],
        "line": 78
      },
      "10": {
        "loc": {
          "start": {
            "line": 87,
            "column": 61
          },
          "end": {
            "line": 87,
            "column": 102
          }
        },
        "type": "cond-expr",
        "locations": [
          {
            "start": {
              "line": 87,
              "column": 80
            },
            "end": {
              "line": 87,
              "column": 85
            }
          },
          {
            "start": {
              "line": 87,
              "column": 88
            },
            "end": {
              "line": 87,
              "column": 102
            }
          }
        ],
        "line": 87
      },
      "11": {
        "loc": {
          "start": {
            "line": 87,
            "column": 122
          },
          "end": {
            "line": 87,
            "column": 165
          }
        },
        "type": "cond-expr",
        "locations": [
          {
            "start": {
              "line": 87,
              "column": 141
            },
            "end": {
              "line": 87,
              "column": 157
            }
          },
          {
            "start": {
              "line": 87,
              "column": 160
            },
            "end": {
              "line": 87,
              "column": 165
            }
          }
        ],
        "line": 87
      },
      "12": {
        "loc": {
          "start": {
            "line": 89,
            "column": 109
          },
          "end": {
            "line": 89,
            "column": 146
          }
        },
        "type": "cond-expr",
        "locations": [
          {
            "start": {
              "line": 89,
              "column": 128
            },
            "end": {
              "line": 89,
              "column": 136
            }
          },
          {
            "start": {
              "line": 89,
              "column": 139
            },
            "end": {
              "line": 89,
              "column": 146
            }
          }
        ],
        "line": 89
      },
      "13": {
        "loc": {
          "start": {
            "line": 222,
            "column": 175
          },
          "end": {
            "line": 222,
            "column": 225
          }
        },
        "type": "cond-expr",
        "locations": [
          {
            "start": {
              "line": 222,
              "column": 194
            },
            "end": {
              "line": 222,
              "column": 205
            }
          },
          {
            "start": {
              "line": 222,
              "column": 208
            },
            "end": {
              "line": 222,
              "column": 225
            }
          }
        ],
        "line": 222
      },
      "14": {
        "loc": {
          "start": {
            "line": 282,
            "column": 49
          },
          "end": {
            "line": 282,
            "column": 73
          }
        },
        "type": "cond-expr",
        "locations": [
          {
            "start": {
              "line": 282,
              "column": 68
            },
            "end": {
              "line": 282,
              "column": 69
            }
          },
          {
            "start": {
              "line": 282,
              "column": 72
            },
            "end": {
              "line": 282,
              "column": 73
            }
          }
        ],
        "line": 282
      },
      "15": {
        "loc": {
          "start": {
            "line": 282,
            "column": 85
          },
          "end": {
            "line": 282,
            "column": 109
          }
        },
        "type": "cond-expr",
        "locations": [
          {
            "start": {
              "line": 282,
              "column": 104
            },
            "end": {
              "line": 282,
              "column": 105
            }
          },
          {
            "start": {
              "line": 282,
              "column": 108
            },
            "end": {
              "line": 282,
              "column": 109
            }
          }
        ],
        "line": 282
      },
      "16": {
        "loc": {
          "start": {
            "line": 283,
            "column": 48
          },
          "end": {
            "line": 283,
            "column": 78
          }
        },
        "type": "cond-expr",
        "locations": [
          {
            "start": {
              "line": 283,
              "column": 67
            },
            "end": {
              "line": 283,
              "column": 72
            }
          },
          {
            "start": {
              "line": 283,
              "column": 75
            },
            "end": {
              "line": 283,
              "column": 78
            }
          }
        ],
        "line": 283
      },
      "17": {
        "loc": {
          "start": {
            "line": 283,
            "column": 93
          },
          "end": {
            "line": 283,
            "column": 137
          }
        },
        "type": "cond-expr",
        "locations": [
          {
            "start": {
              "line": 283,
              "column": 112
            },
            "end": {
              "line": 283,
              "column": 124
            }
          },
          {
            "start": {
              "line": 283,
              "column": 127
            },
            "end": {
              "line": 283,
              "column": 137
            }
          }
        ],
        "line": 283
      },
      "18": {
        "loc": {
          "start": {
            "line": 360,
            "column": 49
          },
          "end": {
            "line": 360,
            "column": 73
          }
        },
        "type": "cond-expr",
        "locations": [
          {
            "start": {
              "line": 360,
              "column": 68
            },
            "end": {
              "line": 360,
              "column": 69
            }
          },
          {
            "start": {
              "line": 360,
              "column": 72
            },
            "end": {
              "line": 360,
              "column": 73
            }
          }
        ],
        "line": 360
      },
      "19": {
        "loc": {
          "start": {
            "line": 360,
            "column": 85
          },
          "end": {
            "line": 360,
            "column": 109
          }
        },
        "type": "cond-expr",
        "locations": [
          {
            "start": {
              "line": 360,
              "column": 104
            },
            "end": {
              "line": 360,
              "column": 105
            }
          },
          {
            "start": {
              "line": 360,
              "column": 108
            },
            "end": {
              "line": 360,
              "column": 109
            }
          }
        ],
        "line": 360
      },
      "20": {
        "loc": {
          "start": {
            "line": 383,
            "column": 0
          },
          "end": {
            "line": 396,
            "column": 1
          }
        },
        "type": "if",
        "locations": [
          {
            "start": {
              "line": 383,
              "column": 0
            },
            "end": {
              "line": 396,
              "column": 1
            }
          },
          {
            "start": {},
            "end": {}
          }
        ],
        "line": 383
      },
      "21": {
        "loc": {
          "start": {
            "line": 389,
            "column": 6
          },
          "end": {
            "line": 390,
            "column": 15
          }
        },
        "type": "if",
        "locations": [
          {
            "start": {
              "line": 389,
              "column": 6
            },
            "end": {
              "line": 390,
              "column": 15
            }
          },
          {
            "start": {},
            "end": {}
          }
        ],
        "line": 389
      },
      "22": {
        "loc": {
          "start": {
            "line": 392,
            "column": 6
          },
          "end": {
            "line": 393,
            "column": 54
          }
        },
        "type": "if",
        "locations": [
          {
            "start": {
              "line": 392,
              "column": 6
            },
            "end": {
              "line": 393,
              "column": 54
            }
          },
          {
            "start": {},
            "end": {}
          }
        ],
        "line": 392
      }
    },
    "s": {
      "0": 5,
      "1": 5,
      "2": 0,
      "3": 5,
      "4": 5,
      "5": 5,
      "6": 15,
      "7": 5,
      "8": 5,
      "9": 5,
      "10": 0,
      "11": 5,
      "12": 0,
      "13": 0,
      "14": 0,
      "15": 0,
      "16": 0,
      "17": 0,
      "18": 0,
      "19": 0,
      "20": 0,
      "21": 0,
      "22": 0,
      "23": 0,
      "24": 0,
      "25": 0,
      "26": 0,
      "27": 0,
      "28": 0,
      "29": 0,
      "30": 0,
      "31": 0,
      "32": 0,
      "33": 0,
      "34": 0,
      "35": 0,
      "36": 0,
      "37": 0,
      "38": 0,
      "39": 0,
      "40": 0,
      "41": 0,
[...]
          "line": 58,
          "column": 8
        },
        "end": {
          "line": 58,
          "column": 15
        }
      },
      "28": {
        "start": {
          "line": 59,
          "column": 32
        },
        "end": {
          "line": 59,
          "column": 115
        }
      },
      "29": {
        "start": {
          "line": 60,
          "column": 6
        },
        "end": {
          "line": 61,
          "column": 54
        }
      },
      "30": {
        "start": {
          "line": 61,
          "column": 8
        },
        "end": {
          "line": 61,
          "column": 54
        }
      }
    },
    "fnMap": {
      "0": {
        "name": "(anonymous_0)",
        "decl": {
          "start": {
            "line": 11,
            "column": 24
          },
          "end": {
            "line": 11,
            "column": 25
          }
        },
        "loc": {
          "start": {
            "line": 11,
            "column": 38
          },
          "end": {
            "line": 13,
            "column": 3
          }
        },
        "line": 11
      },
      "1": {
        "name": "DefaultAuthRoute",
        "decl": {
          "start": {
            "line": 20,
            "column": 9
          },
          "end": {
            "line": 20,
            "column": 25
          }
        },
        "loc": {
          "start": {
            "line": 22,
            "column": 3
          },
          "end": {
            "line": 43,
            "column": 1
          }
        },
        "line": 22
      },
      "2": {
        "name": "(anonymous_2)",
        "decl": {
          "start": {
            "line": 44,
            "column": 60
          },
          "end": {
            "line": 44,
            "column": 61
          }
        },
        "loc": {
          "start": {
            "line": 44,
            "column": 71
          },
          "end": {
            "line": 46,
            "column": 1
          }
        },
        "line": 44
      },
      "3": {
        "name": "(anonymous_3)",
        "decl": {
          "start": {
            "line": 54,
            "column": 52
          },
          "end": {
            "line": 54,
            "column": 53
          }
        },
        "loc": {
          "start": {
            "line": 54,
            "column": 72
          },
          "end": {
            "line": 63,
            "column": 3
          }
        },
        "line": 54
      },
      "4": {
        "name": "(anonymous_4)",
        "decl": {
          "start": {
            "line": 56,
            "column": 27
          },
          "end": {
            "line": 56,
            "column": 28
          }
        },
        "loc": {
          "start": {
            "line": 56,
            "column": 44
          },
          "end": {
            "line": 62,
            "column": 5
          }
        },
        "line": 56
      }
    },
    "branchMap": {
      "0": {
        "loc": {
          "start": {
            "line": 5,
            "column": 0
          },
          "end": {
            "line": 15,
            "column": 1
          }
        },
        "type": "if",
        "locations": [
          {
            "start": {
              "line": 5,
              "column": 0
            },
            "end": {
              "line": 15,
              "column": 1
            }
          },
          {
            "start": {},
            "end": {}
          }
        ],
        "line": 5
      },
      "1": {
        "loc": {
          "start": {
            "line": 6,
            "column": 2
          },
          "end": {
            "line": 8,
            "column": 3
          }
        },
        "type": "if",
        "locations": [
          {
            "start": {
              "line": 6,
              "column": 2
            },
            "end": {
              "line": 8,
              "column": 3
            }
          },
          {
            "start": {},
            "end": {}
          }
        ],
        "line": 6
      },
      "2": {
        "loc": {
          "start": {
            "line": 28,
            "column": 2
          },
          "end": {
            "line": 34,
            "column": 3
          }
        },
        "type": "if",
        "locations": [
          {
            "start": {
              "line": 28,
              "column": 2
            },
            "end": {
              "line": 34,
              "column": 3
            }
          },
          {
            "start": {},
            "end": {}
          }
        ],
        "line": 28
      },
      "3": {
        "loc": {
          "start": {
            "line": 35,
            "column": 2
          },
          "end": {
            "line": 37,
            "column": 3
          }
        },
        "type": "if",
        "locations": [
          {
            "start": {
              "line": 35,
              "column": 2
            },
            "end": {
              "line": 37,
              "column": 3
            }
          },
          {
            "start": {},
            "end": {}
          }
        ],
        "line": 35
      },
      "4": {
        "loc": {
          "start": {
            "line": 51,
            "column": 0
          },
          "end": {
            "line": 64,
            "column": 1
          }
        },
        "type": "if",
        "locations": [
          {
            "start": {
              "line": 51,
              "column": 0
            },
            "end": {
              "line": 64,
              "column": 1
            }
          },
          {
            "start": {},
            "end": {}
          }
        ],
        "line": 51
      },
      "5": {
        "loc": {
          "start": {
            "line": 57,
            "column": 6
          },
          "end": {
            "line": 58,
            "column": 15
          }
        },
        "type": "if",
        "locations": [
          {
            "start": {
              "line": 57,
              "column": 6
            },
            "end": {
              "line": 58,
              "column": 15
            }
          },
          {
            "start": {},
            "end": {}
          }
        ],
        "line": 57
      },
      "6": {
        "loc": {
          "start": {
            "line": 60,
            "column": 6
          },
          "end": {
            "line": 61,
            "column": 54
          }
        },
        "type": "if",
        "locations": [
          {
            "start": {
              "line": 60,
              "column": 6
            },
            "end": {
              "line": 61,
              "column": 54
            }
          },
          {
            "start": {},
            "end": {}
          }
        ],
        "line": 60
      }
    },
    "s": {
      "0": 5,
      "1": 5,
      "2": 0,
      "3": 5,
      "4": 5,
      "5": 5,
      "6": 5,
      "7": 5,
      "8": 5,
      "9": 12,
      "10": 12,
      "11": 12,
      "12": 6,
      "13": 6,
      "14": 6,
      "15": 0,
      "16": 5,
      "17": 3,
      "18": 5,
      "19": 5,
      "20": 5,
      "21": 5,
      "22": 5,
      "23": 5,
      "24": 5,
      "25": 5,
      "26": 0,
      "27": 0,
      "28": 0,
      "29": 0,
      "30": 0
    },
    "f": {
      "0": 5,
      "1": 12,
      "2": 3,
      "3": 5,
      "4": 0
    },
    "b": {
      "0": [
        5,
        0
      ],
      "1": [
        0,
        5
      ],
      "2": [
        6,
        6
      ],
      "3": [
        6,
        0
      ],
      "4": [
        5,
        0
      ],
      "5": [
        0,
        0
      ],
      "6": [
        0,
        0
      ]
    },
    "inputSourceMap": {
      "version": 3,
      "mappings": "AAUW;;;;;;;;;;;;;;;;AAVX,SAASA,gBAAgB;AACzB,SAASC,eAAe;AACxB,OAAOC,aAAa;AAKpB,SAASC,iBAAiB;AAAA,EAAEC;AAA8B,GAAG;AAAAC,KAAA;AAC3D,QAAM;AAAA,IAAEC;AAAAA,IAAQC;AAAAA,EAAQ,IAAIN,QAAQ;AACpC,MAAIM,SAAS;AACX,WAAO,uBAAC,aAAD;AAAA;AAAA;AAAA;AAAA,WAAQ;AAAA,EACjB;AACA,MAAI,CAACD,QAAQ;AACX,WAAOF;AAAAA,EACT;AACA,SAAO,uBAAC,YAAS,IAAG,WAAU,SAAO,QAA9B;AAAA;AAAA;AAAA;AAAA,SAA8B;AACvC;AAACC,GATQF,kBAAgB;AAAA,UACKF,OAAO;AAAA;AAAAO,KAD5BL;AAUT,eAAeA;AAAiB,IAAAK;AAAAC,aAAAD,IAAA",
      "names": [
        "Navigate",
        "useAuth",
        "Loading",
        "DefaultAuthRoute",
        "children",
        "_s",
        "isAuth",
        "loading",
        "_c",
        "$RefreshReg$"
      ],
      "sources": [
        "C:/work/task2022Q3/react2023/graphiql-app/graphiql-app/src/components/defaultAuthRoute.tsx"
      ],
      "file": "C:/work/task2022Q3/react2023/graphiql-app/graphiql-app/src/components/defaultAuthRoute.tsx"
    },
    "_coverageSchema": "1a1c01bbd47fc00a2c39e90264f33305004495a9",
    "hash": "1c536ff5bf583f950b87c6979f9019fec4fd6672"
  },
  "C:/work/task2022Q3/react2023/graphiql-app/graphiql-app/src/routes/route.tsx": {
    "path": "C:/work/task2022Q3/react2023/graphiql-app/graphiql-app/src/routes/route.tsx",
    "statementMap": {
      "0": {
        "start": {
          "line": 5,
          "column": 0
        },
        "end": {
          "line": 15,
          "column": 1
        }
      },
      "1": {
        "start": {
          "line": 6,
          "column": 2
        },
        "end": {
          "line": 8,
          "column": 3
        }
      },
      "2": {
        "start": {
          "line": 7,
          "column": 4
        },
        "end": {
          "line": 7,
          "column": 165
        }
      },
      "3": {
        "start": {
          "line": 9,
          "column": 2
        },
        "end": {
          "line": 9,
          "column": 39
        }
      },
      "4": {
        "start": {
          "line": 10,
          "column": 2
        },
        "end": {
          "line": 10,
          "column": 39
        }
      },
      "5": {
        "start": {
          "line": 11,
          "column": 2
        },
        "end": {
          "line": 13,
          "column": 4
        }
      },
      "6": {
        "start": {
          "line": 12,
          "column": 4
        },
        "end": {
          "line": 12,
          "column": 119
        }
      },
      "7": {
        "start": {
          "line": 14,
          "column": 2
        },
        "end": {
          "line": 14,
          "column": 75
        }
      },
      "8": {
        "start": {
          "line": 27,
          "column": 2
        },
        "end": {
          "line": 105,
          "column": 11
        }
      },
      "9": {
        "start": {
          "line": 107,
          "column": 0
        },
        "end": {
          "line": 107,
          "column": 12
        }
      },
      "10": {
        "start": {
          "line": 110,
          "column": 0
        },
        "end": {
          "line": 110,
          "column": 27
        }
      },
      "11": {
        "start": {
          "line": 111,
          "column": 0
        },
        "end": {
          "line": 124,
          "column": 1
        }
      },
      "12": {
        "start": {
          "line": 112,
          "column": 2
        },
        "end": {
          "line": 112,
          "column": 39
        }
      },
      "13": {
        "start": {
          "line": 113,
          "column": 2
        },
        "end": {
          "line": 113,
          "column": 39
        }
      },
      "14": {
        "start": {
          "line": 114,
          "column": 2
        },
        "end": {
          "line": 123,
          "column": 5
        }
      },
      "15": {
        "start": {
          "line": 115,
          "column": 4
        },
        "end": {
          "line": 115,
          "column": 145
        }
      },
      "16": {
        "start": {
          "line": 116,
          "column": 4
        },
        "end": {
          "line": 122,
          "column": 7
        }
      },
      "17": {
        "start": {
          "line": 117,
          "column": 6
        },
        "end": {
          "line": 118,
          "column": 15
        }
      },
      "18": {
        "start": {
          "line": 118,
          "column": 8
        },
        "end": {
          "line": 118,
          "column": 15
        }
      },
      "19": {
        "start": {
          "line": 119,
          "column": 32
        },
        "end": {
          "line": 119,
          "column": 115
        }
      },
      "20": {
        "start": {
          "line": 120,
          "column": 6
        },
        "end": {
          "line": 121,
          "column": 54
        }
      },
      "21": {
        "start": {
          "line": 121,
          "column": 8
        },
        "end": {
          "line": 121,
          "column": 54
        }
      }
    },
    "fnMap": {
      "0": {
        "name": "(anonymous_0)",
        "decl": {
          "start": {
            "line": 11,
            "column": 24
          },
          "end": {
            "line": 11,
            "column": 25
          }
        },
        "loc": {
          "start": {
            "line": 11,
            "column": 38
          },
          "end": {
            "line": 13,
            "column": 3
          }
        },
        "line": 11
      },
      "1": {
        "name": "Router",
        "decl": {
          "start": {
            "line": 26,
            "column": 9
          },
          "end": {
            "line": 26,
            "column": 15
          }
        },
        "loc": {
          "start": {
            "line": 26,
            "column": 18
          },
          "end": {
            "line": 106,
            "column": 1
          }
        },
        "line": 26
      },
      "2": {
        "name": "(anonymous_2)",
        "decl": {
          "start": {
            "line": 114,
            "column": 52
          },
          "end": {
            "line": 114,
            "column": 53
          }
        },
        "loc": {
          "start": {
            "line": 114,
            "column": 72
          },
          "end": {
            "line": 123,
            "column": 3
          }
        },
        "line": 114
      },
      "3": {
        "name": "(anonymous_3)",
        "decl": {
          "start": {
            "line": 116,
            "column": 27
          },
          "end": {
            "line": 116,
            "column": 28
          }
        },
        "loc": {
          "start": {
            "line": 116,
            "column": 44
          },
          "end": {
            "line": 122,
            "column": 5
          }
        },
        "line": 116
      }
    },
    "branchMap": {
      "0": {
        "loc": {
          "start": {
            "line": 5,
            "column": 0
          },
          "end": {
            "line": 15,
            "column": 1
          }
        },
        "type": "if",
        "locations": [
          {
            "start": {
              "line": 5,
              "column": 0
            },
            "end": {
              "line": 15,
              "column": 1
            }
          },
          {
            "start": {},
            "end": {}
          }
        ],
        "line": 5
      },
      "1": {
        "loc": {
          "start": {
            "line": 6,
            "column": 2
          },
          "end": {
            "line": 8,
            "column": 3
          }
        },
        "type": "if",
        "locations": [
          {
            "start": {
              "line": 6,
              "column": 2
            },
            "end": {
              "line": 8,
              "column": 3
            }
          },
          {
            "start": {},
            "end": {}
          }
        ],
        "line": 6
      },
      "2": {
        "loc": {
          "start": {
            "line": 111,
            "column": 0
          },
          "end": {
            "line": 124,
            "column": 1
          }
        },
        "type": "if",
        "locations": [
          {
            "start": {
              "line": 111,
              "column": 0
            },
            "end": {
              "line": 124,
              "column": 1
            }
          },
          {
            "start": {},
            "end": {}
          }
        ],
        "line": 111
      },
      "3": {
        "loc": {
          "start": {
            "line": 117,
            "column": 6
          },
          "end": {
            "line": 118,
            "column": 15
          }
        },
        "type": "if",
        "locations": [
          {
            "start": {
              "line": 117,
              "column": 6
            },
            "end": {
              "line": 118,
              "column": 15
            }
          },
          {
            "start": {},
            "end": {}
          }
        ],
        "line": 117
      },
      "4": {
        "loc": {
          "start": {
            "line": 120,
            "column": 6
          },
          "end": {
            "line": 121,
            "column": 54
          }
        },
        "type": "if",
        "locations": [
          {
            "start": {
              "line": 120,
              "column": 6
            },
            "end": {
              "line": 121,
              "column": 54
            }
          },
          {
            "start": {},
            "end": {}
          }
        ],
        "line": 120
      }
    },
    "s": {
      "0": 5,
      "1": 5,
      "2": 0,
      "3": 5,
      "4": 5,
      "5": 5,
      "6": 5,
      "7": 5,
      "8": 10,
      "9": 5,
      "10": 5,
      "11": 5,
      "12": 5,
      "13": 5,
      "14": 5,
      "15": 5,
      "16": 5,
      "17": 0,
      "18": 0,
      "19": 0,
      "20": 0,
      "21": 0
    },
    "f": {
      "0": 5,
      "1": 10,
      "2": 5,
      "3": 0
    },
    "b": {
      "0": [
        5,
        0
      ],
      "1": [
        0,
        5
      ],
      "2": [
        5,
        0
      ],
      "3": [
        0,
        0
      ],
      "4": [
        0,
        0
      ]
    },
    "inputSourceMap": {
      "version": 3,
      "mappings": "AAaI,mBACE,cADF;AAbJ,2BAAsB;AAAQ,IAAkB;AAAA;AAAA;AAAA;AAAA;AAAA;AAAA;AAAA;AAAA;AAAA;AAAA;AAAA;AAAA;AAAA;AAChD,OAAOA,cAAc;AACrB,OAAOC,YAAY;AACnB,OAAOC,YAAY;AACnB,OAAOC,YAAY;AACnB,SAASC,mBAAmB;AAC5B,SAASC,cAAc;AACvB,SAASC,cAAc;AACvB,OAAOC,oBAAoB;AAC3B,OAAOC,sBAAsB;AAE7B,SAASC,SAAS;AAChB,SACE,mCACE;AAAA,2BAAC,YAAD;AAAA;AAAA;AAAA;AAAA,WAAO;AAAA,IACP,uBAAC,UACC;AAAA,6BAAC,SAAM,MAAK,KAAI,SAAS,uBAAC,iBAAD;AAAA;AAAA;AAAA;AAAA,aAAY,KAArC;AAAA;AAAA;AAAA;AAAA,aAAyC;AAAA,MACzC,uBAAC,SACC,MAAK,UACL,SACE,uBAAC,kBACC,iCAAC,YAAD;AAAA;AAAA;AAAA;AAAA,aAAO,KADT;AAAA;AAAA;AAAA;AAAA,aAEA,KALJ;AAAA;AAAA;AAAA;AAAA,aAMG;AAAA,MAEH,uBAAC,SACC,MAAK,WACL,SACE,uBAAC,oBACC,iCAAC,YAAD;AAAA;AAAA;AAAA;AAAA,aAAO,KADT;AAAA;AAAA;AAAA;AAAA,aAEA,KALJ;AAAA;AAAA;AAAA;AAAA,aAMG;AAAA,MAEH,uBAAC,SACC,MAAK,WACL,SACE,uBAAC,oBACC,iCAAC,YAAD;AAAA;AAAA;AAAA;AAAA,aAAO,KADT;AAAA;AAAA;AAAA;AAAA,aAEA,KALJ;AAAA;AAAA;AAAA;AAAA,aAMG;AAAA,MAEH,uBAAC,SAAM,MAAK,KAAI,SAAS,uBAAC,cAAD;AAAA;AAAA;AAAA;AAAA,aAAS,KAAlC;AAAA;AAAA;AAAA;AAAA,aAAsC;AAAA,SA1BxC;AAAA;AAAA;AAAA;AAAA,WA2BA;AAAA,IACA,uBAAC,YAAD;AAAA;AAAA;AAAA;AAAA,WAAO;AAAA,OA9BT;AAAA;AAAA;AAAA;AAAA,SA+BA;AAEJ;AAACC,KAnCQD;AAoCT,eAAeA;AAAO,IAAAC;AAAAC,aAAAD,IAAA",
      "names": [
        "NotFound",
        "Editor",
        "SignUp",
        "SignIn",
        "WelcomePage",
        "Header",
        "Footer",
        "ProtectedRoute",
        "DefaultAuthRoute",
        "Router",
        "_c",
        "$RefreshReg$"
      ],
      "sources": [
        "C:/work/task2022Q3/react2023/graphiql-app/graphiql-app/src/routes/route.tsx"
      ],
      "file": "C:/work/task2022Q3/react2023/graphiql-app/graphiql-app/src/routes/route.tsx"
    },
    "_coverageSchema": "1a1c01bbd47fc00a2c39e90264f33305004495a9",
    "hash": "f72eecf231e0a55bd78253b17abde502ab37f613"
  }
}