<?xml version="1.0" encoding="UTF-8"?>
<coverage generated="1685259406910" clover="3.2.0">
  <project timestamp="1685259406910" name="All files">
    <metrics statements="212" coveredstatements="143" conditionals="168" coveredconditionals="77" methods="62" coveredmethods="38" elements="442" coveredelements="258" complexity="0" loc="212" ncloc="212" packages="10" files="26" classes="26"/>
    <package name="src">
      <metrics statements="8" coveredstatements="8" conditionals="1" coveredconditionals="1" methods="3" coveredmethods="3"/>
      <file name="App.tsx" path="C:/work/task2022Q3/react2023/graphiql-app/graphiql-app/src/App.tsx">
        <metrics statements="5" coveredstatements="5" conditionals="1" coveredconditionals="1" methods="3" coveredmethods="3"/>
        <line num="1" count="45" type="cond" truecount="1" falsecount="0"/>
        <line num="9" count="5" type="stmt"/>
        <line num="12" count="10" type="stmt"/>
        <line num="31" count="5" type="stmt"/>
        <line num="33" count="15" type="stmt"/>
      </file>
      <file name="i18n.ts" path="C:/work/task2022Q3/react2023/graphiql-app/graphiql-app/src/i18n.ts">
        <metrics statements="2" coveredstatements="2" conditionals="0" coveredconditionals="0" methods="0" coveredmethods="0"/>
        <line num="5" count="5" type="stmt"/>
        <line num="102" count="5" type="stmt"/>
      </file>
      <file name="main.tsx" path="C:/work/task2022Q3/react2023/graphiql-app/graphiql-app/src/main.tsx">
        <metrics statements="1" coveredstatements="1" conditionals="0" coveredconditionals="0" methods="0" coveredmethods="0"/>
        <line num="7" count="5" type="stmt"/>
      </file>
    </package>
    <package name="src.components">
      <metrics statements="73" coveredstatements="32" conditionals="54" coveredconditionals="12" methods="17" coveredmethods="7"/>
      <file name="defaultAuthRoute.tsx" path="C:/work/task2022Q3/react2023/graphiql-app/graphiql-app/src/components/defaultAuthRoute.tsx">
        <metrics statements="9" coveredstatements="8" conditionals="2" coveredconditionals="2" methods="2" coveredmethods="2"/>
        <line num="8" count="12" type="stmt"/>
        <line num="9" count="12" type="stmt"/>
        <line num="10" count="12" type="cond" truecount="1" falsecount="0"/>
        <line num="11" count="6" type="stmt"/>
        <line num="13" count="6" type="cond" truecount="1" falsecount="0"/>
        <line num="14" count="6" type="stmt"/>
        <line num="16" count="0" type="stmt"/>
        <line num="17" count="5" type="stmt"/>
        <line num="18" count="5" type="stmt"/>
      </file>
      <file name="editorArea.tsx" path="C:/work/task2022Q3/react2023/graphiql-app/graphiql-app/src/components/editorArea.tsx">
        <metrics statements="38" coveredstatements="4" conditionals="35" coveredconditionals="0" methods="8" coveredmethods="0"/>
        <line num="43" count="5" type="stmt"/>
        <line num="65" count="15" type="stmt"/>
        <line num="66" count="0" type="stmt"/>
        <line num="67" count="0" type="stmt"/>
        <line num="68" count="0" type="stmt"/>
        <line num="69" count="0" type="stmt"/>
        <line num="70" count="0" type="stmt"/>
        <line num="71" count="0" type="stmt"/>
        <line num="72" count="0" type="stmt"/>
        <line num="77" count="0" type="stmt"/>
        <line num="82" count="0" type="stmt"/>
        <line num="87" count="0" type="stmt"/>
        <line num="92" count="0" type="stmt"/>
        <line num="93" count="0" type="stmt"/>
        <line num="94" count="0" type="stmt"/>
        <line num="96" count="0" type="stmt"/>
        <line num="97" count="0" type="stmt"/>
        <line num="98" count="0" type="stmt"/>
        <line num="99" count="0" type="cond" truecount="0" falsecount="2"/>
        <line num="100" count="0" type="stmt"/>
        <line num="101" count="0" type="cond" truecount="0" falsecount="4"/>
        <line num="102" count="0" type="stmt"/>
        <line num="103" count="0" type="cond" truecount="0" falsecount="4"/>
        <line num="104" count="0" type="stmt"/>
        <line num="113" count="0" type="stmt"/>
        <line num="115" count="0" type="cond" truecount="0" falsecount="2"/>
        <line num="116" count="0" type="stmt"/>
        <line num="117" count="0" type="stmt"/>
        <line num="118" count="0" type="cond" truecount="0" falsecount="3"/>
        <line num="119" count="0" type="stmt"/>
        <line num="120" count="0" type="stmt"/>
        <line num="124" count="0" type="stmt"/>
        <line num="126" count="5" type="stmt"/>
        <line num="128" count="0" type="stmt"/>
        <line num="149" count="0" type="stmt"/>
        <line num="209" count="0" type="stmt"/>
        <line num="216" count="0" type="stmt"/>
        <line num="265" count="5" type="stmt"/>
      </file>
      <file name="loading.tsx" path="C:/work/task2022Q3/react2023/graphiql-app/graphiql-app/src/components/loading.tsx">
        <metrics statements="4" coveredstatements="4" conditionals="1" coveredconditionals="1" methods="2" coveredmethods="2"/>
        <line num="1" count="35" type="cond" truecount="1" falsecount="0"/>
        <line num="4" count="36" type="stmt"/>
        <line num="9" count="5" type="stmt"/>
        <line num="10" count="5" type="stmt"/>
      </file>
      <file name="loginForm.tsx" path="C:/work/task2022Q3/react2023/graphiql-app/graphiql-app/src/components/loginForm.tsx">
        <metrics statements="13" coveredstatements="13" conditionals="14" coveredconditionals="9" methods="3" coveredmethods="3"/>
        <line num="29" count="16" type="stmt"/>
        <line num="30" count="16" type="stmt"/>
        <line num="31" count="16" type="stmt"/>
        <line num="32" count="16" type="stmt"/>
        <line num="34" count="16" type="stmt"/>
        <line num="36" count="16" type="stmt"/>
        <line num="38" count="16" type="stmt"/>
        <line num="52" count="16" type="stmt"/>
        <line num="54" count="16" type="stmt"/>
        <line num="55" count="1" type="stmt"/>
        <line num="58" count="16" type="stmt"/>
        <line num="123" count="5" type="stmt"/>
        <line num="124" count="5" type="stmt"/>
      </file>
      <file name="protectedRoute.tsx" path="C:/work/task2022Q3/react2023/graphiql-app/graphiql-app/src/components/protectedRoute.tsx">
        <metrics statements="9" coveredstatements="3" conditionals="2" coveredconditionals="0" methods="2" coveredmethods="0"/>
        <line num="8" count="0" type="stmt"/>
        <line num="9" count="5" type="stmt"/>
        <line num="10" count="0" type="cond" truecount="0" falsecount="1"/>
        <line num="11" count="0" type="stmt"/>
        <line num="13" count="0" type="cond" truecount="0" falsecount="1"/>
        <line num="14" count="0" type="stmt"/>
        <line num="16" count="0" type="stmt"/>
        <line num="17" count="5" type="stmt"/>
        <line num="18" count="5" type="stmt"/>
      </file>
    </package>
    <package name="src.components.Buttons">
      <metrics statements="17" coveredstatements="16" conditionals="18" coveredconditionals="16" methods="7" coveredmethods="6"/>
      <file name="LinkButton.tsx" path="C:/work/task2022Q3/react2023/graphiql-app/graphiql-app/src/components/Buttons/LinkButton.tsx">
        <metrics statements="4" coveredstatements="4" conditionals="3" coveredconditionals="3" methods="2" coveredmethods="2"/>
        <line num="1" count="35" type="cond" truecount="1" falsecount="0"/>
        <line num="14" count="5" type="stmt"/>
        <line num="15" count="116" type="stmt"/>
        <line num="42" count="5" type="stmt"/>
      </file>
      <file name="ScrollTopButton.tsx" path="C:/work/task2022Q3/react2023/graphiql-app/graphiql-app/src/components/Buttons/ScrollTopButton.tsx">
        <metrics statements="9" coveredstatements="8" conditionals="6" coveredconditionals="4" methods="3" coveredmethods="2"/>
        <line num="5" count="58" type="stmt"/>
        <line num="6" count="58" type="stmt"/>
        <line num="7" count="58" type="stmt"/>
        <line num="8" count="58" type="stmt"/>
        <line num="10" count="58" type="stmt"/>
        <line num="11" count="0" type="stmt"/>
        <line num="13" count="58" type="stmt"/>
        <line num="14" count="58" type="stmt"/>
        <line num="35" count="5" type="stmt"/>
      </file>
      <file name="ToggleButton.tsx" path="C:/work/task2022Q3/react2023/graphiql-app/graphiql-app/src/components/Buttons/ToggleButton.tsx">
        <metrics statements="4" coveredstatements="4" conditionals="9" coveredconditionals="9" methods="2" coveredmethods="2"/>
        <line num="1" count="35" type="cond" truecount="1" falsecount="0"/>
        <line num="14" count="5" type="stmt"/>
        <line num="15" count="66" type="stmt"/>
        <line num="33" count="5" type="stmt"/>
      </file>
    </package>
    <package name="src.components.Footer">
      <metrics statements="6" coveredstatements="6" conditionals="8" coveredconditionals="5" methods="2" coveredmethods="2"/>
      <file name="Footer.tsx" path="C:/work/task2022Q3/react2023/graphiql-app/graphiql-app/src/components/Footer/Footer.tsx">
        <metrics statements="6" coveredstatements="6" conditionals="8" coveredconditionals="5" methods="2" coveredmethods="2"/>
        <line num="4" count="20" type="stmt"/>
        <line num="5" count="20" type="stmt"/>
        <line num="6" count="20" type="stmt"/>
        <line num="7" count="20" type="stmt"/>
        <line num="8" count="20" type="stmt"/>
        <line num="72" count="5" type="stmt"/>
      </file>
    </package>
    <package name="src.components.Header">
      <metrics statements="23" coveredstatements="18" conditionals="53" coveredconditionals="25" methods="6" coveredmethods="3"/>
      <file name="Header.tsx" path="C:/work/task2022Q3/react2023/graphiql-app/graphiql-app/src/components/Header/Header.tsx">
        <metrics statements="23" coveredstatements="18" conditionals="53" coveredconditionals="25" methods="6" coveredmethods="3"/>
        <line num="28" count="72" type="stmt"/>
        <line num="29" count="72" type="stmt"/>
        <line num="30" count="72" type="stmt"/>
        <line num="31" count="72" type="stmt"/>
        <line num="32" count="72" type="stmt"/>
        <line num="33" count="72" type="stmt"/>
        <line num="34" count="72" type="stmt"/>
        <line num="35" count="72" type="stmt"/>
        <line num="37" count="72" type="stmt"/>
        <line num="39" count="72" type="stmt"/>
        <line num="41" count="72" type="stmt"/>
        <line num="42" count="72" type="stmt"/>
        <line num="43" count="72" type="stmt"/>
        <line num="44" count="0" type="stmt"/>
        <line num="45" count="0" type="stmt"/>
        <line num="48" count="72" type="cond" truecount="1" falsecount="0"/>
        <line num="49" count="20" type="stmt"/>
        <line num="52" count="52" type="stmt"/>
        <line num="106" count="2" type="cond" truecount="2" falsecount="0"/>
        <line num="153" count="0" type="cond" truecount="0" falsecount="2"/>
        <line num="154" count="0" type="stmt"/>
        <line num="174" count="0" type="cond" truecount="0" falsecount="2"/>
        <line num="200" count="5" type="stmt"/>
      </file>
    </package>
    <package name="src.hooks">
      <metrics statements="23" coveredstatements="22" conditionals="1" coveredconditionals="0" methods="7" coveredmethods="7"/>
      <file name="scrollPercentage.tsx" path="C:/work/task2022Q3/react2023/graphiql-app/graphiql-app/src/hooks/scrollPercentage.tsx">
        <metrics statements="9" coveredstatements="9" conditionals="0" coveredconditionals="0" methods="3" coveredmethods="3"/>
        <line num="3" count="104" type="stmt"/>
        <line num="4" count="104" type="stmt"/>
        <line num="6" count="104" type="stmt"/>
        <line num="7" count="18" type="stmt"/>
        <line num="8" count="86" type="stmt"/>
        <line num="13" count="18" type="stmt"/>
        <line num="15" count="18" type="stmt"/>
        <line num="18" count="104" type="stmt"/>
        <line num="19" count="5" type="stmt"/>
      </file>
      <file name="scrollPixels.tsx" path="C:/work/task2022Q3/react2023/graphiql-app/graphiql-app/src/hooks/scrollPixels.tsx">
        <metrics statements="9" coveredstatements="9" conditionals="0" coveredconditionals="0" methods="3" coveredmethods="3"/>
        <line num="3" count="72" type="stmt"/>
        <line num="4" count="72" type="stmt"/>
        <line num="6" count="72" type="stmt"/>
        <line num="7" count="10" type="stmt"/>
        <line num="8" count="44" type="stmt"/>
        <line num="11" count="10" type="stmt"/>
        <line num="13" count="10" type="stmt"/>
        <line num="16" count="72" type="stmt"/>
        <line num="17" count="5" type="stmt"/>
      </file>
      <file name="useAuth.ts" path="C:/work/task2022Q3/react2023/graphiql-app/graphiql-app/src/hooks/useAuth.ts">
        <metrics statements="5" coveredstatements="4" conditionals="1" coveredconditionals="0" methods="1" coveredmethods="1"/>
        <line num="6" count="84" type="stmt"/>
        <line num="7" count="84" type="stmt"/>
        <line num="8" count="84" type="cond" truecount="0" falsecount="1"/>
        <line num="9" count="0" type="stmt"/>
        <line num="17" count="84" type="stmt"/>
      </file>
    </package>
    <package name="src.pages">
      <metrics statements="42" coveredstatements="32" conditionals="25" coveredconditionals="17" methods="16" coveredmethods="8"/>
      <file name="Editor.tsx" path="C:/work/task2022Q3/react2023/graphiql-app/graphiql-app/src/pages/Editor.tsx">
        <metrics statements="4" coveredstatements="3" conditionals="1" coveredconditionals="1" methods="2" coveredmethods="1"/>
        <line num="1" count="35" type="cond" truecount="1" falsecount="0"/>
        <line num="5" count="0" type="stmt"/>
        <line num="10" count="5" type="stmt"/>
        <line num="11" count="5" type="stmt"/>
      </file>
      <file name="NotFound.tsx" path="C:/work/task2022Q3/react2023/graphiql-app/graphiql-app/src/pages/NotFound.tsx">
        <metrics statements="5" coveredstatements="3" conditionals="0" coveredconditionals="0" methods="2" coveredmethods="0"/>
        <line num="4" count="0" type="stmt"/>
        <line num="5" count="5" type="stmt"/>
        <line num="6" count="0" type="stmt"/>
        <line num="19" count="5" type="stmt"/>
        <line num="20" count="5" type="stmt"/>
      </file>
      <file name="SignIn.tsx" path="C:/work/task2022Q3/react2023/graphiql-app/graphiql-app/src/pages/SignIn.tsx">
        <metrics statements="12" coveredstatements="8" conditionals="0" coveredconditionals="0" methods="5" coveredmethods="2"/>
        <line num="8" count="4" type="stmt"/>
        <line num="9" count="4" type="stmt"/>
        <line num="10" count="4" type="stmt"/>
        <line num="11" count="5" type="stmt"/>
        <line num="13" count="4" type="stmt"/>
        <line num="14" count="0" type="stmt"/>
        <line num="16" count="0" type="stmt"/>
        <line num="17" count="0" type="stmt"/>
        <line num="26" count="0" type="stmt"/>
        <line num="36" count="4" type="stmt"/>
        <line num="39" count="5" type="stmt"/>
        <line num="41" count="5" type="stmt"/>
      </file>
      <file name="SignUp.tsx" path="C:/work/task2022Q3/react2023/graphiql-app/graphiql-app/src/pages/SignUp.tsx">
        <metrics statements="12" coveredstatements="9" conditionals="0" coveredconditionals="0" methods="5" coveredmethods="3"/>
        <line num="8" count="8" type="stmt"/>
        <line num="9" count="8" type="stmt"/>
        <line num="10" count="8" type="stmt"/>
        <line num="11" count="8" type="stmt"/>
        <line num="13" count="8" type="stmt"/>
        <line num="14" count="1" type="stmt"/>
        <line num="16" count="0" type="stmt"/>
        <line num="17" count="0" type="stmt"/>
        <line num="26" count="0" type="stmt"/>
        <line num="35" count="8" type="stmt"/>
        <line num="38" count="5" type="stmt"/>
        <line num="40" count="5" type="stmt"/>
      </file>
      <file name="WelcomePage.tsx" path="C:/work/task2022Q3/react2023/graphiql-app/graphiql-app/src/pages/WelcomePage.tsx">
        <metrics statements="9" coveredstatements="9" conditionals="24" coveredconditionals="16" methods="2" coveredmethods="2"/>
        <line num="10" count="46" type="stmt"/>
        <line num="11" count="46" type="stmt"/>
        <line num="12" count="46" type="stmt"/>
        <line num="13" count="46" type="stmt"/>
        <line num="14" count="46" type="stmt"/>
        <line num="15" count="46" type="stmt"/>
        <line num="17" count="46" type="stmt"/>
        <line num="19" count="46" type="stmt"/>
        <line num="229" count="5" type="stmt"/>
      </file>
    </package>
    <package name="src.routes">
      <metrics statements="4" coveredstatements="4" conditionals="1" coveredconditionals="1" methods="2" coveredmethods="2"/>
      <file name="route.tsx" path="C:/work/task2022Q3/react2023/graphiql-app/graphiql-app/src/routes/route.tsx">
        <metrics statements="4" coveredstatements="4" conditionals="1" coveredconditionals="1" methods="2" coveredmethods="2"/>
        <line num="1" count="35" type="cond" truecount="1" falsecount="0"/>
        <line num="13" count="10" type="stmt"/>
        <line num="47" count="5" type="stmt"/>
        <line num="48" count="5" type="stmt"/>
      </file>
    </package>
    <package name="src.style">
      <metrics statements="1" coveredstatements="1" conditionals="0" coveredconditionals="0" methods="0" coveredmethods="0"/>
      <file name="CustomTheme.tsx" path="C:/work/task2022Q3/react2023/graphiql-app/graphiql-app/src/style/CustomTheme.tsx">
        <metrics statements="1" coveredstatements="1" conditionals="0" coveredconditionals="0" methods="0" coveredmethods="0"/>
        <line num="3" count="5" type="stmt"/>
      </file>
    </package>
    <package name="src.utils">
      <metrics statements="15" coveredstatements="4" conditionals="7" coveredconditionals="0" methods="2" coveredmethods="0"/>
      <file name="firebase.ts" path="C:/work/task2022Q3/react2023/graphiql-app/graphiql-app/src/utils/firebase.ts">
        <metrics statements="3" coveredstatements="3" conditionals="0" coveredconditionals="0" methods="0" coveredmethods="0"/>
        <line num="4" count="5" type="stmt"/>
        <line num="14" count="5" type="stmt"/>
        <line num="15" count="5" type="stmt"/>
      </file>
      <file name="request.ts" path="C:/work/task2022Q3/react2023/graphiql-app/graphiql-app/src/utils/request.ts">
        <metrics statements="5" coveredstatements="1" conditionals="4" coveredconditionals="0" methods="1" coveredmethods="0"/>
        <line num="1" count="5" type="stmt"/>
        <line num="4" count="0" type="stmt"/>
        <line num="5" count="0" type="stmt"/>
        <line num="13" count="0" type="stmt"/>
        <line num="15" count="0" type="stmt"/>
      </file>
      <file name="validationJson.ts" path="C:/work/task2022Q3/react2023/graphiql-app/graphiql-app/src/utils/validationJson.ts">
        <metrics statements="7" coveredstatements="0" conditionals="3" coveredconditionals="0" methods="1" coveredmethods="0"/>
        <line num="2" count="0" type="stmt"/>
        <line num="3" count="0" type="stmt"/>
        <line num="4" count="0" type="stmt"/>
        <line num="5" count="0" type="cond" truecount="0" falsecount="2"/>
        <line num="7" count="0" type="cond" truecount="0" falsecount="1"/>
        <line num="8" count="0" type="stmt"/>
        <line num="11" count="0" type="stmt"/>
      </file>
    </package>
  </project>
</coverage>
