{"C:/work/task2022Q3/react2023/graphiql-app/graphiql-app/src/App.tsx": {"path":"C:/work/task2022Q3/react2023/graphiql-app/graphiql-app/src/App.tsx","statementMap":{"0":{"start":{"line":1,"column":48},"end":{"line":1,"column":null}},"1":{"start":{"line":9,"column":15},"end":{"line":9,"column":52}},"2":{"start":{"line":9,"column":26},"end":{"line":9,"column":50}},"3":{"start":{"line":9,"column":52},"end":{"line":9,"column":15}},"4":{"start":{"line":12,"column":2},"end":{"line":29,"column":null}},"5":{"start":{"line":31,"column":1},"end":{"line":11,"column":15}},"6":{"start":{"line":33,"column":19},"end":{"line":33,"column":null}}},"fnMap":{"0":{"name":"(anonymous_0)","decl":{"start":{"line":1,"column":48},"end":{"line":1,"column":null}},"loc":{"start":{"line":1,"column":48},"end":{"line":1,"column":null}}},"1":{"name":"(anonymous_1)","decl":{"start":{"line":9,"column":20},"end":{"line":9,"column":26}},"loc":{"start":{"line":9,"column":26},"end":{"line":9,"column":50}}},"2":{"name":"App","decl":{"start":{"line":11,"column":9},"end":{"line":11,"column":15}},"loc":{"start":{"line":11,"column":15},"end":{"line":31,"column":1}}}},"branchMap":{"0":{"loc":{"start":{"line":1,"column":48},"end":{"line":1,"column":null}},"type":"if","locations":[{"start":{"line":1,"column":48},"end":{"line":1,"column":null}}]}},"s":{"0":45,"1":5,"2":5,"3":5,"4":10,"5":5,"6":15},"f":{"0":15,"1":5,"2":10},"b":{"0":[5]}}
,"C:/work/task2022Q3/react2023/graphiql-app/graphiql-app/src/i18n.ts": {"path":"C:/work/task2022Q3/react2023/graphiql-app/graphiql-app/src/i18n.ts","statementMap":{"0":{"start":{"line":5,"column":18},"end":{"line":100,"column":null}},"1":{"start":{"line":102,"column":0},"end":{"line":112,"column":null}}},"fnMap":{},"branchMap":{},"s":{"0":5,"1":5},"f":{},"b":{}}
,"C:/work/task2022Q3/react2023/graphiql-app/graphiql-app/src/main.tsx": {"path":"C:/work/task2022Q3/react2023/graphiql-app/graphiql-app/src/main.tsx","statementMap":{"0":{"start":{"line":7,"column":0},"end":{"line":11,"column":null}}},"fnMap":{},"branchMap":{},"s":{"0":5},"f":{},"b":{}}
,"C:/work/task2022Q3/react2023/graphiql-app/graphiql-app/src/components/defaultAuthRoute.tsx": {"path":"C:/work/task2022Q3/react2023/graphiql-app/graphiql-app/src/components/defaultAuthRoute.tsx","statementMap":{"0":{"start":{"line":8,"column":61},"end":{"line":8,"column":null}},"1":{"start":{"line":9,"column":30},"end":{"line":9,"column":null}},"2":{"start":{"line":10,"column":2},"end":{"line":12,"column":null}},"3":{"start":{"line":11,"column":4},"end":{"line":11,"column":null}},"4":{"start":{"line":13,"column":2},"end":{"line":15,"column":null}},"5":{"start":{"line":14,"column":4},"end":{"line":14,"column":null}},"6":{"start":{"line":16,"column":2},"end":{"line":16,"column":null}},"7":{"start":{"line":17,"column":1},"end":{"line":9,"column":38}},"8":{"start":{"line":8,"column":25},"end":{"line":9,"column":38}},"9":{"start":{"line":9,"column":37},"end":{"line":8,"column":25}},"10":{"start":{"line":18,"column":32},"end":{"line":18,"column":null}}},"fnMap":{"0":{"name":"DefaultAuthRoute","decl":{"start":{"line":8,"column":9},"end":{"line":8,"column":25}},"loc":{"start":{"line":8,"column":61},"end":{"line":17,"column":1}}},"1":{"name":"(anonymous_2)","decl":{"start":{"line":8,"column":25},"end":{"line":8,"column":26}},"loc":{"start":{"line":8,"column":25},"end":{"line":9,"column":38}}}},"branchMap":{"0":{"loc":{"start":{"line":10,"column":2},"end":{"line":12,"column":null}},"type":"if","locations":[{"start":{"line":10,"column":2},"end":{"line":12,"column":null}}]},"1":{"loc":{"start":{"line":13,"column":2},"end":{"line":15,"column":null}},"type":"if","locations":[{"start":{"line":13,"column":2},"end":{"line":15,"column":null}}]}},"s":{"0":12,"1":12,"2":12,"3":6,"4":6,"5":6,"6":0,"7":5,"8":3,"9":5,"10":5},"f":{"0":12,"1":3},"b":{"0":[6],"1":[6]}}
,"C:/work/task2022Q3/react2023/graphiql-app/graphiql-app/src/components/editorArea.tsx": {"path":"C:/work/task2022Q3/react2023/graphiql-app/graphiql-app/src/components/editorArea.tsx","statementMap":{"0":{"start":{"line":43,"column":15},"end":{"line":43,"column":52}},"1":{"start":{"line":43,"column":32},"end":{"line":43,"column":50}},"2":{"start":{"line":43,"column":52},"end":{"line":43,"column":15}},"3":{"start":{"line":65,"column":29},"end":{"line":65,"column":null}},"4":{"start":{"line":66,"column":32},"end":{"line":66,"column":null}},"5":{"start":{"line":67,"column":34},"end":{"line":67,"column":null}},"6":{"start":{"line":68,"column":36},"end":{"line":68,"column":null}},"7":{"start":{"line":69,"column":32},"end":{"line":69,"column":null}},"8":{"start":{"line":70,"column":46},"end":{"line":70,"column":null}},"9":{"start":{"line":71,"column":42},"end":{"line":71,"column":null}},"10":{"start":{"line":72,"column":50},"end":{"line":72,"column":null}},"11":{"start":{"line":77,"column":6},"end":{"line":77,"column":null}},"12":{"start":{"line":82,"column":6},"end":{"line":82,"column":null}},"13":{"start":{"line":87,"column":6},"end":{"line":87,"column":null}},"14":{"start":{"line":92,"column":6},"end":{"line":92,"column":null}},"15":{"start":{"line":93,"column":16},"end":{"line":93,"column":null}},"16":{"start":{"line":94,"column":29},"end":{"line":94,"column":null}},"17":{"start":{"line":96,"column":19},"end":{"line":122,"column":null}},"18":{"start":{"line":97,"column":29},"end":{"line":97,"column":null}},"19":{"start":{"line":98,"column":27},"end":{"line":98,"column":null}},"20":{"start":{"line":99,"column":4},"end":{"line":121,"column":null}},"21":{"start":{"line":100,"column":6},"end":{"line":100,"column":null}},"22":{"start":{"line":101,"column":4},"end":{"line":121,"column":null}},"23":{"start":{"line":102,"column":29},"end":{"line":102,"column":null}},"24":{"start":{"line":103,"column":6},"end":{"line":114,"column":null}},"25":{"start":{"line":104,"column":8},"end":{"line":111,"column":null}},"26":{"start":{"line":113,"column":8},"end":{"line":113,"column":null}},"27":{"start":{"line":115,"column":4},"end":{"line":121,"column":null}},"28":{"start":{"line":116,"column":6},"end":{"line":116,"column":null}},"29":{"start":{"line":117,"column":6},"end":{"line":117,"column":null}},"30":{"start":{"line":118,"column":4},"end":{"line":121,"column":null}},"31":{"start":{"line":119,"column":6},"end":{"line":119,"column":null}},"32":{"start":{"line":120,"column":6},"end":{"line":120,"column":null}},"33":{"start":{"line":124,"column":23},"end":{"line":124,"column":null}},"34":{"start":{"line":124,"column":29},"end":{"line":124,"column":null}},"35":{"start":{"line":126,"column":16},"end":{"line":126,"column":null}},"36":{"start":{"line":128,"column":2},"end":{"line":263,"column":null}},"37":{"start":{"line":149,"column":69},"end":{"line":149,"column":96}},"38":{"start":{"line":209,"column":39},"end":{"line":209,"column":68}},"39":{"start":{"line":216,"column":39},"end":{"line":216,"column":66}},"40":{"start":{"line":265,"column":1},"end":{"line":126,"column":31}},"41":{"start":{"line":65,"column":26},"end":{"line":126,"column":31}},"42":{"start":{"line":126,"column":30},"end":{"line":65,"column":26}},"43":{"start":{"line":65,"column":26},"end":{"line":65,"column":29}}},"fnMap":{"0":{"name":"(anonymous_1)","decl":{"start":{"line":43,"column":26},"end":{"line":43,"column":32}},"loc":{"start":{"line":43,"column":32},"end":{"line":43,"column":50}}},"1":{"name":"EditorArea","decl":{"start":{"line":65,"column":16},"end":{"line":65,"column":26}},"loc":{"start":{"line":65,"column":29},"end":{"line":265,"column":1}}},"2":{"name":"(anonymous_3)","decl":{"start":{"line":96,"column":19},"end":{"line":96,"column":31}},"loc":{"start":{"line":96,"column":31},"end":{"line":122,"column":null}}},"3":{"name":"(anonymous_4)","decl":{"start":{"line":124,"column":23},"end":{"line":124,"column":29}},"loc":{"start":{"line":124,"column":29},"end":{"line":124,"column":null}}},"4":{"name":"(anonymous_5)","decl":{"start":{"line":149,"column":63},"end":{"line":149,"column":69}},"loc":{"start":{"line":149,"column":69},"end":{"line":149,"column":96}}},"5":{"name":"(anonymous_6)","decl":{"start":{"line":209,"column":33},"end":{"line":209,"column":39}},"loc":{"start":{"line":209,"column":39},"end":{"line":209,"column":68}}},"6":{"name":"(anonymous_7)","decl":{"start":{"line":216,"column":33},"end":{"line":216,"column":39}},"loc":{"start":{"line":216,"column":39},"end":{"line":216,"column":66}}},"7":{"name":"(anonymous_8)","decl":{"start":{"line":65,"column":26},"end":{"line":65,"column":29}},"loc":{"start":{"line":65,"column":26},"end":{"line":126,"column":31}}}},"branchMap":{"0":{"loc":{"start":{"line":99,"column":4},"end":{"line":121,"column":null}},"type":"if","locations":[{"start":{"line":99,"column":4},"end":{"line":121,"column":null}},{"start":{"line":101,"column":4},"end":{"line":121,"column":null}}]},"1":{"loc":{"start":{"line":101,"column":4},"end":{"line":121,"column":null}},"type":"if","locations":[{"start":{"line":101,"column":4},"end":{"line":121,"column":null}},{"start":{"line":115,"column":4},"end":{"line":121,"column":null}}]},"2":{"loc":{"start":{"line":101,"column":15},"end":{"line":101,"column":51}},"type":"binary-expr","locations":[{"start":{"line":101,"column":15},"end":{"line":101,"column":35}},{"start":{"line":101,"column":35},"end":{"line":101,"column":51}}]},"3":{"loc":{"start":{"line":103,"column":6},"end":{"line":114,"column":null}},"type":"if","locations":[{"start":{"line":103,"column":6},"end":{"line":114,"column":null}},{"start":{"line":112,"column":13},"end":{"line":114,"column":null}}]},"4":{"loc":{"start":{"line":103,"column":10},"end":{"line":103,"column":38}},"type":"binary-expr","locations":[{"start":{"line":103,"column":10},"end":{"line":103,"column":24}},{"start":{"line":103,"column":24},"end":{"line":103,"column":38}}]},"5":{"loc":{"start":{"line":115,"column":4},"end":{"line":121,"column":null}},"type":"if","locations":[{"start":{"line":115,"column":4},"end":{"line":121,"column":null}},{"start":{"line":118,"column":4},"end":{"line":121,"column":null}}]},"6":{"loc":{"start":{"line":118,"column":4},"end":{"line":121,"column":null}},"type":"if","locations":[{"start":{"line":118,"column":4},"end":{"line":121,"column":null}}]},"7":{"loc":{"start":{"line":118,"column":15},"end":{"line":118,"column":52}},"type":"binary-expr","locations":[{"start":{"line":118,"column":15},"end":{"line":118,"column":35}},{"start":{"line":118,"column":35},"end":{"line":118,"column":52}}]},"8":{"loc":{"start":{"line":130,"column":27},"end":{"line":130,"column":null}},"type":"cond-expr","locations":[{"start":{"line":130,"column":46},"end":{"line":130,"column":54}},{"start":{"line":130,"column":54},"end":{"line":130,"column":null}}]},"9":{"loc":{"start":{"line":131,"column":24},"end":{"line":131,"column":null}},"type":"cond-expr","locations":[{"start":{"line":131,"column":43},"end":{"line":131,"column":62}},{"start":{"line":131,"column":62},"end":{"line":131,"column":null}}]},"10":{"loc":{"start":{"line":146,"column":21},"end":{"line":146,"column":null}},"type":"cond-expr","locations":[{"start":{"line":146,"column":40},"end":{"line":146,"column":51}},{"start":{"line":146,"column":51},"end":{"line":146,"column":null}}]},"11":{"loc":{"start":{"line":200,"column":44},"end":{"line":200,"column":95}},"type":"cond-expr","locations":[{"start":{"line":200,"column":63},"end":{"line":200,"column":77}},{"start":{"line":200,"column":77},"end":{"line":200,"column":95}}]},"12":{"loc":{"start":{"line":225,"column":26},"end":{"line":225,"column":52}},"type":"cond-expr","locations":[{"start":{"line":225,"column":45},"end":{"line":225,"column":49}},{"start":{"line":225,"column":49},"end":{"line":225,"column":52}}]},"13":{"loc":{"start":{"line":225,"column":62},"end":{"line":225,"column":null}},"type":"cond-expr","locations":[{"start":{"line":225,"column":81},"end":{"line":225,"column":85}},{"start":{"line":225,"column":85},"end":{"line":225,"column":null}}]},"14":{"loc":{"start":{"line":228,"column":16},"end":{"line":228,"column":null}},"type":"cond-expr","locations":[{"start":{"line":228,"column":35},"end":{"line":228,"column":43}},{"start":{"line":228,"column":43},"end":{"line":228,"column":null}}]},"15":{"loc":{"start":{"line":229,"column":25},"end":{"line":229,"column":null}},"type":"cond-expr","locations":[{"start":{"line":229,"column":44},"end":{"line":229,"column":59}},{"start":{"line":229,"column":59},"end":{"line":229,"column":null}}]},"16":{"loc":{"start":{"line":256,"column":18},"end":{"line":256,"column":null}},"type":"cond-expr","locations":[{"start":{"line":256,"column":37},"end":{"line":256,"column":41}},{"start":{"line":256,"column":41},"end":{"line":256,"column":null}}]},"17":{"loc":{"start":{"line":257,"column":18},"end":{"line":257,"column":null}},"type":"cond-expr","locations":[{"start":{"line":257,"column":37},"end":{"line":257,"column":41}},{"start":{"line":257,"column":41},"end":{"line":257,"column":null}}]}},"s":{"0":5,"1":0,"2":5,"3":0,"4":0,"5":0,"6":0,"7":0,"8":0,"9":0,"10":0,"11":0,"12":0,"13":0,"14":0,"15":0,"16":0,"17":0,"18":0,"19":0,"20":0,"21":0,"22":0,"23":0,"24":0,"25":0,"26":0,"27":0,"28":0,"29":0,"30":0,"31":0,"32":0,"33":0,"34":0,"35":0,"36":0,"37":0,"38":0,"39":0,"40":5,"41":0,"42":5,"43":15},"f":{"0":0,"1":0,"2":0,"3":0,"4":0,"5":0,"6":0,"7":0},"b":{"0":[0,0],"1":[0,0],"2":[0,0],"3":[0,0],"4":[0,0],"5":[0,0],"6":[0],"7":[0,0],"8":[0,0],"9":[0,0],"10":[0,0],"11":[0,0],"12":[0,0],"13":[0,0],"14":[0,0],"15":[0,0],"16":[0,0],"17":[0,0]}}
,"C:/work/task2022Q3/react2023/graphiql-app/graphiql-app/src/components/loading.tsx": {"path":"C:/work/task2022Q3/react2023/graphiql-app/graphiql-app/src/components/loading.tsx","statementMap":{"0":{"start":{"line":1,"column":59},"end":{"line":1,"column":null}},"1":{"start":{"line":4,"column":2},"end":{"line":7,"column":null}},"2":{"start":{"line":9,"column":1},"end":{"line":3,"column":19}},"3":{"start":{"line":10,"column":23},"end":{"line":10,"column":null}}},"fnMap":{"0":{"name":"(anonymous_0)","decl":{"start":{"line":1,"column":59},"end":{"line":1,"column":null}},"loc":{"start":{"line":1,"column":59},"end":{"line":1,"column":null}}},"1":{"name":"Loading","decl":{"start":{"line":3,"column":9},"end":{"line":3,"column":19}},"loc":{"start":{"line":3,"column":19},"end":{"line":9,"column":1}}}},"branchMap":{"0":{"loc":{"start":{"line":1,"column":59},"end":{"line":1,"column":null}},"type":"if","locations":[{"start":{"line":1,"column":59},"end":{"line":1,"column":null}}]}},"s":{"0":35,"1":36,"2":5,"3":5},"f":{"0":5,"1":36},"b":{"0":[5]}}
,"C:/work/task2022Q3/react2023/graphiql-app/graphiql-app/src/components/loginForm.tsx": {"path":"C:/work/task2022Q3/react2023/graphiql-app/graphiql-app/src/components/loginForm.tsx","statementMap":{"0":{"start":{"line":29,"column":42},"end":{"line":29,"column":null}},"1":{"start":{"line":30,"column":16},"end":{"line":30,"column":null}},"2":{"start":{"line":31,"column":29},"end":{"line":31,"column":null}},"3":{"start":{"line":32,"column":29},"end":{"line":32,"column":null}},"4":{"start":{"line":34,"column":29},"end":{"line":34,"column":null}},"5":{"start":{"line":36,"column":17},"end":{"line":36,"column":null}},"6":{"start":{"line":38,"column":27},"end":{"line":46,"column":null}},"7":{"start":{"line":52,"column":6},"end":{"line":52,"column":null}},"8":{"start":{"line":54,"column":22},"end":{"line":56,"column":null}},"9":{"start":{"line":55,"column":4},"end":{"line":55,"column":null}},"10":{"start":{"line":58,"column":2},"end":{"line":121,"column":null}},"11":{"start":{"line":123,"column":1},"end":{"line":52,"column":25}},"12":{"start":{"line":29,"column":18},"end":{"line":52,"column":25}},"13":{"start":{"line":52,"column":13},"end":{"line":29,"column":18}},"14":{"start":{"line":124,"column":25},"end":{"line":124,"column":null}}},"fnMap":{"0":{"name":"LoginForm","decl":{"start":{"line":29,"column":9},"end":{"line":29,"column":18}},"loc":{"start":{"line":29,"column":42},"end":{"line":123,"column":1}}},"1":{"name":"(anonymous_2)","decl":{"start":{"line":54,"column":22},"end":{"line":54,"column":23}},"loc":{"start":{"line":54,"column":43},"end":{"line":56,"column":null}}},"2":{"name":"(anonymous_3)","decl":{"start":{"line":29,"column":18},"end":{"line":29,"column":19}},"loc":{"start":{"line":29,"column":18},"end":{"line":52,"column":25}}}},"branchMap":{"0":{"loc":{"start":{"line":67,"column":19},"end":{"line":67,"column":null}},"type":"cond-expr","locations":[{"start":{"line":67,"column":38},"end":{"line":67,"column":42}},{"start":{"line":67,"column":42},"end":{"line":67,"column":null}}]},"1":{"loc":{"start":{"line":70,"column":14},"end":{"line":70,"column":null}},"type":"cond-expr","locations":[{"start":{"line":70,"column":33},"end":{"line":70,"column":37}},{"start":{"line":70,"column":37},"end":{"line":70,"column":null}}]},"2":{"loc":{"start":{"line":72,"column":13},"end":{"line":72,"column":null}},"type":"cond-expr","locations":[{"start":{"line":72,"column":32},"end":{"line":72,"column":40}},{"start":{"line":72,"column":40},"end":{"line":72,"column":null}}]},"3":{"loc":{"start":{"line":73,"column":15},"end":{"line":73,"column":null}},"type":"cond-expr","locations":[{"start":{"line":73,"column":34},"end":{"line":73,"column":40}},{"start":{"line":73,"column":40},"end":{"line":73,"column":null}}]},"4":{"loc":{"start":{"line":78,"column":36},"end":{"line":78,"column":null}},"type":"cond-expr","locations":[{"start":{"line":78,"column":55},"end":{"line":78,"column":63}},{"start":{"line":78,"column":63},"end":{"line":78,"column":null}}]},"5":{"loc":{"start":{"line":95,"column":35},"end":{"line":95,"column":72}},"type":"binary-expr","locations":[{"start":{"line":95,"column":35},"end":{"line":95,"column":51}},{"start":{"line":95,"column":51},"end":{"line":95,"column":72}}]},"6":{"loc":{"start":{"line":100,"column":35},"end":{"line":100,"column":78}},"type":"binary-expr","locations":[{"start":{"line":100,"column":35},"end":{"line":100,"column":54}},{"start":{"line":100,"column":54},"end":{"line":100,"column":78}}]}},"s":{"0":16,"1":16,"2":16,"3":16,"4":16,"5":16,"6":16,"7":16,"8":16,"9":1,"10":16,"11":5,"12":3,"13":5,"14":5},"f":{"0":16,"1":1,"2":3},"b":{"0":[0,16],"1":[10,6],"2":[0,16],"3":[10,6],"4":[0,16],"5":[16,0],"6":[16,0]}}
,"C:/work/task2022Q3/react2023/graphiql-app/graphiql-app/src/components/protectedRoute.tsx": {"path":"C:/work/task2022Q3/react2023/graphiql-app/graphiql-app/src/components/protectedRoute.tsx","statementMap":{"0":{"start":{"line":8,"column":59},"end":{"line":8,"column":null}},"1":{"start":{"line":9,"column":30},"end":{"line":9,"column":null}},"2":{"start":{"line":10,"column":2},"end":{"line":12,"column":null}},"3":{"start":{"line":11,"column":4},"end":{"line":11,"column":null}},"4":{"start":{"line":13,"column":2},"end":{"line":15,"column":null}},"5":{"start":{"line":14,"column":4},"end":{"line":14,"column":null}},"6":{"start":{"line":16,"column":2},"end":{"line":16,"column":null}},"7":{"start":{"line":17,"column":1},"end":{"line":9,"column":38}},"8":{"start":{"line":8,"column":23},"end":{"line":9,"column":38}},"9":{"start":{"line":9,"column":37},"end":{"line":8,"column":23}},"10":{"start":{"line":18,"column":30},"end":{"line":18,"column":null}}},"fnMap":{"0":{"name":"ProtectedRoute","decl":{"start":{"line":8,"column":9},"end":{"line":8,"column":23}},"loc":{"start":{"line":8,"column":59},"end":{"line":17,"column":1}}},"1":{"name":"(anonymous_2)","decl":{"start":{"line":8,"column":23},"end":{"line":8,"column":24}},"loc":{"start":{"line":8,"column":23},"end":{"line":9,"column":38}}}},"branchMap":{"0":{"loc":{"start":{"line":10,"column":2},"end":{"line":12,"column":null}},"type":"if","locations":[{"start":{"line":10,"column":2},"end":{"line":12,"column":null}}]},"1":{"loc":{"start":{"line":13,"column":2},"end":{"line":15,"column":null}},"type":"if","locations":[{"start":{"line":13,"column":2},"end":{"line":15,"column":null}}]}},"s":{"0":0,"1":0,"2":0,"3":0,"4":0,"5":0,"6":0,"7":5,"8":0,"9":5,"10":5},"f":{"0":0,"1":0},"b":{"0":[0],"1":[0]}}
,"C:/work/task2022Q3/react2023/graphiql-app/graphiql-app/src/components/Buttons/LinkButton.tsx": {"path":"C:/work/task2022Q3/react2023/graphiql-app/graphiql-app/src/components/Buttons/LinkButton.tsx","statementMap":{"0":{"start":{"line":1,"column":41},"end":{"line":1,"column":null}},"1":{"start":{"line":14,"column":26},"end":{"line":42,"column":2}},"2":{"start":{"line":15,"column":2},"end":{"line":40,"column":null}},"3":{"start":{"line":42,"column":2},"end":{"line":14,"column":23}},"4":{"start":{"line":14,"column":23},"end":{"line":14,"column":26}}},"fnMap":{"0":{"name":"(anonymous_0)","decl":{"start":{"line":1,"column":41},"end":{"line":1,"column":null}},"loc":{"start":{"line":1,"column":41},"end":{"line":1,"column":null}}},"1":{"name":"(anonymous_1)","decl":{"start":{"line":14,"column":26},"end":{"line":14,"column":27}},"loc":{"start":{"line":14,"column":50},"end":{"line":42,"column":2}}}},"branchMap":{"0":{"loc":{"start":{"line":1,"column":41},"end":{"line":1,"column":null}},"type":"if","locations":[{"start":{"line":1,"column":41},"end":{"line":1,"column":null}}]},"1":{"loc":{"start":{"line":20,"column":13},"end":{"line":20,"column":null}},"type":"binary-expr","locations":[{"start":{"line":20,"column":13},"end":{"line":20,"column":28}},{"start":{"line":20,"column":28},"end":{"line":20,"column":null}}]}},"s":{"0":35,"1":5,"2":116,"3":5,"4":5},"f":{"0":5,"1":116},"b":{"0":[5],"1":[116,116]}}
,"C:/work/task2022Q3/react2023/graphiql-app/graphiql-app/src/components/Buttons/ScrollTopButton.tsx": {"path":"C:/work/task2022Q3/react2023/graphiql-app/graphiql-app/src/components/Buttons/ScrollTopButton.tsx","statementMap":{"0":{"start":{"line":5,"column":31},"end":{"line":35,"column":2}},"1":{"start":{"line":5,"column":37},"end":{"line":5,"column":null}},"2":{"start":{"line":6,"column":27},"end":{"line":6,"column":null}},"3":{"start":{"line":7,"column":29},"end":{"line":7,"column":null}},"4":{"start":{"line":8,"column":29},"end":{"line":8,"column":null}},"5":{"start":{"line":10,"column":22},"end":{"line":12,"column":null}},"6":{"start":{"line":11,"column":4},"end":{"line":11,"column":null}},"7":{"start":{"line":13,"column":16},"end":{"line":13,"column":null}},"8":{"start":{"line":14,"column":2},"end":{"line":33,"column":null}},"9":{"start":{"line":35,"column":2},"end":{"line":13,"column":31}},"10":{"start":{"line":5,"column":28},"end":{"line":13,"column":31}},"11":{"start":{"line":13,"column":30},"end":{"line":5,"column":28}},"12":{"start":{"line":5,"column":28},"end":{"line":5,"column":31}}},"fnMap":{"0":{"name":"(anonymous_1)","decl":{"start":{"line":5,"column":31},"end":{"line":5,"column":37}},"loc":{"start":{"line":5,"column":37},"end":{"line":35,"column":2}}},"1":{"name":"(anonymous_2)","decl":{"start":{"line":10,"column":22},"end":{"line":10,"column":28}},"loc":{"start":{"line":10,"column":28},"end":{"line":12,"column":null}}},"2":{"name":"(anonymous_3)","decl":{"start":{"line":5,"column":28},"end":{"line":5,"column":31}},"loc":{"start":{"line":5,"column":28},"end":{"line":13,"column":31}}}},"branchMap":{"0":{"loc":{"start":{"line":23,"column":14},"end":{"line":23,"column":null}},"type":"cond-expr","locations":[{"start":{"line":23,"column":38},"end":{"line":23,"column":50}},{"start":{"line":23,"column":50},"end":{"line":23,"column":null}}]},"1":{"loc":{"start":{"line":23,"column":50},"end":{"line":23,"column":null}},"type":"cond-expr","locations":[{"start":{"line":23,"column":69},"end":{"line":23,"column":78}},{"start":{"line":23,"column":78},"end":{"line":23,"column":null}}]},"2":{"loc":{"start":{"line":24,"column":13},"end":{"line":24,"column":null}},"type":"cond-expr","locations":[{"start":{"line":24,"column":32},"end":{"line":24,"column":40}},{"start":{"line":24,"column":40},"end":{"line":24,"column":null}}]}},"s":{"0":5,"1":58,"2":58,"3":58,"4":58,"5":58,"6":0,"7":58,"8":58,"9":5,"10":4,"11":5,"12":5},"f":{"0":58,"1":0,"2":4},"b":{"0":[52,6],"1":[0,6],"2":[0,58]}}
,"C:/work/task2022Q3/react2023/graphiql-app/graphiql-app/src/components/Buttons/ToggleButton.tsx": {"path":"C:/work/task2022Q3/react2023/graphiql-app/graphiql-app/src/components/Buttons/ToggleButton.tsx","statementMap":{"0":{"start":{"line":1,"column":41},"end":{"line":1,"column":null}},"1":{"start":{"line":14,"column":28},"end":{"line":33,"column":2}},"2":{"start":{"line":15,"column":2},"end":{"line":31,"column":null}},"3":{"start":{"line":33,"column":2},"end":{"line":14,"column":25}},"4":{"start":{"line":14,"column":25},"end":{"line":14,"column":28}}},"fnMap":{"0":{"name":"(anonymous_0)","decl":{"start":{"line":1,"column":41},"end":{"line":1,"column":null}},"loc":{"start":{"line":1,"column":41},"end":{"line":1,"column":null}}},"1":{"name":"(anonymous_1)","decl":{"start":{"line":14,"column":28},"end":{"line":14,"column":29}},"loc":{"start":{"line":14,"column":52},"end":{"line":33,"column":2}}}},"branchMap":{"0":{"loc":{"start":{"line":1,"column":41},"end":{"line":1,"column":null}},"type":"if","locations":[{"start":{"line":1,"column":41},"end":{"line":1,"column":null}}]},"1":{"loc":{"start":{"line":19,"column":13},"end":{"line":19,"column":null}},"type":"binary-expr","locations":[{"start":{"line":19,"column":13},"end":{"line":19,"column":28}},{"start":{"line":19,"column":28},"end":{"line":19,"column":null}}]},"2":{"loc":{"start":{"line":21,"column":12},"end":{"line":21,"column":null}},"type":"binary-expr","locations":[{"start":{"line":21,"column":12},"end":{"line":21,"column":26}},{"start":{"line":21,"column":26},"end":{"line":21,"column":null}}]},"3":{"loc":{"start":{"line":27,"column":19},"end":{"line":27,"column":null}},"type":"binary-expr","locations":[{"start":{"line":27,"column":19},"end":{"line":27,"column":34}},{"start":{"line":27,"column":34},"end":{"line":27,"column":null}}]},"4":{"loc":{"start":{"line":28,"column":14},"end":{"line":28,"column":null}},"type":"cond-expr","locations":[{"start":{"line":28,"column":32},"end":{"line":28,"column":46}},{"start":{"line":28,"column":46},"end":{"line":28,"column":null}}]}},"s":{"0":35,"1":5,"2":66,"3":5,"4":5},"f":{"0":5,"1":66},"b":{"0":[5],"1":[66,50],"2":[66,50],"3":[66,50],"4":[16,50]}}
,"C:/work/task2022Q3/react2023/graphiql-app/graphiql-app/src/components/Footer/Footer.tsx": {"path":"C:/work/task2022Q3/react2023/graphiql-app/graphiql-app/src/components/Footer/Footer.tsx","statementMap":{"0":{"start":{"line":4,"column":22},"end":{"line":72,"column":2}},"1":{"start":{"line":4,"column":28},"end":{"line":4,"column":null}},"2":{"start":{"line":5,"column":29},"end":{"line":5,"column":null}},"3":{"start":{"line":6,"column":29},"end":{"line":6,"column":null}},"4":{"start":{"line":7,"column":29},"end":{"line":7,"column":null}},"5":{"start":{"line":8,"column":2},"end":{"line":70,"column":null}},"6":{"start":{"line":72,"column":2},"end":{"line":7,"column":43}},"7":{"start":{"line":4,"column":19},"end":{"line":7,"column":43}},"8":{"start":{"line":7,"column":42},"end":{"line":4,"column":19}},"9":{"start":{"line":4,"column":19},"end":{"line":4,"column":22}}},"fnMap":{"0":{"name":"(anonymous_1)","decl":{"start":{"line":4,"column":22},"end":{"line":4,"column":28}},"loc":{"start":{"line":4,"column":28},"end":{"line":72,"column":2}}},"1":{"name":"(anonymous_2)","decl":{"start":{"line":4,"column":19},"end":{"line":4,"column":22}},"loc":{"start":{"line":4,"column":19},"end":{"line":7,"column":43}}}},"branchMap":{"0":{"loc":{"start":{"line":12,"column":9},"end":{"line":12,"column":null}},"type":"cond-expr","locations":[{"start":{"line":12,"column":28},"end":{"line":12,"column":37}},{"start":{"line":12,"column":37},"end":{"line":12,"column":null}}]},"1":{"loc":{"start":{"line":14,"column":10},"end":{"line":14,"column":null}},"type":"cond-expr","locations":[{"start":{"line":14,"column":29},"end":{"line":14,"column":37}},{"start":{"line":14,"column":37},"end":{"line":14,"column":null}}]},"2":{"loc":{"start":{"line":20,"column":13},"end":{"line":20,"column":null}},"type":"cond-expr","locations":[{"start":{"line":20,"column":32},"end":{"line":20,"column":36}},{"start":{"line":20,"column":36},"end":{"line":20,"column":null}}]},"3":{"loc":{"start":{"line":35,"column":11},"end":{"line":38,"column":null}},"type":"binary-expr","locations":[{"start":{"line":35,"column":11},"end":{"line":35,"column":null}},{"start":{"line":36,"column":12},"end":{"line":38,"column":null}}]}},"s":{"0":5,"1":20,"2":20,"3":20,"4":20,"5":20,"6":5,"7":5,"8":5,"9":5},"f":{"0":20,"1":5},"b":{"0":[0,20],"1":[0,20],"2":[0,20],"3":[20,20]}}
,"C:/work/task2022Q3/react2023/graphiql-app/graphiql-app/src/components/Header/Header.tsx": {"path":"C:/work/task2022Q3/react2023/graphiql-app/graphiql-app/src/components/Header/Header.tsx","statementMap":{"0":{"start":{"line":28,"column":22},"end":{"line":200,"column":2}},"1":{"start":{"line":28,"column":28},"end":{"line":28,"column":null}},"2":{"start":{"line":29,"column":30},"end":{"line":29,"column":null}},"3":{"start":{"line":30,"column":38},"end":{"line":30,"column":null}},"4":{"start":{"line":31,"column":29},"end":{"line":31,"column":null}},"5":{"start":{"line":32,"column":29},"end":{"line":32,"column":null}},"6":{"start":{"line":33,"column":29},"end":{"line":33,"column":null}},"7":{"start":{"line":34,"column":22},"end":{"line":34,"column":null}},"8":{"start":{"line":35,"column":23},"end":{"line":35,"column":null}},"9":{"start":{"line":37,"column":23},"end":{"line":37,"column":null}},"10":{"start":{"line":39,"column":19},"end":{"line":39,"column":null}},"11":{"start":{"line":41,"column":23},"end":{"line":41,"column":null}},"12":{"start":{"line":42,"column":19},"end":{"line":42,"column":null}},"13":{"start":{"line":43,"column":18},"end":{"line":46,"column":null}},"14":{"start":{"line":44,"column":4},"end":{"line":44,"column":null}},"15":{"start":{"line":45,"column":4},"end":{"line":45,"column":null}},"16":{"start":{"line":48,"column":2},"end":{"line":50,"column":null}},"17":{"start":{"line":49,"column":4},"end":{"line":49,"column":null}},"18":{"start":{"line":52,"column":2},"end":{"line":198,"column":null}},"19":{"start":{"line":106,"column":35},"end":{"line":106,"column":90}},"20":{"start":{"line":153,"column":20},"end":{"line":153,"column":null}},"21":{"start":{"line":154,"column":20},"end":{"line":154,"column":null}},"22":{"start":{"line":174,"column":31},"end":{"line":174,"column":86}},"23":{"start":{"line":200,"column":2},"end":{"line":42,"column":31}},"24":{"start":{"line":28,"column":19},"end":{"line":42,"column":31}},"25":{"start":{"line":42,"column":30},"end":{"line":28,"column":19}},"26":{"start":{"line":28,"column":19},"end":{"line":28,"column":22}}},"fnMap":{"0":{"name":"(anonymous_1)","decl":{"start":{"line":28,"column":22},"end":{"line":28,"column":28}},"loc":{"start":{"line":28,"column":28},"end":{"line":200,"column":2}}},"1":{"name":"(anonymous_2)","decl":{"start":{"line":43,"column":18},"end":{"line":43,"column":24}},"loc":{"start":{"line":43,"column":24},"end":{"line":46,"column":null}}},"2":{"name":"(anonymous_3)","decl":{"start":{"line":106,"column":29},"end":{"line":106,"column":35}},"loc":{"start":{"line":106,"column":35},"end":{"line":106,"column":90}}},"3":{"name":"(anonymous_4)","decl":{"start":{"line":152,"column":27},"end":{"line":152,"column":33}},"loc":{"start":{"line":152,"column":33},"end":{"line":155,"column":20}}},"4":{"name":"(anonymous_5)","decl":{"start":{"line":174,"column":25},"end":{"line":174,"column":31}},"loc":{"start":{"line":174,"column":31},"end":{"line":174,"column":86}}},"5":{"name":"(anonymous_6)","decl":{"start":{"line":28,"column":19},"end":{"line":28,"column":22}},"loc":{"start":{"line":28,"column":19},"end":{"line":42,"column":31}}}},"branchMap":{"0":{"loc":{"start":{"line":48,"column":2},"end":{"line":50,"column":null}},"type":"if","locations":[{"start":{"line":48,"column":2},"end":{"line":50,"column":null}}]},"1":{"loc":{"start":{"line":58,"column":24},"end":{"line":58,"column":58}},"type":"cond-expr","locations":[{"start":{"line":58,"column":43},"end":{"line":58,"column":50}},{"start":{"line":58,"column":50},"end":{"line":58,"column":58}}]},"2":{"loc":{"start":{"line":63,"column":12},"end":{"line":69,"column":null}},"type":"cond-expr","locations":[{"start":{"line":64,"column":16},"end":{"line":64,"column":null}},{"start":{"line":65,"column":16},"end":{"line":69,"column":null}}]},"3":{"loc":{"start":{"line":63,"column":12},"end":{"line":63,"column":null}},"type":"binary-expr","locations":[{"start":{"line":63,"column":12},"end":{"line":63,"column":43}},{"start":{"line":63,"column":43},"end":{"line":63,"column":null}}]},"4":{"loc":{"start":{"line":65,"column":16},"end":{"line":69,"column":null}},"type":"cond-expr","locations":[{"start":{"line":66,"column":16},"end":{"line":66,"column":null}},{"start":{"line":67,"column":16},"end":{"line":69,"column":null}}]},"5":{"loc":{"start":{"line":65,"column":16},"end":{"line":65,"column":null}},"type":"binary-expr","locations":[{"start":{"line":65,"column":16},"end":{"line":65,"column":48}},{"start":{"line":65,"column":48},"end":{"line":65,"column":null}}]},"6":{"loc":{"start":{"line":67,"column":16},"end":{"line":69,"column":null}},"type":"cond-expr","locations":[{"start":{"line":68,"column":16},"end":{"line":68,"column":null}},{"start":{"line":69,"column":16},"end":{"line":69,"column":null}}]},"7":{"loc":{"start":{"line":67,"column":16},"end":{"line":67,"column":null}},"type":"binary-expr","locations":[{"start":{"line":67,"column":16},"end":{"line":67,"column":47}},{"start":{"line":67,"column":47},"end":{"line":67,"column":null}}]},"8":{"loc":{"start":{"line":73,"column":14},"end":{"line":73,"column":null}},"type":"cond-expr","locations":[{"start":{"line":73,"column":33},"end":{"line":73,"column":41}},{"start":{"line":73,"column":41},"end":{"line":73,"column":null}}]},"9":{"loc":{"start":{"line":81,"column":14},"end":{"line":83,"column":null}},"type":"cond-expr","locations":[{"start":{"line":82,"column":18},"end":{"line":82,"column":null}},{"start":{"line":83,"column":18},"end":{"line":83,"column":null}}]},"10":{"loc":{"start":{"line":86,"column":11},"end":{"line":128,"column":null}},"type":"binary-expr","locations":[{"start":{"line":86,"column":11},"end":{"line":86,"column":null}},{"start":{"line":87,"column":12},"end":{"line":128,"column":null}}]},"11":{"loc":{"start":{"line":89,"column":17},"end":{"line":92,"column":null}},"type":"binary-expr","locations":[{"start":{"line":89,"column":17},"end":{"line":89,"column":null}},{"start":{"line":90,"column":18},"end":{"line":92,"column":null}}]},"12":{"loc":{"start":{"line":94,"column":17},"end":{"line":97,"column":null}},"type":"binary-expr","locations":[{"start":{"line":94,"column":17},"end":{"line":94,"column":null}},{"start":{"line":95,"column":18},"end":{"line":97,"column":null}}]},"13":{"loc":{"start":{"line":106,"column":55},"end":{"line":106,"column":88}},"type":"cond-expr","locations":[{"start":{"line":106,"column":77},"end":{"line":106,"column":84}},{"start":{"line":106,"column":84},"end":{"line":106,"column":88}}]},"14":{"loc":{"start":{"line":108,"column":19},"end":{"line":114,"column":null}},"type":"binary-expr","locations":[{"start":{"line":108,"column":19},"end":{"line":108,"column":null}},{"start":{"line":109,"column":20},"end":{"line":114,"column":null}}]},"15":{"loc":{"start":{"line":116,"column":19},"end":{"line":124,"column":null}},"type":"binary-expr","locations":[{"start":{"line":116,"column":19},"end":{"line":116,"column":null}},{"start":{"line":117,"column":20},"end":{"line":124,"column":null}}]},"16":{"loc":{"start":{"line":119,"column":25},"end":{"line":120,"column":null}},"type":"binary-expr","locations":[{"start":{"line":119,"column":25},"end":{"line":119,"column":null}},{"start":{"line":120,"column":26},"end":{"line":120,"column":null}}]},"17":{"loc":{"start":{"line":130,"column":11},"end":{"line":158,"column":null}},"type":"binary-expr","locations":[{"start":{"line":130,"column":11},"end":{"line":130,"column":null}},{"start":{"line":131,"column":12},"end":{"line":158,"column":null}}]},"18":{"loc":{"start":{"line":133,"column":17},"end":{"line":136,"column":null}},"type":"binary-expr","locations":[{"start":{"line":133,"column":17},"end":{"line":133,"column":null}},{"start":{"line":134,"column":18},"end":{"line":136,"column":null}}]},"19":{"loc":{"start":{"line":138,"column":17},"end":{"line":141,"column":null}},"type":"binary-expr","locations":[{"start":{"line":138,"column":17},"end":{"line":138,"column":null}},{"start":{"line":139,"column":18},"end":{"line":141,"column":null}}]},"20":{"loc":{"start":{"line":151,"column":24},"end":{"line":151,"column":null}},"type":"cond-expr","locations":[{"start":{"line":151,"column":38},"end":{"line":151,"column":54}},{"start":{"line":151,"column":54},"end":{"line":151,"column":null}}]},"21":{"loc":{"start":{"line":153,"column":33},"end":{"line":153,"column":59}},"type":"cond-expr","locations":[{"start":{"line":153,"column":47},"end":{"line":153,"column":55}},{"start":{"line":153,"column":55},"end":{"line":153,"column":59}}]},"22":{"loc":{"start":{"line":161,"column":9},"end":{"line":195,"column":null}},"type":"binary-expr","locations":[{"start":{"line":161,"column":9},"end":{"line":161,"column":null}},{"start":{"line":162,"column":10},"end":{"line":195,"column":null}}]},"23":{"loc":{"start":{"line":174,"column":51},"end":{"line":174,"column":84}},"type":"cond-expr","locations":[{"start":{"line":174,"column":73},"end":{"line":174,"column":80}},{"start":{"line":174,"column":80},"end":{"line":174,"column":84}}]},"24":{"loc":{"start":{"line":176,"column":15},"end":{"line":182,"column":null}},"type":"binary-expr","locations":[{"start":{"line":176,"column":15},"end":{"line":176,"column":null}},{"start":{"line":177,"column":16},"end":{"line":182,"column":null}}]},"25":{"loc":{"start":{"line":184,"column":15},"end":{"line":192,"column":null}},"type":"binary-expr","locations":[{"start":{"line":184,"column":15},"end":{"line":184,"column":null}},{"start":{"line":185,"column":16},"end":{"line":192,"column":null}}]},"26":{"loc":{"start":{"line":187,"column":21},"end":{"line":188,"column":null}},"type":"binary-expr","locations":[{"start":{"line":187,"column":21},"end":{"line":187,"column":null}},{"start":{"line":188,"column":22},"end":{"line":188,"column":null}}]}},"s":{"0":5,"1":72,"2":72,"3":72,"4":72,"5":72,"6":72,"7":72,"8":72,"9":72,"10":72,"11":72,"12":72,"13":72,"14":0,"15":0,"16":72,"17":20,"18":52,"19":2,"20":0,"21":0,"22":0,"23":5,"24":5,"25":5,"26":5},"f":{"0":72,"1":0,"2":2,"3":0,"4":0,"5":5},"b":{"0":[20],"1":[0,52],"2":[44,8],"3":[52,44],"4":[8,0],"5":[8,8],"6":[0,0],"7":[0,0],"8":[0,52],"9":[44,8],"10":[52,52],"11":[52,34],"12":[52,18],"13":[1,1],"14":[52,52],"15":[52,0],"16":[0,0],"17":[52,0],"18":[0,0],"19":[0,0],"20":[0,0],"21":[0,0],"22":[52,0],"23":[0,0],"24":[0,0],"25":[0,0],"26":[0,0]}}
,"C:/work/task2022Q3/react2023/graphiql-app/graphiql-app/src/hooks/scrollPercentage.tsx": {"path":"C:/work/task2022Q3/react2023/graphiql-app/graphiql-app/src/hooks/scrollPercentage.tsx","statementMap":{"0":{"start":{"line":3,"column":35},"end":{"line":19,"column":2}},"1":{"start":{"line":3,"column":41},"end":{"line":3,"column":null}},"2":{"start":{"line":4,"column":50},"end":{"line":4,"column":null}},"3":{"start":{"line":6,"column":2},"end":{"line":16,"column":null}},"4":{"start":{"line":7,"column":35},"end":{"line":11,"column":null}},"5":{"start":{"line":8,"column":6},"end":{"line":10,"column":null}},"6":{"start":{"line":13,"column":4},"end":{"line":13,"column":null}},"7":{"start":{"line":15,"column":4},"end":{"line":15,"column":null}},"8":{"start":{"line":18,"column":2},"end":{"line":18,"column":null}},"9":{"start":{"line":19,"column":2},"end":{"line":3,"column":35}}},"fnMap":{"0":{"name":"(anonymous_1)","decl":{"start":{"line":3,"column":35},"end":{"line":3,"column":41}},"loc":{"start":{"line":3,"column":41},"end":{"line":19,"column":2}}},"1":{"name":"(anonymous_2)","decl":{"start":{"line":6,"column":12},"end":{"line":6,"column":18}},"loc":{"start":{"line":6,"column":18},"end":{"line":16,"column":5}}},"2":{"name":"(anonymous_3)","decl":{"start":{"line":7,"column":35},"end":{"line":7,"column":41}},"loc":{"start":{"line":7,"column":41},"end":{"line":11,"column":null}}}},"branchMap":{},"s":{"0":5,"1":104,"2":104,"3":104,"4":18,"5":86,"6":18,"7":18,"8":104,"9":5},"f":{"0":104,"1":18,"2":86},"b":{}}
,"C:/work/task2022Q3/react2023/graphiql-app/graphiql-app/src/hooks/scrollPixels.tsx": {"path":"C:/work/task2022Q3/react2023/graphiql-app/graphiql-app/src/hooks/scrollPixels.tsx","statementMap":{"0":{"start":{"line":3,"column":31},"end":{"line":17,"column":2}},"1":{"start":{"line":3,"column":37},"end":{"line":3,"column":null}},"2":{"start":{"line":4,"column":42},"end":{"line":4,"column":null}},"3":{"start":{"line":6,"column":2},"end":{"line":14,"column":null}},"4":{"start":{"line":7,"column":31},"end":{"line":9,"column":null}},"5":{"start":{"line":8,"column":6},"end":{"line":8,"column":null}},"6":{"start":{"line":11,"column":4},"end":{"line":11,"column":null}},"7":{"start":{"line":13,"column":4},"end":{"line":13,"column":null}},"8":{"start":{"line":16,"column":2},"end":{"line":16,"column":null}},"9":{"start":{"line":17,"column":2},"end":{"line":3,"column":31}}},"fnMap":{"0":{"name":"(anonymous_1)","decl":{"start":{"line":3,"column":31},"end":{"line":3,"column":37}},"loc":{"start":{"line":3,"column":37},"end":{"line":17,"column":2}}},"1":{"name":"(anonymous_2)","decl":{"start":{"line":6,"column":12},"end":{"line":6,"column":18}},"loc":{"start":{"line":6,"column":18},"end":{"line":14,"column":5}}},"2":{"name":"(anonymous_3)","decl":{"start":{"line":7,"column":31},"end":{"line":7,"column":37}},"loc":{"start":{"line":7,"column":37},"end":{"line":9,"column":null}}}},"branchMap":{},"s":{"0":5,"1":72,"2":72,"3":72,"4":10,"5":44,"6":10,"7":10,"8":72,"9":5},"f":{"0":72,"1":10,"2":44},"b":{}}
,"C:/work/task2022Q3/react2023/graphiql-app/graphiql-app/src/hooks/useAuth.ts": {"path":"C:/work/task2022Q3/react2023/graphiql-app/graphiql-app/src/hooks/useAuth.ts","statementMap":{"0":{"start":{"line":6,"column":33},"end":{"line":6,"column":null}},"1":{"start":{"line":7,"column":16},"end":{"line":7,"column":null}},"2":{"start":{"line":8,"column":2},"end":{"line":16,"column":null}},"3":{"start":{"line":9,"column":4},"end":{"line":15,"column":null}},"4":{"start":{"line":17,"column":2},"end":{"line":17,"column":null}}},"fnMap":{"0":{"name":"useAuth","decl":{"start":{"line":5,"column":16},"end":{"line":5,"column":26}},"loc":{"start":{"line":5,"column":26},"end":{"line":18,"column":null}}}},"branchMap":{"0":{"loc":{"start":{"line":8,"column":2},"end":{"line":16,"column":null}},"type":"if","locations":[{"start":{"line":8,"column":2},"end":{"line":16,"column":null}}]}},"s":{"0":84,"1":84,"2":84,"3":0,"4":84},"f":{"0":84},"b":{"0":[0]}}
,"C:/work/task2022Q3/react2023/graphiql-app/graphiql-app/src/pages/Editor.tsx": {"path":"C:/work/task2022Q3/react2023/graphiql-app/graphiql-app/src/pages/Editor.tsx","statementMap":{"0":{"start":{"line":1,"column":53},"end":{"line":1,"column":null}},"1":{"start":{"line":5,"column":2},"end":{"line":8,"column":null}},"2":{"start":{"line":10,"column":1},"end":{"line":4,"column":18}},"3":{"start":{"line":11,"column":22},"end":{"line":11,"column":null}}},"fnMap":{"0":{"name":"(anonymous_0)","decl":{"start":{"line":1,"column":53},"end":{"line":1,"column":null}},"loc":{"start":{"line":1,"column":53},"end":{"line":1,"column":null}}},"1":{"name":"Editor","decl":{"start":{"line":4,"column":9},"end":{"line":4,"column":18}},"loc":{"start":{"line":4,"column":18},"end":{"line":10,"column":1}}}},"branchMap":{"0":{"loc":{"start":{"line":1,"column":53},"end":{"line":1,"column":null}},"type":"if","locations":[{"start":{"line":1,"column":53},"end":{"line":1,"column":null}}]}},"s":{"0":35,"1":0,"2":5,"3":5},"f":{"0":5,"1":0},"b":{"0":[5]}}
,"C:/work/task2022Q3/react2023/graphiql-app/graphiql-app/src/pages/NotFound.tsx": {"path":"C:/work/task2022Q3/react2023/graphiql-app/graphiql-app/src/pages/NotFound.tsx","statementMap":{"0":{"start":{"line":4,"column":20},"end":{"line":4,"column":null}},"1":{"start":{"line":5,"column":16},"end":{"line":5,"column":null}},"2":{"start":{"line":6,"column":2},"end":{"line":17,"column":null}},"3":{"start":{"line":19,"column":1},"end":{"line":5,"column":31}},"4":{"start":{"line":4,"column":17},"end":{"line":5,"column":31}},"5":{"start":{"line":5,"column":30},"end":{"line":4,"column":17}},"6":{"start":{"line":20,"column":24},"end":{"line":20,"column":null}}},"fnMap":{"0":{"name":"NotFound","decl":{"start":{"line":4,"column":9},"end":{"line":4,"column":17}},"loc":{"start":{"line":4,"column":20},"end":{"line":19,"column":1}}},"1":{"name":"(anonymous_2)","decl":{"start":{"line":4,"column":17},"end":{"line":4,"column":20}},"loc":{"start":{"line":4,"column":17},"end":{"line":5,"column":31}}}},"branchMap":{},"s":{"0":0,"1":0,"2":0,"3":5,"4":0,"5":5,"6":5},"f":{"0":0,"1":0},"b":{}}
,"C:/work/task2022Q3/react2023/graphiql-app/graphiql-app/src/pages/SignIn.tsx": {"path":"C:/work/task2022Q3/react2023/graphiql-app/graphiql-app/src/pages/SignIn.tsx","statementMap":{"0":{"start":{"line":8,"column":18},"end":{"line":8,"column":null}},"1":{"start":{"line":9,"column":16},"end":{"line":9,"column":null}},"2":{"start":{"line":10,"column":19},"end":{"line":10,"column":null}},"3":{"start":{"line":11,"column":16},"end":{"line":11,"column":null}},"4":{"start":{"line":13,"column":23},"end":{"line":34,"column":null}},"5":{"start":{"line":14,"column":4},"end":{"line":33,"column":null}},"6":{"start":{"line":16,"column":8},"end":{"line":16,"column":null}},"7":{"start":{"line":17,"column":8},"end":{"line":23,"column":null}},"8":{"start":{"line":26,"column":8},"end":{"line":32,"column":null}},"9":{"start":{"line":36,"column":2},"end":{"line":37,"column":null}},"10":{"start":{"line":39,"column":1},"end":{"line":11,"column":31}},"11":{"start":{"line":8,"column":15},"end":{"line":11,"column":31}},"12":{"start":{"line":11,"column":30},"end":{"line":8,"column":15}},"13":{"start":{"line":41,"column":22},"end":{"line":41,"column":null}}},"fnMap":{"0":{"name":"SignIn","decl":{"start":{"line":8,"column":9},"end":{"line":8,"column":15}},"loc":{"start":{"line":8,"column":18},"end":{"line":39,"column":1}}},"1":{"name":"(anonymous_2)","decl":{"start":{"line":13,"column":23},"end":{"line":13,"column":24}},"loc":{"start":{"line":13,"column":60},"end":{"line":34,"column":null}}},"2":{"name":"(anonymous_3)","decl":{"start":{"line":15,"column":12},"end":{"line":15,"column":13}},"loc":{"start":{"line":15,"column":26},"end":{"line":24,"column":7}}},"3":{"name":"(anonymous_4)","decl":{"start":{"line":25,"column":13},"end":{"line":25,"column":14}},"loc":{"start":{"line":25,"column":33},"end":{"line":33,"column":7}}},"4":{"name":"(anonymous_5)","decl":{"start":{"line":8,"column":15},"end":{"line":8,"column":18}},"loc":{"start":{"line":8,"column":15},"end":{"line":11,"column":31}}}},"branchMap":{},"s":{"0":4,"1":4,"2":4,"3":4,"4":4,"5":0,"6":0,"7":0,"8":0,"9":4,"10":5,"11":1,"12":5,"13":5},"f":{"0":4,"1":0,"2":0,"3":0,"4":1},"b":{}}
,"C:/work/task2022Q3/react2023/graphiql-app/graphiql-app/src/pages/SignUp.tsx": {"path":"C:/work/task2022Q3/react2023/graphiql-app/graphiql-app/src/pages/SignUp.tsx","statementMap":{"0":{"start":{"line":8,"column":18},"end":{"line":8,"column":null}},"1":{"start":{"line":9,"column":16},"end":{"line":9,"column":null}},"2":{"start":{"line":10,"column":19},"end":{"line":10,"column":null}},"3":{"start":{"line":11,"column":16},"end":{"line":11,"column":null}},"4":{"start":{"line":13,"column":23},"end":{"line":34,"column":null}},"5":{"start":{"line":14,"column":4},"end":{"line":33,"column":null}},"6":{"start":{"line":16,"column":8},"end":{"line":16,"column":null}},"7":{"start":{"line":17,"column":8},"end":{"line":23,"column":null}},"8":{"start":{"line":26,"column":8},"end":{"line":32,"column":null}},"9":{"start":{"line":35,"column":2},"end":{"line":36,"column":null}},"10":{"start":{"line":38,"column":1},"end":{"line":11,"column":31}},"11":{"start":{"line":8,"column":15},"end":{"line":11,"column":31}},"12":{"start":{"line":11,"column":30},"end":{"line":8,"column":15}},"13":{"start":{"line":40,"column":22},"end":{"line":40,"column":null}}},"fnMap":{"0":{"name":"SignUp","decl":{"start":{"line":8,"column":9},"end":{"line":8,"column":15}},"loc":{"start":{"line":8,"column":18},"end":{"line":38,"column":1}}},"1":{"name":"(anonymous_2)","decl":{"start":{"line":13,"column":23},"end":{"line":13,"column":24}},"loc":{"start":{"line":13,"column":60},"end":{"line":34,"column":null}}},"2":{"name":"(anonymous_3)","decl":{"start":{"line":15,"column":12},"end":{"line":15,"column":13}},"loc":{"start":{"line":15,"column":26},"end":{"line":24,"column":7}}},"3":{"name":"(anonymous_4)","decl":{"start":{"line":25,"column":13},"end":{"line":25,"column":14}},"loc":{"start":{"line":25,"column":33},"end":{"line":33,"column":7}}},"4":{"name":"(anonymous_5)","decl":{"start":{"line":8,"column":15},"end":{"line":8,"column":18}},"loc":{"start":{"line":8,"column":15},"end":{"line":11,"column":31}}}},"branchMap":{},"s":{"0":8,"1":8,"2":8,"3":8,"4":8,"5":1,"6":0,"7":0,"8":0,"9":8,"10":5,"11":2,"12":5,"13":5},"f":{"0":8,"1":1,"2":0,"3":0,"4":2},"b":{}}
,"C:/work/task2022Q3/react2023/graphiql-app/graphiql-app/src/pages/WelcomePage.tsx": {"path":"C:/work/task2022Q3/react2023/graphiql-app/graphiql-app/src/pages/WelcomePage.tsx","statementMap":{"0":{"start":{"line":10,"column":27},"end":{"line":229,"column":2}},"1":{"start":{"line":10,"column":33},"end":{"line":10,"column":null}},"2":{"start":{"line":11,"column":29},"end":{"line":11,"column":null}},"3":{"start":{"line":12,"column":29},"end":{"line":12,"column":null}},"4":{"start":{"line":13,"column":29},"end":{"line":13,"column":null}},"5":{"start":{"line":14,"column":29},"end":{"line":14,"column":null}},"6":{"start":{"line":15,"column":16},"end":{"line":15,"column":null}},"7":{"start":{"line":17,"column":27},"end":{"line":17,"column":null}},"8":{"start":{"line":19,"column":2},"end":{"line":227,"column":null}},"9":{"start":{"line":229,"column":2},"end":{"line":17,"column":47}},"10":{"start":{"line":10,"column":24},"end":{"line":17,"column":47}},"11":{"start":{"line":17,"column":46},"end":{"line":10,"column":24}},"12":{"start":{"line":10,"column":24},"end":{"line":10,"column":27}}},"fnMap":{"0":{"name":"(anonymous_1)","decl":{"start":{"line":10,"column":27},"end":{"line":10,"column":33}},"loc":{"start":{"line":10,"column":33},"end":{"line":229,"column":2}}},"1":{"name":"(anonymous_2)","decl":{"start":{"line":10,"column":24},"end":{"line":10,"column":27}},"loc":{"start":{"line":10,"column":24},"end":{"line":17,"column":47}}}},"branchMap":{"0":{"loc":{"start":{"line":33,"column":12},"end":{"line":33,"column":null}},"type":"cond-expr","locations":[{"start":{"line":33,"column":31},"end":{"line":33,"column":39}},{"start":{"line":33,"column":39},"end":{"line":33,"column":null}}]},"1":{"loc":{"start":{"line":37,"column":49},"end":{"line":37,"column":null}},"type":"cond-expr","locations":[{"start":{"line":37,"column":68},"end":{"line":37,"column":76}},{"start":{"line":37,"column":76},"end":{"line":37,"column":null}}]},"2":{"loc":{"start":{"line":52,"column":11},"end":{"line":64,"column":null}},"type":"binary-expr","locations":[{"start":{"line":52,"column":11},"end":{"line":52,"column":null}},{"start":{"line":53,"column":12},"end":{"line":64,"column":null}}]},"3":{"loc":{"start":{"line":80,"column":11},"end":{"line":92,"column":null}},"type":"binary-expr","locations":[{"start":{"line":80,"column":11},"end":{"line":80,"column":null}},{"start":{"line":81,"column":12},"end":{"line":92,"column":null}}]},"4":{"loc":{"start":{"line":107,"column":11},"end":{"line":119,"column":null}},"type":"binary-expr","locations":[{"start":{"line":107,"column":11},"end":{"line":107,"column":null}},{"start":{"line":108,"column":12},"end":{"line":119,"column":null}}]},"5":{"loc":{"start":{"line":136,"column":12},"end":{"line":136,"column":null}},"type":"cond-expr","locations":[{"start":{"line":136,"column":31},"end":{"line":136,"column":39}},{"start":{"line":136,"column":39},"end":{"line":136,"column":null}}]},"6":{"loc":{"start":{"line":142,"column":28},"end":{"line":142,"column":62}},"type":"cond-expr","locations":[{"start":{"line":142,"column":47},"end":{"line":142,"column":55}},{"start":{"line":142,"column":55},"end":{"line":142,"column":62}}]},"7":{"loc":{"start":{"line":148,"column":13},"end":{"line":202,"column":null}},"type":"binary-expr","locations":[{"start":{"line":148,"column":13},"end":{"line":148,"column":null}},{"start":{"line":149,"column":14},"end":{"line":202,"column":null}}]},"8":{"loc":{"start":{"line":154,"column":28},"end":{"line":154,"column":null}},"type":"cond-expr","locations":[{"start":{"line":154,"column":47},"end":{"line":154,"column":56}},{"start":{"line":154,"column":56},"end":{"line":154,"column":null}}]},"9":{"loc":{"start":{"line":181,"column":28},"end":{"line":181,"column":null}},"type":"cond-expr","locations":[{"start":{"line":181,"column":47},"end":{"line":181,"column":56}},{"start":{"line":181,"column":56},"end":{"line":181,"column":null}}]},"10":{"loc":{"start":{"line":213,"column":12},"end":{"line":213,"column":null}},"type":"cond-expr","locations":[{"start":{"line":213,"column":31},"end":{"line":213,"column":39}},{"start":{"line":213,"column":39},"end":{"line":213,"column":null}}]},"11":{"loc":{"start":{"line":218,"column":26},"end":{"line":218,"column":61}},"type":"cond-expr","locations":[{"start":{"line":218,"column":45},"end":{"line":218,"column":53}},{"start":{"line":218,"column":53},"end":{"line":218,"column":61}}]}},"s":{"0":5,"1":46,"2":46,"3":46,"4":46,"5":46,"6":46,"7":46,"8":46,"9":5,"10":5,"11":5,"12":5},"f":{"0":46,"1":5},"b":{"0":[0,46],"1":[0,46],"2":[46,46],"3":[46,46],"4":[46,46],"5":[0,46],"6":[0,46],"7":[46,46],"8":[0,46],"9":[0,46],"10":[0,46],"11":[0,46]}}
,"C:/work/task2022Q3/react2023/graphiql-app/graphiql-app/src/routes/route.tsx": {"path":"C:/work/task2022Q3/react2023/graphiql-app/graphiql-app/src/routes/route.tsx","statementMap":{"0":{"start":{"line":1,"column":48},"end":{"line":1,"column":null}},"1":{"start":{"line":13,"column":2},"end":{"line":45,"column":null}},"2":{"start":{"line":47,"column":1},"end":{"line":12,"column":18}},"3":{"start":{"line":48,"column":22},"end":{"line":48,"column":null}}},"fnMap":{"0":{"name":"(anonymous_0)","decl":{"start":{"line":1,"column":48},"end":{"line":1,"column":null}},"loc":{"start":{"line":1,"column":48},"end":{"line":1,"column":null}}},"1":{"name":"Router","decl":{"start":{"line":12,"column":9},"end":{"line":12,"column":18}},"loc":{"start":{"line":12,"column":18},"end":{"line":47,"column":1}}}},"branchMap":{"0":{"loc":{"start":{"line":1,"column":48},"end":{"line":1,"column":null}},"type":"if","locations":[{"start":{"line":1,"column":48},"end":{"line":1,"column":null}}]}},"s":{"0":35,"1":10,"2":5,"3":5},"f":{"0":5,"1":10},"b":{"0":[5]}}
,"C:/work/task2022Q3/react2023/graphiql-app/graphiql-app/src/style/CustomTheme.tsx": {"path":"C:/work/task2022Q3/react2023/graphiql-app/graphiql-app/src/style/CustomTheme.tsx","statementMap":{"0":{"start":{"line":3,"column":14},"end":{"line":54,"column":null}}},"fnMap":{},"branchMap":{},"s":{"0":5},"f":{},"b":{}}
,"C:/work/task2022Q3/react2023/graphiql-app/graphiql-app/src/utils/firebase.ts": {"path":"C:/work/task2022Q3/react2023/graphiql-app/graphiql-app/src/utils/firebase.ts","statementMap":{"0":{"start":{"line":4,"column":23},"end":{"line":12,"column":null}},"1":{"start":{"line":14,"column":20},"end":{"line":14,"column":null}},"2":{"start":{"line":15,"column":20},"end":{"line":15,"column":null}}},"fnMap":{},"branchMap":{},"s":{"0":5,"1":5,"2":5},"f":{},"b":{}}
,"C:/work/task2022Q3/react2023/graphiql-app/graphiql-app/src/utils/request.ts": {"path":"C:/work/task2022Q3/react2023/graphiql-app/graphiql-app/src/utils/request.ts","statementMap":{"0":{"start":{"line":1,"column":12},"end":{"line":1,"column":null}},"1":{"start":{"line":4,"column":2},"end":{"line":16,"column":null}},"2":{"start":{"line":5,"column":16},"end":{"line":12,"column":null}},"3":{"start":{"line":13,"column":4},"end":{"line":13,"column":null}},"4":{"start":{"line":15,"column":4},"end":{"line":15,"column":null}}},"fnMap":{"0":{"name":"makeRequest","decl":{"start":{"line":3,"column":22},"end":{"line":3,"column":34}},"loc":{"start":{"line":3,"column":94},"end":{"line":17,"column":null}}}},"branchMap":{"0":{"loc":{"start":{"line":9,"column":22},"end":{"line":9,"column":62}},"type":"cond-expr","locations":[{"start":{"line":9,"column":40},"end":{"line":9,"column":58}},{"start":{"line":9,"column":58},"end":{"line":9,"column":62}}]},"1":{"loc":{"start":{"line":11,"column":65},"end":{"line":11,"column":93}},"type":"cond-expr","locations":[{"start":{"line":11,"column":77},"end":{"line":11,"column":89}},{"start":{"line":11,"column":89},"end":{"line":11,"column":93}}]}},"s":{"0":5,"1":0,"2":0,"3":0,"4":0},"f":{"0":0},"b":{"0":[0,0],"1":[0,0]}}
,"C:/work/task2022Q3/react2023/graphiql-app/graphiql-app/src/utils/validationJson.ts": {"path":"C:/work/task2022Q3/react2023/graphiql-app/graphiql-app/src/utils/validationJson.ts","statementMap":{"0":{"start":{"line":2,"column":30},"end":{"line":2,"column":null}},"1":{"start":{"line":3,"column":16},"end":{"line":3,"column":null}},"2":{"start":{"line":4,"column":2},"end":{"line":10,"column":null}},"3":{"start":{"line":5,"column":4},"end":{"line":5,"column":null}},"4":{"start":{"line":7,"column":4},"end":{"line":9,"column":null}},"5":{"start":{"line":8,"column":6},"end":{"line":8,"column":null}},"6":{"start":{"line":11,"column":2},"end":{"line":11,"column":null}}},"fnMap":{"0":{"name":"validationJSON","decl":{"start":{"line":1,"column":16},"end":{"line":1,"column":31}},"loc":{"start":{"line":1,"column":49},"end":{"line":12,"column":null}}}},"branchMap":{"0":{"loc":{"start":{"line":5,"column":24},"end":{"line":5,"column":50}},"type":"cond-expr","locations":[{"start":{"line":5,"column":35},"end":{"line":5,"column":46}},{"start":{"line":5,"column":46},"end":{"line":5,"column":50}}]},"1":{"loc":{"start":{"line":7,"column":4},"end":{"line":9,"column":null}},"type":"if","locations":[{"start":{"line":7,"column":4},"end":{"line":9,"column":null}}]}},"s":{"0":0,"1":0,"2":0,"3":0,"4":0,"5":0,"6":0},"f":{"0":0},"b":{"0":[0,0],"1":[0]}}
}
