{"total": {"lines":{"total":212,"covered":143,"skipped":0,"pct":67.45},"statements":{"total":252,"covered":174,"skipped":0,"pct":69.04},"functions":{"total":62,"covered":38,"skipped":0,"pct":61.29},"branches":{"total":168,"covered":77,"skipped":0,"pct":45.83},"branchesTrue":{"total":0,"covered":0,"skipped":0,"pct":100}}
,"C:/work/task2022Q3/react2023/graphiql-app/graphiql-app/src/App.tsx": {"lines":{"total":5,"covered":5,"skipped":0,"pct":100},"functions":{"total":3,"covered":3,"skipped":0,"pct":100},"statements":{"total":7,"covered":7,"skipped":0,"pct":100},"branches":{"total":1,"covered":1,"skipped":0,"pct":100}}
,"C:/work/task2022Q3/react2023/graphiql-app/graphiql-app/src/i18n.ts": {"lines":{"total":2,"covered":2,"skipped":0,"pct":100},"functions":{"total":0,"covered":0,"skipped":0,"pct":100},"statements":{"total":2,"covered":2,"skipped":0,"pct":100},"branches":{"total":0,"covered":0,"skipped":0,"pct":100}}
,"C:/work/task2022Q3/react2023/graphiql-app/graphiql-app/src/main.tsx": {"lines":{"total":1,"covered":1,"skipped":0,"pct":100},"functions":{"total":0,"covered":0,"skipped":0,"pct":100},"statements":{"total":1,"covered":1,"skipped":0,"pct":100},"branches":{"total":0,"covered":0,"skipped":0,"pct":100}}
,"C:/work/task2022Q3/react2023/graphiql-app/graphiql-app/src/components/defaultAuthRoute.tsx": {"lines":{"total":9,"covered":8,"skipped":0,"pct":88.88},"functions":{"total":2,"covered":2,"skipped":0,"pct":100},"statements":{"total":11,"covered":10,"skipped":0,"pct":90.9},"branches":{"total":2,"covered":2,"skipped":0,"pct":100}}
,"C:/work/task2022Q3/react2023/graphiql-app/graphiql-app/src/components/editorArea.tsx": {"lines":{"total":38,"covered":4,"skipped":0,"pct":10.52},"functions":{"total":8,"covered":0,"skipped":0,"pct":0},"statements":{"total":44,"covered":5,"skipped":0,"pct":11.36},"branches":{"total":35,"covered":0,"skipped":0,"pct":0}}
,"C:/work/task2022Q3/react2023/graphiql-app/graphiql-app/src/components/loading.tsx": {"lines":{"total":4,"covered":4,"skipped":0,"pct":100},"functions":{"total":2,"covered":2,"skipped":0,"pct":100},"statements":{"total":4,"covered":4,"skipped":0,"pct":100},"branches":{"total":1,"covered":1,"skipped":0,"pct":100}}
,"C:/work/task2022Q3/react2023/graphiql-app/graphiql-app/src/components/loginForm.tsx": {"lines":{"total":13,"covered":13,"skipped":0,"pct":100},"functions":{"total":3,"covered":3,"skipped":0,"pct":100},"statements":{"total":15,"covered":15,"skipped":0,"pct":100},"branches":{"total":14,"covered":9,"skipped":0,"pct":64.28}}
,"C:/work/task2022Q3/react2023/graphiql-app/graphiql-app/src/components/protectedRoute.tsx": {"lines":{"total":9,"covered":3,"skipped":0,"pct":33.33},"functions":{"total":2,"covered":0,"skipped":0,"pct":0},"statements":{"total":11,"covered":3,"skipped":0,"pct":27.27},"branches":{"total":2,"covered":0,"skipped":0,"pct":0}}
,"C:/work/task2022Q3/react2023/graphiql-app/graphiql-app/src/components/Buttons/LinkButton.tsx": {"lines":{"total":4,"covered":4,"skipped":0,"pct":100},"functions":{"total":2,"covered":2,"skipped":0,"pct":100},"statements":{"total":5,"covered":5,"skipped":0,"pct":100},"branches":{"total":3,"covered":3,"skipped":0,"pct":100}}
,"C:/work/task2022Q3/react2023/graphiql-app/graphiql-app/src/components/Buttons/ScrollTopButton.tsx": {"lines":{"total":9,"covered":8,"skipped":0,"pct":88.88},"functions":{"total":3,"covered":2,"skipped":0,"pct":66.66},"statements":{"total":13,"covered":12,"skipped":0,"pct":92.3},"branches":{"total":6,"covered":4,"skipped":0,"pct":66.66}}
,"C:/work/task2022Q3/react2023/graphiql-app/graphiql-app/src/components/Buttons/ToggleButton.tsx": {"lines":{"total":4,"covered":4,"skipped":0,"pct":100},"functions":{"total":2,"covered":2,"skipped":0,"pct":100},"statements":{"total":5,"covered":5,"skipped":0,"pct":100},"branches":{"total":9,"covered":9,"skipped":0,"pct":100}}
,"C:/work/task2022Q3/react2023/graphiql-app/graphiql-app/src/components/Footer/Footer.tsx": {"lines":{"total":6,"covered":6,"skipped":0,"pct":100},"functions":{"total":2,"covered":2,"skipped":0,"pct":100},"statements":{"total":10,"covered":10,"skipped":0,"pct":100},"branches":{"total":8,"covered":5,"skipped":0,"pct":62.5}}
,"C:/work/task2022Q3/react2023/graphiql-app/graphiql-app/src/components/Header/Header.tsx": {"lines":{"total":23,"covered":18,"skipped":0,"pct":78.26},"functions":{"total":6,"covered":3,"skipped":0,"pct":50},"statements":{"total":27,"covered":22,"skipped":0,"pct":81.48},"branches":{"total":53,"covered":25,"skipped":0,"pct":47.16}}
,"C:/work/task2022Q3/react2023/graphiql-app/graphiql-app/src/hooks/scrollPercentage.tsx": {"lines":{"total":9,"covered":9,"skipped":0,"pct":100},"functions":{"total":3,"covered":3,"skipped":0,"pct":100},"statements":{"total":10,"covered":10,"skipped":0,"pct":100},"branches":{"total":0,"covered":0,"skipped":0,"pct":100}}
,"C:/work/task2022Q3/react2023/graphiql-app/graphiql-app/src/hooks/scrollPixels.tsx": {"lines":{"total":9,"covered":9,"skipped":0,"pct":100},"functions":{"total":3,"covered":3,"skipped":0,"pct":100},"statements":{"total":10,"covered":10,"skipped":0,"pct":100},"branches":{"total":0,"covered":0,"skipped":0,"pct":100}}
,"C:/work/task2022Q3/react2023/graphiql-app/graphiql-app/src/hooks/useAuth.ts": {"lines":{"total":5,"covered":4,"skipped":0,"pct":80},"functions":{"total":1,"covered":1,"skipped":0,"pct":100},"statements":{"total":5,"covered":4,"skipped":0,"pct":80},"branches":{"total":1,"covered":0,"skipped":0,"pct":0}}
,"C:/work/task2022Q3/react2023/graphiql-app/graphiql-app/src/pages/Editor.tsx": {"lines":{"total":4,"covered":3,"skipped":0,"pct":75},"functions":{"total":2,"covered":1,"skipped":0,"pct":50},"statements":{"total":4,"covered":3,"skipped":0,"pct":75},"branches":{"total":1,"covered":1,"skipped":0,"pct":100}}
,"C:/work/task2022Q3/react2023/graphiql-app/graphiql-app/src/pages/NotFound.tsx": {"lines":{"total":5,"covered":3,"skipped":0,"pct":60},"functions":{"total":2,"covered":0,"skipped":0,"pct":0},"statements":{"total":7,"covered":3,"skipped":0,"pct":42.85},"branches":{"total":0,"covered":0,"skipped":0,"pct":100}}
,"C:/work/task2022Q3/react2023/graphiql-app/graphiql-app/src/pages/SignIn.tsx": {"lines":{"total":12,"covered":8,"skipped":0,"pct":66.66},"functions":{"total":5,"covered":2,"skipped":0,"pct":40},"statements":{"total":14,"covered":10,"skipped":0,"pct":71.42},"branches":{"total":0,"covered":0,"skipped":0,"pct":100}}
,"C:/work/task2022Q3/react2023/graphiql-app/graphiql-app/src/pages/SignUp.tsx": {"lines":{"total":12,"covered":9,"skipped":0,"pct":75},"functions":{"total":5,"covered":3,"skipped":0,"pct":60},"statements":{"total":14,"covered":11,"skipped":0,"pct":78.57},"branches":{"total":0,"covered":0,"skipped":0,"pct":100}}
,"C:/work/task2022Q3/react2023/graphiql-app/graphiql-app/src/pages/WelcomePage.tsx": {"lines":{"total":9,"covered":9,"skipped":0,"pct":100},"functions":{"total":2,"covered":2,"skipped":0,"pct":100},"statements":{"total":13,"covered":13,"skipped":0,"pct":100},"branches":{"total":24,"covered":16,"skipped":0,"pct":66.66}}
,"C:/work/task2022Q3/react2023/graphiql-app/graphiql-app/src/routes/route.tsx": {"lines":{"total":4,"covered":4,"skipped":0,"pct":100},"functions":{"total":2,"covered":2,"skipped":0,"pct":100},"statements":{"total":4,"covered":4,"skipped":0,"pct":100},"branches":{"total":1,"covered":1,"skipped":0,"pct":100}}
,"C:/work/task2022Q3/react2023/graphiql-app/graphiql-app/src/style/CustomTheme.tsx": {"lines":{"total":1,"covered":1,"skipped":0,"pct":100},"functions":{"total":0,"covered":0,"skipped":0,"pct":100},"statements":{"total":1,"covered":1,"skipped":0,"pct":100},"branches":{"total":0,"covered":0,"skipped":0,"pct":100}}
,"C:/work/task2022Q3/react2023/graphiql-app/graphiql-app/src/utils/firebase.ts": {"lines":{"total":3,"covered":3,"skipped":0,"pct":100},"functions":{"total":0,"covered":0,"skipped":0,"pct":100},"statements":{"total":3,"covered":3,"skipped":0,"pct":100},"branches":{"total":0,"covered":0,"skipped":0,"pct":100}}
,"C:/work/task2022Q3/react2023/graphiql-app/graphiql-app/src/utils/request.ts": {"lines":{"total":5,"covered":1,"skipped":0,"pct":20},"functions":{"total":1,"covered":0,"skipped":0,"pct":0},"statements":{"total":5,"covered":1,"skipped":0,"pct":20},"branches":{"total":4,"covered":0,"skipped":0,"pct":0}}
,"C:/work/task2022Q3/react2023/graphiql-app/graphiql-app/src/utils/validationJson.ts": {"lines":{"total":7,"covered":0,"skipped":0,"pct":0},"functions":{"total":1,"covered":0,"skipped":0,"pct":0},"statements":{"total":7,"covered":0,"skipped":0,"pct":0},"branches":{"total":3,"covered":0,"skipped":0,"pct":0}}
}
