TN:
SF:src\App.tsx
FN:1,(anonymous_0)
FN:9,(anonymous_1)
FN:11,App
FNF:3
FNH:3
FNDA:15,(anonymous_0)
FNDA:5,(anonymous_1)
FNDA:10,App
DA:1,45
DA:9,5
DA:12,10
DA:31,5
DA:33,15
LF:5
LH:5
BRDA:1,0,0,5
BRF:1
BRH:1
end_of_record
TN:
SF:src\i18n.ts
FNF:0
FNH:0
DA:5,5
DA:102,5
LF:2
LH:2
BRF:0
BRH:0
end_of_record
TN:
SF:src\main.tsx
FNF:0
FNH:0
DA:7,5
LF:1
LH:1
BRF:0
BRH:0
end_of_record
TN:
SF:src\components\defaultAuthRoute.tsx
FN:8,DefaultAuthRoute
FN:8,(anonymous_2)
FNF:2
FNH:2
FNDA:12,DefaultAuthRoute
FNDA:3,(anonymous_2)
DA:8,12
DA:9,12
DA:10,12
DA:11,6
DA:13,6
DA:14,6
DA:16,0
DA:17,5
DA:18,5
LF:9
LH:8
BRDA:10,0,0,6
BRDA:13,1,0,6
BRF:2
BRH:2
end_of_record
TN:
SF:src\components\editorArea.tsx
FN:43,(anonymous_1)
FN:65,EditorArea
FN:96,(anonymous_3)
FN:124,(anonymous_4)
FN:149,(anonymous_5)
FN:209,(anonymous_6)
FN:216,(anonymous_7)
FN:65,(anonymous_8)
FNF:8
FNH:0
FNDA:0,(anonymous_1)
FNDA:0,EditorArea
FNDA:0,(anonymous_3)
FNDA:0,(anonymous_4)
FNDA:0,(anonymous_5)
FNDA:0,(anonymous_6)
FNDA:0,(anonymous_7)
FNDA:0,(anonymous_8)
DA:43,5
DA:65,15
DA:66,0
DA:67,0
DA:68,0
DA:69,0
DA:70,0
DA:71,0
DA:72,0
DA:77,0
DA:82,0
DA:87,0
DA:92,0
DA:93,0
DA:94,0
DA:96,0
DA:97,0
DA:98,0
DA:99,0
DA:100,0
DA:101,0
DA:102,0
DA:103,0
DA:104,0
DA:113,0
DA:115,0
DA:116,0
DA:117,0
DA:118,0
DA:119,0
DA:120,0
DA:124,0
DA:126,5
DA:128,0
DA:149,0
DA:209,0
DA:216,0
DA:265,5
LF:38
LH:4
BRDA:99,0,0,0
BRDA:99,0,1,0
BRDA:101,1,0,0
BRDA:101,1,1,0
BRDA:101,2,0,0
BRDA:101,2,1,0
BRDA:103,3,0,0
BRDA:103,3,1,0
BRDA:103,4,0,0
BRDA:103,4,1,0
BRDA:115,5,0,0
BRDA:115,5,1,0
BRDA:118,6,0,0
BRDA:118,7,0,0
BRDA:118,7,1,0
BRDA:130,8,0,0
BRDA:130,8,1,0
BRDA:131,9,0,0
BRDA:131,9,1,0
BRDA:146,10,0,0
BRDA:146,10,1,0
BRDA:200,11,0,0
BRDA:200,11,1,0
BRDA:225,12,0,0
BRDA:225,12,1,0
BRDA:225,13,0,0
BRDA:225,13,1,0
BRDA:228,14,0,0
BRDA:228,14,1,0
BRDA:229,15,0,0
BRDA:229,15,1,0
BRDA:256,16,0,0
BRDA:256,16,1,0
BRDA:257,17,0,0
BRDA:257,17,1,0
BRF:35
BRH:0
end_of_record
TN:
SF:src\components\loading.tsx
FN:1,(anonymous_0)
FN:3,Loading
FNF:2
FNH:2
FNDA:5,(anonymous_0)
FNDA:36,Loading
DA:1,35
DA:4,36
DA:9,5
DA:10,5
LF:4
LH:4
BRDA:1,0,0,5
BRF:1
BRH:1
end_of_record
TN:
SF:src\components\loginForm.tsx
FN:29,LoginForm
FN:54,(anonymous_2)
FN:29,(anonymous_3)
FNF:3
FNH:3
FNDA:16,LoginForm
FNDA:1,(anonymous_2)
FNDA:3,(anonymous_3)
DA:29,16
DA:30,16
DA:31,16
DA:32,16
DA:34,16
DA:36,16
DA:38,16
DA:52,16
DA:54,16
DA:55,1
DA:58,16
DA:123,5
DA:124,5
LF:13
LH:13
BRDA:67,0,0,0
BRDA:67,0,1,16
BRDA:70,1,0,10
BRDA:70,1,1,6
BRDA:72,2,0,0
BRDA:72,2,1,16
BRDA:73,3,0,10
BRDA:73,3,1,6
BRDA:78,4,0,0
BRDA:78,4,1,16
BRDA:95,5,0,16
BRDA:95,5,1,0
BRDA:100,6,0,16
BRDA:100,6,1,0
BRF:14
BRH:9
end_of_record
TN:
SF:src\components\protectedRoute.tsx
FN:8,ProtectedRoute
FN:8,(anonymous_2)
FNF:2
FNH:0
FNDA:0,ProtectedRoute
FNDA:0,(anonymous_2)
DA:8,0
DA:9,5
DA:10,0
DA:11,0
DA:13,0
DA:14,0
DA:16,0
DA:17,5
DA:18,5
LF:9
LH:3
BRDA:10,0,0,0
BRDA:13,1,0,0
BRF:2
BRH:0
end_of_record
TN:
SF:src\components\Buttons\LinkButton.tsx
FN:1,(anonymous_0)
FN:14,(anonymous_1)
FNF:2
FNH:2
FNDA:5,(anonymous_0)
FNDA:116,(anonymous_1)
DA:1,35
DA:14,5
DA:15,116
DA:42,5
LF:4
LH:4
BRDA:1,0,0,5
BRDA:20,1,0,116
BRDA:20,1,1,116
BRF:3
BRH:3
end_of_record
TN:
SF:src\components\Buttons\ScrollTopButton.tsx
FN:5,(anonymous_1)
FN:10,(anonymous_2)
FN:5,(anonymous_3)
FNF:3
FNH:2
FNDA:58,(anonymous_1)
FNDA:0,(anonymous_2)
FNDA:4,(anonymous_3)
DA:5,58
DA:6,58
DA:7,58
DA:8,58
DA:10,58
DA:11,0
DA:13,58
DA:14,58
DA:35,5
LF:9
LH:8
BRDA:23,0,0,52
BRDA:23,0,1,6
BRDA:23,1,0,0
BRDA:23,1,1,6
BRDA:24,2,0,0
BRDA:24,2,1,58
BRF:6
BRH:4
end_of_record
TN:
SF:src\components\Buttons\ToggleButton.tsx
FN:1,(anonymous_0)
FN:14,(anonymous_1)
FNF:2
FNH:2
FNDA:5,(anonymous_0)
FNDA:66,(anonymous_1)
DA:1,35
DA:14,5
DA:15,66
DA:33,5
LF:4
LH:4
BRDA:1,0,0,5
BRDA:19,1,0,66
BRDA:19,1,1,50
BRDA:21,2,0,66
BRDA:21,2,1,50
BRDA:27,3,0,66
BRDA:27,3,1,50
BRDA:28,4,0,16
BRDA:28,4,1,50
BRF:9
BRH:9
end_of_record
TN:
SF:src\components\Footer\Footer.tsx
FN:4,(anonymous_1)
FN:4,(anonymous_2)
FNF:2
FNH:2
FNDA:20,(anonymous_1)
FNDA:5,(anonymous_2)
DA:4,20
DA:5,20
DA:6,20
DA:7,20
DA:8,20
DA:72,5
LF:6
LH:6
BRDA:12,0,0,0
BRDA:12,0,1,20
BRDA:14,1,0,0
BRDA:14,1,1,20
BRDA:20,2,0,0
BRDA:20,2,1,20
BRDA:35,3,0,20
BRDA:35,3,1,20
BRF:8
BRH:5
end_of_record
TN:
SF:src\components\Header\Header.tsx
FN:28,(anonymous_1)
FN:43,(anonymous_2)
FN:106,(anonymous_3)
FN:152,(anonymous_4)
FN:174,(anonymous_5)
FN:28,(anonymous_6)
FNF:6
FNH:3
FNDA:72,(anonymous_1)
FNDA:0,(anonymous_2)
FNDA:2,(anonymous_3)
FNDA:0,(anonymous_4)
FNDA:0,(anonymous_5)
FNDA:5,(anonymous_6)
DA:28,72
DA:29,72
DA:30,72
DA:31,72
DA:32,72
DA:33,72
DA:34,72
DA:35,72
DA:37,72
DA:39,72
DA:41,72
DA:42,72
DA:43,72
DA:44,0
DA:45,0
DA:48,72
DA:49,20
DA:52,52
DA:106,2
DA:153,0
DA:154,0
DA:174,0
DA:200,5
LF:23
LH:18
BRDA:48,0,0,20
BRDA:58,1,0,0
BRDA:58,1,1,52
BRDA:63,2,0,44
BRDA:63,2,1,8
BRDA:63,3,0,52
BRDA:63,3,1,44
BRDA:65,4,0,8
BRDA:65,4,1,0
BRDA:65,5,0,8
BRDA:65,5,1,8
BRDA:67,6,0,0
BRDA:67,6,1,0
BRDA:67,7,0,0
BRDA:67,7,1,0
BRDA:73,8,0,0
BRDA:73,8,1,52
BRDA:81,9,0,44
BRDA:81,9,1,8
BRDA:86,10,0,52
BRDA:86,10,1,52
BRDA:89,11,0,52
BRDA:89,11,1,34
BRDA:94,12,0,52
BRDA:94,12,1,18
BRDA:106,13,0,1
BRDA:106,13,1,1
BRDA:108,14,0,52
BRDA:108,14,1,52
BRDA:116,15,0,52
BRDA:116,15,1,0
BRDA:119,16,0,0
BRDA:119,16,1,0
BRDA:130,17,0,52
BRDA:130,17,1,0
BRDA:133,18,0,0
BRDA:133,18,1,0
BRDA:138,19,0,0
BRDA:138,19,1,0
BRDA:151,20,0,0
BRDA:151,20,1,0
BRDA:153,21,0,0
BRDA:153,21,1,0
BRDA:161,22,0,52
BRDA:161,22,1,0
BRDA:174,23,0,0
BRDA:174,23,1,0
BRDA:176,24,0,0
BRDA:176,24,1,0
BRDA:184,25,0,0
BRDA:184,25,1,0
BRDA:187,26,0,0
BRDA:187,26,1,0
BRF:53
BRH:25
end_of_record
TN:
SF:src\hooks\scrollPercentage.tsx
FN:3,(anonymous_1)
FN:6,(anonymous_2)
FN:7,(anonymous_3)
FNF:3
FNH:3
FNDA:104,(anonymous_1)
FNDA:18,(anonymous_2)
FNDA:86,(anonymous_3)
DA:3,104
DA:4,104
DA:6,104
DA:7,18
DA:8,86
DA:13,18
DA:15,18
DA:18,104
DA:19,5
LF:9
LH:9
BRF:0
BRH:0
end_of_record
TN:
SF:src\hooks\scrollPixels.tsx
FN:3,(anonymous_1)
FN:6,(anonymous_2)
FN:7,(anonymous_3)
FNF:3
FNH:3
FNDA:72,(anonymous_1)
FNDA:10,(anonymous_2)
FNDA:44,(anonymous_3)
DA:3,72
DA:4,72
DA:6,72
DA:7,10
DA:8,44
DA:11,10
DA:13,10
DA:16,72
DA:17,5
LF:9
LH:9
BRF:0
BRH:0
end_of_record
TN:
SF:src\hooks\useAuth.ts
FN:5,useAuth
FNF:1
FNH:1
FNDA:84,useAuth
DA:6,84
DA:7,84
DA:8,84
DA:9,0
DA:17,84
LF:5
LH:4
BRDA:8,0,0,0
BRF:1
BRH:0
end_of_record
TN:
SF:src\pages\Editor.tsx
FN:1,(anonymous_0)
FN:4,Editor
FNF:2
FNH:1
FNDA:5,(anonymous_0)
FNDA:0,Editor
DA:1,35
DA:5,0
DA:10,5
DA:11,5
LF:4
LH:3
BRDA:1,0,0,5
BRF:1
BRH:1
end_of_record
TN:
SF:src\pages\NotFound.tsx
FN:4,NotFound
FN:4,(anonymous_2)
FNF:2
FNH:0
FNDA:0,NotFound
FNDA:0,(anonymous_2)
DA:4,0
DA:5,5
DA:6,0
DA:19,5
DA:20,5
LF:5
LH:3
BRF:0
BRH:0
end_of_record
TN:
SF:src\pages\SignIn.tsx
FN:8,SignIn
FN:13,(anonymous_2)
FN:15,(anonymous_3)
FN:25,(anonymous_4)
FN:8,(anonymous_5)
FNF:5
FNH:2
FNDA:4,SignIn
FNDA:0,(anonymous_2)
FNDA:0,(anonymous_3)
FNDA:0,(anonymous_4)
FNDA:1,(anonymous_5)
DA:8,4
DA:9,4
DA:10,4
DA:11,5
DA:13,4
DA:14,0
DA:16,0
DA:17,0
DA:26,0
DA:36,4
DA:39,5
DA:41,5
LF:12
LH:8
BRF:0
BRH:0
end_of_record
TN:
SF:src\pages\SignUp.tsx
FN:8,SignUp
FN:13,(anonymous_2)
FN:15,(anonymous_3)
FN:25,(anonymous_4)
FN:8,(anonymous_5)
FNF:5
FNH:3
FNDA:8,SignUp
FNDA:1,(anonymous_2)
FNDA:0,(anonymous_3)
FNDA:0,(anonymous_4)
FNDA:2,(anonymous_5)
DA:8,8
DA:9,8
DA:10,8
DA:11,8
DA:13,8
DA:14,1
DA:16,0
DA:17,0
DA:26,0
DA:35,8
DA:38,5
DA:40,5
LF:12
LH:9
BRF:0
BRH:0
end_of_record
TN:
SF:src\pages\WelcomePage.tsx
FN:10,(anonymous_1)
FN:10,(anonymous_2)
FNF:2
FNH:2
FNDA:46,(anonymous_1)
FNDA:5,(anonymous_2)
DA:10,46
DA:11,46
DA:12,46
DA:13,46
DA:14,46
DA:15,46
DA:17,46
DA:19,46
DA:229,5
LF:9
LH:9
BRDA:33,0,0,0
BRDA:33,0,1,46
BRDA:37,1,0,0
BRDA:37,1,1,46
BRDA:52,2,0,46
BRDA:52,2,1,46
BRDA:80,3,0,46
BRDA:80,3,1,46
BRDA:107,4,0,46
BRDA:107,4,1,46
BRDA:136,5,0,0
BRDA:136,5,1,46
BRDA:142,6,0,0
BRDA:142,6,1,46
BRDA:148,7,0,46
BRDA:148,7,1,46
BRDA:154,8,0,0
BRDA:154,8,1,46
BRDA:181,9,0,0
BRDA:181,9,1,46
BRDA:213,10,0,0
BRDA:213,10,1,46
BRDA:218,11,0,0
BRDA:218,11,1,46
BRF:24
BRH:16
end_of_record
TN:
SF:src\routes\route.tsx
FN:1,(anonymous_0)
FN:12,Router
FNF:2
FNH:2
FNDA:5,(anonymous_0)
FNDA:10,Router
DA:1,35
DA:13,10
DA:47,5
DA:48,5
LF:4
LH:4
BRDA:1,0,0,5
BRF:1
BRH:1
end_of_record
TN:
SF:src\style\CustomTheme.tsx
FNF:0
FNH:0
DA:3,5
LF:1
LH:1
BRF:0
BRH:0
end_of_record
TN:
SF:src\utils\firebase.ts
FNF:0
FNH:0
DA:4,5
DA:14,5
DA:15,5
LF:3
LH:3
BRF:0
BRH:0
end_of_record
TN:
SF:src\utils\request.ts
FN:3,makeRequest
FNF:1
FNH:0
FNDA:0,makeRequest
DA:1,5
DA:4,0
DA:5,0
DA:13,0
DA:15,0
LF:5
LH:1
BRDA:9,0,0,0
BRDA:9,0,1,0
BRDA:11,1,0,0
BRDA:11,1,1,0
BRF:4
BRH:0
end_of_record
TN:
SF:src\utils\validationJson.ts
FN:1,validationJSON
FNF:1
FNH:0
FNDA:0,validationJSON
DA:2,0
DA:3,0
DA:4,0
DA:5,0
DA:7,0
DA:8,0
DA:11,0
LF:7
LH:0
BRDA:5,0,0,0
BRDA:5,0,1,0
BRDA:7,1,0,0
BRF:3
BRH:0
end_of_record
